2020-02-19 23:39:38 [scrapy.utils.log] INFO: Scrapy 1.8.0 started (bot: scrapy_crawler)
2020-02-19 23:39:38 [scrapy.utils.log] INFO: Versions: lxml 4.5.0.0, libxml2 2.9.10, cssselect 1.1.0, parsel 1.5.2, w3lib 1.21.0, Twisted 19.10.0, Python 3.6.9 (default, Nov  7 2019, 10:44:02) - [GCC 8.3.0], pyOpenSSL 19.1.0 (OpenSSL 1.1.1d  10 Sep 2019), cryptography 2.8, Platform Linux-5.3.0-26-generic-x86_64-with-Ubuntu-18.04-bionic
2020-02-19 23:39:39 [scrapy.crawler] INFO: Overridden settings: {'BOT_NAME': 'scrapy_crawler', 'LOG_FILE': 'logs/default/headerspider/1557bed8537111ea88ccb8975a3b9510.log', 'NEWSPIDER_MODULE': 'scrapy_crawler.spiders', 'ROBOTSTXT_OBEY': True, 'SPIDER_MODULES': ['scrapy_crawler.spiders']}
2020-02-19 23:39:39 [scrapy.extensions.telnet] INFO: Telnet Password: 8f953f738ca05cba
2020-02-19 23:39:39 [scrapy.middleware] INFO: Enabled extensions:
['scrapy.extensions.corestats.CoreStats',
 'scrapy.extensions.telnet.TelnetConsole',
 'scrapy.extensions.memusage.MemoryUsage',
 'scrapy.extensions.logstats.LogStats']
2020-02-19 23:39:39 [scrapy.middleware] INFO: Enabled downloader middlewares:
['scrapy.downloadermiddlewares.robotstxt.RobotsTxtMiddleware',
 'scrapy.downloadermiddlewares.httpauth.HttpAuthMiddleware',
 'scrapy.downloadermiddlewares.downloadtimeout.DownloadTimeoutMiddleware',
 'scrapy.downloadermiddlewares.defaultheaders.DefaultHeadersMiddleware',
 'scrapy.downloadermiddlewares.useragent.UserAgentMiddleware',
 'scrapy.downloadermiddlewares.retry.RetryMiddleware',
 'scrapy.downloadermiddlewares.redirect.MetaRefreshMiddleware',
 'scrapy.downloadermiddlewares.httpcompression.HttpCompressionMiddleware',
 'scrapy.downloadermiddlewares.redirect.RedirectMiddleware',
 'scrapy.downloadermiddlewares.cookies.CookiesMiddleware',
 'scrapy.downloadermiddlewares.httpproxy.HttpProxyMiddleware',
 'scrapy.downloadermiddlewares.stats.DownloaderStats']
2020-02-19 23:39:39 [scrapy.middleware] INFO: Enabled spider middlewares:
['scrapy.spidermiddlewares.httperror.HttpErrorMiddleware',
 'scrapy.spidermiddlewares.offsite.OffsiteMiddleware',
 'scrapy.spidermiddlewares.referer.RefererMiddleware',
 'scrapy.spidermiddlewares.urllength.UrlLengthMiddleware',
 'scrapy.spidermiddlewares.depth.DepthMiddleware']
2020-02-19 23:39:39 [scrapy.middleware] INFO: Enabled item pipelines:
['scrapy_crawler.pipelines.ScrapyCrawlerPipeline']
2020-02-19 23:39:39 [scrapy.core.engine] INFO: Spider opened
2020-02-19 23:39:39 [scrapy.extensions.logstats] INFO: Crawled 0 pages (at 0 pages/min), scraped 0 items (at 0 items/min)
2020-02-19 23:39:39 [scrapy.extensions.telnet] INFO: Telnet console listening on 127.0.0.1:6023
2020-02-19 23:39:39 [scrapy.core.engine] DEBUG: Crawled (404) <GET http://quotes.toscrape.com/robots.txt> (referer: None)
2020-02-19 23:39:39 [scrapy.core.engine] DEBUG: Crawled (200) <GET http://quotes.toscrape.com/page/1/> (referer: None)
2020-02-19 23:39:39 [scrapy.spidermiddlewares.offsite] DEBUG: Filtered offsite request to 'www.goodreads.com': <GET https://www.goodreads.com/quotes>
2020-02-19 23:39:39 [scrapy.spidermiddlewares.offsite] DEBUG: Filtered offsite request to 'scrapinghub.com': <GET https://scrapinghub.com>
2020-02-19 23:39:39 [scrapy.core.engine] DEBUG: Crawled (200) <GET http://quotes.toscrape.com/> (referer: http://quotes.toscrape.com/page/1/)
2020-02-19 23:39:40 [scrapy.core.scraper] DEBUG: Scraped from <200 http://quotes.toscrape.com/>
{'response': []}
2020-02-19 23:39:40 [scrapy.core.engine] DEBUG: Crawled (200) <GET http://quotes.toscrape.com/page/2/> (referer: http://quotes.toscrape.com/page/1/)
2020-02-19 23:39:40 [scrapy.downloadermiddlewares.redirect] DEBUG: Redirecting (301) to <GET http://quotes.toscrape.com/author/Eleanor-Roosevelt/> from <GET http://quotes.toscrape.com/author/Eleanor-Roosevelt>
2020-02-19 23:39:40 [scrapy.downloadermiddlewares.redirect] DEBUG: Redirecting (301) to <GET http://quotes.toscrape.com/author/Steve-Martin/> from <GET http://quotes.toscrape.com/author/Steve-Martin>
2020-02-19 23:39:40 [scrapy.core.engine] DEBUG: Crawled (200) <GET http://quotes.toscrape.com/tag/paraphrased/page/1/> (referer: http://quotes.toscrape.com/page/1/)
2020-02-19 23:39:40 [scrapy.core.engine] DEBUG: Crawled (200) <GET http://quotes.toscrape.com/tag/misattributed-eleanor-roosevelt/page/1/> (referer: http://quotes.toscrape.com/page/1/)
2020-02-19 23:39:40 [scrapy.core.engine] DEBUG: Crawled (200) <GET http://quotes.toscrape.com/tag/simile/page/1/> (referer: http://quotes.toscrape.com/page/1/)
2020-02-19 23:39:40 [scrapy.core.engine] DEBUG: Crawled (200) <GET http://quotes.toscrape.com/tag/obvious/page/1/> (referer: http://quotes.toscrape.com/page/1/)
2020-02-19 23:39:40 [scrapy.core.engine] DEBUG: Crawled (200) <GET http://quotes.toscrape.com/tag/failure/page/1/> (referer: http://quotes.toscrape.com/page/1/)
2020-02-19 23:39:40 [scrapy.core.scraper] DEBUG: Scraped from <200 http://quotes.toscrape.com/page/2/>
{'response': []}
2020-02-19 23:39:40 [scrapy.core.scraper] DEBUG: Scraped from <200 http://quotes.toscrape.com/tag/paraphrased/page/1/>
{'response': []}
2020-02-19 23:39:40 [scrapy.core.scraper] DEBUG: Scraped from <200 http://quotes.toscrape.com/tag/misattributed-eleanor-roosevelt/page/1/>
{'response': []}
2020-02-19 23:39:40 [scrapy.core.scraper] DEBUG: Scraped from <200 http://quotes.toscrape.com/tag/simile/page/1/>
{'response': []}
2020-02-19 23:39:40 [scrapy.core.scraper] DEBUG: Scraped from <200 http://quotes.toscrape.com/tag/obvious/page/1/>
{'response': []}
2020-02-19 23:39:40 [scrapy.core.scraper] DEBUG: Scraped from <200 http://quotes.toscrape.com/tag/failure/page/1/>
{'response': []}
2020-02-19 23:39:40 [scrapy.core.engine] DEBUG: Crawled (200) <GET http://quotes.toscrape.com/tag/edison/page/1/> (referer: http://quotes.toscrape.com/page/1/)
2020-02-19 23:39:40 [scrapy.downloadermiddlewares.redirect] DEBUG: Redirecting (301) to <GET http://quotes.toscrape.com/author/Thomas-A-Edison/> from <GET http://quotes.toscrape.com/author/Thomas-A-Edison>
2020-02-19 23:39:40 [scrapy.core.engine] DEBUG: Crawled (200) <GET http://quotes.toscrape.com/tag/love/page/1/> (referer: http://quotes.toscrape.com/page/1/)
2020-02-19 23:39:40 [scrapy.downloadermiddlewares.redirect] DEBUG: Redirecting (301) to <GET http://quotes.toscrape.com/author/Andre-Gide/> from <GET http://quotes.toscrape.com/author/Andre-Gide>
2020-02-19 23:39:40 [scrapy.core.engine] DEBUG: Crawled (200) <GET http://quotes.toscrape.com/tag/value/page/1/> (referer: http://quotes.toscrape.com/page/1/)
2020-02-19 23:39:40 [scrapy.core.engine] DEBUG: Crawled (200) <GET http://quotes.toscrape.com/tag/success/page/1/> (referer: http://quotes.toscrape.com/page/1/)
2020-02-19 23:39:40 [scrapy.core.engine] DEBUG: Crawled (200) <GET http://quotes.toscrape.com/tag/adulthood/page/1/> (referer: http://quotes.toscrape.com/page/1/)
2020-02-19 23:39:40 [scrapy.core.engine] DEBUG: Crawled (200) <GET http://quotes.toscrape.com/tag/simile/> (referer: http://quotes.toscrape.com/page/1/)
2020-02-19 23:39:40 [scrapy.core.scraper] DEBUG: Scraped from <200 http://quotes.toscrape.com/tag/edison/page/1/>
{'response': []}
2020-02-19 23:39:40 [scrapy.core.scraper] DEBUG: Scraped from <200 http://quotes.toscrape.com/tag/love/page/1/>
{'response': []}
2020-02-19 23:39:40 [scrapy.core.scraper] DEBUG: Scraped from <200 http://quotes.toscrape.com/tag/value/page/1/>
{'response': []}
2020-02-19 23:39:40 [scrapy.core.scraper] DEBUG: Scraped from <200 http://quotes.toscrape.com/tag/success/page/1/>
{'response': []}
2020-02-19 23:39:40 [scrapy.core.scraper] DEBUG: Scraped from <200 http://quotes.toscrape.com/tag/adulthood/page/1/>
{'response': []}
2020-02-19 23:39:40 [scrapy.core.scraper] DEBUG: Scraped from <200 http://quotes.toscrape.com/tag/simile/>
{'response': []}
2020-02-19 23:39:40 [scrapy.core.engine] DEBUG: Crawled (200) <GET http://quotes.toscrape.com/tag/truth/> (referer: http://quotes.toscrape.com/page/1/)
2020-02-19 23:39:40 [scrapy.core.engine] DEBUG: Crawled (200) <GET http://quotes.toscrape.com/author/Steve-Martin/> (referer: http://quotes.toscrape.com/page/1/)
2020-02-19 23:39:40 [scrapy.core.engine] DEBUG: Crawled (200) <GET http://quotes.toscrape.com/author/Eleanor-Roosevelt/> (referer: http://quotes.toscrape.com/page/1/)
2020-02-19 23:39:40 [scrapy.core.engine] DEBUG: Crawled (200) <GET http://quotes.toscrape.com/tag/friends/> (referer: http://quotes.toscrape.com/page/1/)
2020-02-19 23:39:40 [scrapy.core.engine] DEBUG: Crawled (200) <GET http://quotes.toscrape.com/tag/reading/> (referer: http://quotes.toscrape.com/page/1/)
2020-02-19 23:39:40 [scrapy.core.engine] DEBUG: Crawled (200) <GET http://quotes.toscrape.com/tag/friendship/> (referer: http://quotes.toscrape.com/page/1/)
2020-02-19 23:39:40 [scrapy.core.engine] DEBUG: Crawled (200) <GET http://quotes.toscrape.com/tag/books/> (referer: http://quotes.toscrape.com/page/1/)
2020-02-19 23:39:40 [scrapy.core.engine] DEBUG: Crawled (200) <GET http://quotes.toscrape.com/tag/humor/> (referer: http://quotes.toscrape.com/page/1/)
2020-02-19 23:39:40 [scrapy.core.scraper] DEBUG: Scraped from <200 http://quotes.toscrape.com/tag/truth/>
{'response': []}
2020-02-19 23:39:40 [scrapy.core.scraper] DEBUG: Scraped from <200 http://quotes.toscrape.com/author/Steve-Martin/>
{'response': []}
2020-02-19 23:39:40 [scrapy.core.scraper] DEBUG: Scraped from <200 http://quotes.toscrape.com/author/Eleanor-Roosevelt/>
{'response': []}
2020-02-19 23:39:40 [scrapy.core.scraper] DEBUG: Scraped from <200 http://quotes.toscrape.com/tag/friends/>
{'response': []}
2020-02-19 23:39:40 [scrapy.core.scraper] DEBUG: Scraped from <200 http://quotes.toscrape.com/tag/reading/>
{'response': []}
2020-02-19 23:39:40 [scrapy.core.scraper] DEBUG: Scraped from <200 http://quotes.toscrape.com/tag/friendship/>
{'response': []}
2020-02-19 23:39:40 [scrapy.core.scraper] DEBUG: Scraped from <200 http://quotes.toscrape.com/tag/books/>
{'response': []}
2020-02-19 23:39:40 [scrapy.core.scraper] DEBUG: Scraped from <200 http://quotes.toscrape.com/tag/humor/>
{'response': []}
2020-02-19 23:39:40 [scrapy.core.engine] DEBUG: Crawled (200) <GET http://quotes.toscrape.com/tag/life/> (referer: http://quotes.toscrape.com/page/1/)
2020-02-19 23:39:40 [scrapy.core.engine] DEBUG: Crawled (200) <GET http://quotes.toscrape.com/author/Thomas-A-Edison/> (referer: http://quotes.toscrape.com/page/1/)
2020-02-19 23:39:40 [scrapy.core.engine] DEBUG: Crawled (200) <GET http://quotes.toscrape.com/tag/inspirational/> (referer: http://quotes.toscrape.com/page/1/)
2020-02-19 23:39:40 [scrapy.core.engine] DEBUG: Crawled (200) <GET http://quotes.toscrape.com/author/Andre-Gide/> (referer: http://quotes.toscrape.com/page/1/)
2020-02-19 23:39:40 [scrapy.core.engine] DEBUG: Crawled (200) <GET http://quotes.toscrape.com/tag/love/> (referer: http://quotes.toscrape.com/page/1/)
2020-02-19 23:39:40 [scrapy.core.engine] DEBUG: Crawled (200) <GET http://quotes.toscrape.com/tag/be-yourself/page/1/> (referer: http://quotes.toscrape.com/page/1/)
2020-02-19 23:39:40 [scrapy.downloadermiddlewares.redirect] DEBUG: Redirecting (301) to <GET http://quotes.toscrape.com/author/Marilyn-Monroe/> from <GET http://quotes.toscrape.com/author/Marilyn-Monroe>
2020-02-19 23:39:40 [scrapy.core.engine] DEBUG: Crawled (200) <GET http://quotes.toscrape.com/tag/humor/page/1/> (referer: http://quotes.toscrape.com/page/1/)
2020-02-19 23:39:40 [scrapy.core.scraper] DEBUG: Scraped from <200 http://quotes.toscrape.com/tag/life/>
{'response': []}
2020-02-19 23:39:40 [scrapy.core.scraper] DEBUG: Scraped from <200 http://quotes.toscrape.com/author/Thomas-A-Edison/>
{'response': []}
2020-02-19 23:39:40 [scrapy.core.scraper] DEBUG: Scraped from <200 http://quotes.toscrape.com/tag/inspirational/>
{'response': []}
2020-02-19 23:39:40 [scrapy.core.scraper] DEBUG: Scraped from <200 http://quotes.toscrape.com/author/Andre-Gide/>
{'response': []}
2020-02-19 23:39:40 [scrapy.core.scraper] DEBUG: Scraped from <200 http://quotes.toscrape.com/tag/love/>
{'response': []}
2020-02-19 23:39:40 [scrapy.core.scraper] DEBUG: Scraped from <200 http://quotes.toscrape.com/tag/be-yourself/page/1/>
{'response': []}
2020-02-19 23:39:40 [scrapy.core.scraper] DEBUG: Scraped from <200 http://quotes.toscrape.com/tag/humor/page/1/>
{'response': []}
2020-02-19 23:39:40 [scrapy.core.engine] DEBUG: Crawled (200) <GET http://quotes.toscrape.com/tag/classic/page/1/> (referer: http://quotes.toscrape.com/page/1/)
2020-02-19 23:39:40 [scrapy.core.engine] DEBUG: Crawled (200) <GET http://quotes.toscrape.com/tag/books/page/1/> (referer: http://quotes.toscrape.com/page/1/)
2020-02-19 23:39:40 [scrapy.core.engine] DEBUG: Crawled (200) <GET http://quotes.toscrape.com/tag/aliteracy/page/1/> (referer: http://quotes.toscrape.com/page/1/)
2020-02-19 23:39:40 [scrapy.downloadermiddlewares.redirect] DEBUG: Redirecting (301) to <GET http://quotes.toscrape.com/author/Jane-Austen/> from <GET http://quotes.toscrape.com/author/Jane-Austen>
2020-02-19 23:39:40 [scrapy.core.engine] DEBUG: Crawled (200) <GET http://quotes.toscrape.com/tag/miracles/page/1/> (referer: http://quotes.toscrape.com/page/1/)
2020-02-19 23:39:40 [scrapy.core.engine] DEBUG: Crawled (200) <GET http://quotes.toscrape.com/tag/miracle/page/1/> (referer: http://quotes.toscrape.com/page/1/)
2020-02-19 23:39:40 [scrapy.core.engine] DEBUG: Crawled (200) <GET http://quotes.toscrape.com/tag/live/page/1/> (referer: http://quotes.toscrape.com/page/1/)
2020-02-19 23:39:40 [scrapy.core.engine] DEBUG: Crawled (200) <GET http://quotes.toscrape.com/tag/life/page/1/> (referer: http://quotes.toscrape.com/page/1/)
2020-02-19 23:39:40 [scrapy.core.scraper] DEBUG: Scraped from <200 http://quotes.toscrape.com/tag/classic/page/1/>
{'response': []}
2020-02-19 23:39:40 [scrapy.core.scraper] DEBUG: Scraped from <200 http://quotes.toscrape.com/tag/books/page/1/>
{'response': []}
2020-02-19 23:39:40 [scrapy.core.scraper] DEBUG: Scraped from <200 http://quotes.toscrape.com/tag/aliteracy/page/1/>
{'response': []}
2020-02-19 23:39:40 [scrapy.core.scraper] DEBUG: Scraped from <200 http://quotes.toscrape.com/tag/miracles/page/1/>
{'response': []}
2020-02-19 23:39:40 [scrapy.core.scraper] DEBUG: Scraped from <200 http://quotes.toscrape.com/tag/miracle/page/1/>
{'response': []}
2020-02-19 23:39:40 [scrapy.core.scraper] DEBUG: Scraped from <200 http://quotes.toscrape.com/tag/live/page/1/>
{'response': []}
2020-02-19 23:39:40 [scrapy.core.scraper] DEBUG: Scraped from <200 http://quotes.toscrape.com/tag/life/page/1/>
{'response': []}
2020-02-19 23:39:40 [scrapy.core.engine] DEBUG: Crawled (200) <GET http://quotes.toscrape.com/tag/inspirational/page/1/> (referer: http://quotes.toscrape.com/page/1/)
2020-02-19 23:39:40 [scrapy.core.engine] DEBUG: Crawled (200) <GET http://quotes.toscrape.com/tag/choices/page/1/> (referer: http://quotes.toscrape.com/page/1/)
2020-02-19 23:39:40 [scrapy.core.engine] DEBUG: Crawled (200) <GET http://quotes.toscrape.com/tag/abilities/page/1/> (referer: http://quotes.toscrape.com/page/1/)
2020-02-19 23:39:40 [scrapy.downloadermiddlewares.redirect] DEBUG: Redirecting (301) to <GET http://quotes.toscrape.com/author/J-K-Rowling/> from <GET http://quotes.toscrape.com/author/J-K-Rowling>
2020-02-19 23:39:40 [scrapy.core.engine] DEBUG: Crawled (200) <GET http://quotes.toscrape.com/tag/world/page/1/> (referer: http://quotes.toscrape.com/page/1/)
2020-02-19 23:39:40 [scrapy.core.engine] DEBUG: Crawled (200) <GET http://quotes.toscrape.com/author/Marilyn-Monroe/> (referer: http://quotes.toscrape.com/page/1/)
2020-02-19 23:39:40 [scrapy.core.engine] DEBUG: Crawled (200) <GET http://quotes.toscrape.com/tag/thinking/page/1/> (referer: http://quotes.toscrape.com/page/1/)
2020-02-19 23:39:40 [scrapy.core.engine] DEBUG: Crawled (200) <GET http://quotes.toscrape.com/tag/deep-thoughts/page/1/> (referer: http://quotes.toscrape.com/page/1/)
2020-02-19 23:39:40 [scrapy.core.scraper] DEBUG: Scraped from <200 http://quotes.toscrape.com/tag/inspirational/page/1/>
{'response': []}
2020-02-19 23:39:41 [scrapy.core.scraper] DEBUG: Scraped from <200 http://quotes.toscrape.com/tag/choices/page/1/>
{'response': []}
2020-02-19 23:39:41 [scrapy.core.scraper] DEBUG: Scraped from <200 http://quotes.toscrape.com/tag/abilities/page/1/>
{'response': []}
2020-02-19 23:39:41 [scrapy.core.scraper] DEBUG: Scraped from <200 http://quotes.toscrape.com/tag/world/page/1/>
{'response': []}
2020-02-19 23:39:41 [scrapy.core.scraper] DEBUG: Scraped from <200 http://quotes.toscrape.com/author/Marilyn-Monroe/>
{'response': []}
2020-02-19 23:39:41 [scrapy.core.scraper] DEBUG: Scraped from <200 http://quotes.toscrape.com/tag/thinking/page/1/>
{'response': []}
2020-02-19 23:39:41 [scrapy.core.scraper] DEBUG: Scraped from <200 http://quotes.toscrape.com/tag/deep-thoughts/page/1/>
{'response': []}
2020-02-19 23:39:41 [scrapy.core.engine] DEBUG: Crawled (200) <GET http://quotes.toscrape.com/tag/change/page/1/> (referer: http://quotes.toscrape.com/page/1/)
2020-02-19 23:39:41 [scrapy.downloadermiddlewares.redirect] DEBUG: Redirecting (301) to <GET http://quotes.toscrape.com/author/Albert-Einstein/> from <GET http://quotes.toscrape.com/author/Albert-Einstein>
2020-02-19 23:39:41 [scrapy.core.engine] DEBUG: Crawled (200) <GET http://quotes.toscrape.com/login> (referer: http://quotes.toscrape.com/page/1/)
2020-02-19 23:39:41 [scrapy.core.engine] DEBUG: Crawled (200) <GET http://quotes.toscrape.com/author/Jane-Austen/> (referer: http://quotes.toscrape.com/page/1/)
2020-02-19 23:39:41 [scrapy.core.engine] DEBUG: Crawled (200) <GET http://quotes.toscrape.com/author/J-K-Rowling/> (referer: http://quotes.toscrape.com/page/1/)
2020-02-19 23:39:41 [scrapy.core.scraper] DEBUG: Scraped from <200 http://quotes.toscrape.com/tag/change/page/1/>
{'response': []}
2020-02-19 23:39:41 [scrapy.core.scraper] DEBUG: Scraped from <200 http://quotes.toscrape.com/login>
{'response': []}
2020-02-19 23:39:41 [scrapy.core.scraper] DEBUG: Scraped from <200 http://quotes.toscrape.com/author/Jane-Austen/>
{'response': []}
2020-02-19 23:39:41 [scrapy.core.scraper] DEBUG: Scraped from <200 http://quotes.toscrape.com/author/J-K-Rowling/>
{'response': []}
2020-02-19 23:39:41 [scrapy.core.engine] DEBUG: Crawled (200) <GET http://quotes.toscrape.com/author/Albert-Einstein/> (referer: http://quotes.toscrape.com/page/1/)
2020-02-19 23:39:41 [scrapy.core.scraper] DEBUG: Scraped from <200 http://quotes.toscrape.com/author/Albert-Einstein/>
{'response': []}
2020-02-19 23:39:41 [scrapy.core.engine] INFO: Closing spider (finished)
2020-02-19 23:39:41 [scrapy.statscollectors] INFO: Dumping Scrapy stats:
{'downloader/request_bytes': 15902,
 'downloader/request_count': 57,
 'downloader/request_method_count/GET': 57,
 'downloader/response_bytes': 91986,
 'downloader/response_count': 57,
 'downloader/response_status_count/200': 48,
 'downloader/response_status_count/301': 8,
 'downloader/response_status_count/404': 1,
 'elapsed_time_seconds': 2.220104,
 'finish_reason': 'finished',
 'finish_time': datetime.datetime(2020, 2, 19, 23, 39, 41, 327131),
 'item_scraped_count': 47,
 'log_count/DEBUG': 106,
 'log_count/INFO': 10,
 'memusage/max': 70189056,
 'memusage/startup': 70189056,
 'offsite/domains': 2,
 'offsite/filtered': 2,
 'request_depth_max': 1,
 'response_received_count': 49,
 'robotstxt/request_count': 1,
 'robotstxt/response_count': 1,
 'robotstxt/response_status_count/404': 1,
 'scheduler/dequeued': 56,
 'scheduler/dequeued/memory': 56,
 'scheduler/enqueued': 56,
 'scheduler/enqueued/memory': 56,
 'start_time': datetime.datetime(2020, 2, 19, 23, 39, 39, 107027)}
2020-02-19 23:39:41 [scrapy.core.engine] INFO: Spider closed (finished)
