2020-02-19 23:25:33 [scrapy.utils.log] INFO: Scrapy 1.8.0 started (bot: scrapy_crawler)
2020-02-19 23:25:33 [scrapy.utils.log] INFO: Versions: lxml 4.5.0.0, libxml2 2.9.10, cssselect 1.1.0, parsel 1.5.2, w3lib 1.21.0, Twisted 19.10.0, Python 3.6.9 (default, Nov  7 2019, 10:44:02) - [GCC 8.3.0], pyOpenSSL 19.1.0 (OpenSSL 1.1.1d  10 Sep 2019), cryptography 2.8, Platform Linux-5.3.0-26-generic-x86_64-with-Ubuntu-18.04-bionic
2020-02-19 23:25:33 [scrapy.crawler] INFO: Overridden settings: {'BOT_NAME': 'scrapy_crawler', 'LOG_FILE': 'logs/default/headerspider/1d6849be536f11ea88ccb8975a3b9510.log', 'NEWSPIDER_MODULE': 'scrapy_crawler.spiders', 'ROBOTSTXT_OBEY': True, 'SPIDER_MODULES': ['scrapy_crawler.spiders']}
2020-02-19 23:25:33 [scrapy.extensions.telnet] INFO: Telnet Password: c23590bb4c581961
2020-02-19 23:25:33 [scrapy.middleware] INFO: Enabled extensions:
['scrapy.extensions.corestats.CoreStats',
 'scrapy.extensions.telnet.TelnetConsole',
 'scrapy.extensions.memusage.MemoryUsage',
 'scrapy.extensions.logstats.LogStats']
2020-02-19 23:25:33 [scrapy.middleware] INFO: Enabled downloader middlewares:
['scrapy.downloadermiddlewares.robotstxt.RobotsTxtMiddleware',
 'scrapy.downloadermiddlewares.httpauth.HttpAuthMiddleware',
 'scrapy.downloadermiddlewares.downloadtimeout.DownloadTimeoutMiddleware',
 'scrapy.downloadermiddlewares.defaultheaders.DefaultHeadersMiddleware',
 'scrapy.downloadermiddlewares.useragent.UserAgentMiddleware',
 'scrapy.downloadermiddlewares.retry.RetryMiddleware',
 'scrapy.downloadermiddlewares.redirect.MetaRefreshMiddleware',
 'scrapy.downloadermiddlewares.httpcompression.HttpCompressionMiddleware',
 'scrapy.downloadermiddlewares.redirect.RedirectMiddleware',
 'scrapy.downloadermiddlewares.cookies.CookiesMiddleware',
 'scrapy.downloadermiddlewares.httpproxy.HttpProxyMiddleware',
 'scrapy.downloadermiddlewares.stats.DownloaderStats']
2020-02-19 23:25:33 [scrapy.middleware] INFO: Enabled spider middlewares:
['scrapy.spidermiddlewares.httperror.HttpErrorMiddleware',
 'scrapy.spidermiddlewares.offsite.OffsiteMiddleware',
 'scrapy.spidermiddlewares.referer.RefererMiddleware',
 'scrapy.spidermiddlewares.urllength.UrlLengthMiddleware',
 'scrapy.spidermiddlewares.depth.DepthMiddleware']
2020-02-19 23:25:33 [scrapy.middleware] INFO: Enabled item pipelines:
['scrapy_crawler.pipelines.ScrapyCrawlerPipeline']
2020-02-19 23:25:33 [scrapy.core.engine] INFO: Spider opened
2020-02-19 23:25:33 [scrapy.extensions.logstats] INFO: Crawled 0 pages (at 0 pages/min), scraped 0 items (at 0 items/min)
2020-02-19 23:25:33 [scrapy.extensions.telnet] INFO: Telnet console listening on 127.0.0.1:6023
2020-02-19 23:25:33 [scrapy.core.engine] DEBUG: Crawled (200) <GET https://www.w3schools.com/robots.txt> (referer: None)
2020-02-19 23:25:33 [scrapy.core.engine] DEBUG: Crawled (200) <GET https://www.w3schools.com/tags/tag_hn.asp> (referer: None)
2020-02-19 23:25:33 [scrapy.core.engine] DEBUG: Crawled (200) <GET https://www.w3schools.com> (referer: https://www.w3schools.com/tags/tag_hn.asp)
2020-02-19 23:25:34 [scrapy.core.engine] DEBUG: Crawled (200) <GET https://www.w3schools.com/react/default.asp> (referer: https://www.w3schools.com/tags/tag_hn.asp)
2020-02-19 23:25:34 [scrapy.core.engine] DEBUG: Crawled (200) <GET https://www.w3schools.com/xml/xquery_intro.asp> (referer: https://www.w3schools.com/tags/tag_hn.asp)
2020-02-19 23:25:34 [scrapy.core.scraper] DEBUG: Scraped from <200 https://www.w3schools.com>
{'response': []}
2020-02-19 23:25:34 [scrapy.core.engine] DEBUG: Crawled (200) <GET https://www.w3schools.com/js/js_ajax_intro.asp> (referer: https://www.w3schools.com/tags/tag_hn.asp)
2020-02-19 23:25:34 [scrapy.core.engine] DEBUG: Crawled (200) <GET https://www.w3schools.com/js/js_json_intro.asp> (referer: https://www.w3schools.com/tags/tag_hn.asp)
2020-02-19 23:25:34 [scrapy.core.engine] DEBUG: Crawled (200) <GET https://www.w3schools.com/cpp/default.asp> (referer: https://www.w3schools.com/tags/tag_hn.asp)
2020-02-19 23:25:34 [scrapy.core.engine] DEBUG: Crawled (200) <GET https://www.w3schools.com/cs/default.asp> (referer: https://www.w3schools.com/tags/tag_hn.asp)
2020-02-19 23:25:34 [scrapy.core.engine] DEBUG: Crawled (200) <GET https://www.w3schools.com/angular/default.asp> (referer: https://www.w3schools.com/tags/tag_hn.asp)
2020-02-19 23:25:34 [scrapy.core.engine] DEBUG: Crawled (200) <GET https://www.w3schools.com/xml/xpath_intro.asp> (referer: https://www.w3schools.com/tags/tag_hn.asp)
2020-02-19 23:25:34 [scrapy.core.engine] DEBUG: Crawled (200) <GET https://www.w3schools.com/python/python_ml_getting_started.asp> (referer: https://www.w3schools.com/tags/tag_hn.asp)
2020-02-19 23:25:34 [scrapy.core.scraper] DEBUG: Scraped from <200 https://www.w3schools.com/react/default.asp>
{'response': []}
2020-02-19 23:25:34 [scrapy.core.scraper] DEBUG: Scraped from <200 https://www.w3schools.com/xml/xquery_intro.asp>
{'response': []}
2020-02-19 23:25:34 [scrapy.core.scraper] DEBUG: Scraped from <200 https://www.w3schools.com/js/js_ajax_intro.asp>
{'response': []}
2020-02-19 23:25:34 [scrapy.core.engine] DEBUG: Crawled (200) <GET https://www.w3schools.com/xml/ajax_intro.asp> (referer: https://www.w3schools.com/tags/tag_hn.asp)
2020-02-19 23:25:34 [scrapy.core.engine] DEBUG: Crawled (200) <GET https://www.w3schools.com/tags/tag_iframe.asp> (referer: https://www.w3schools.com/tags/tag_hn.asp)
2020-02-19 23:25:34 [scrapy.core.engine] DEBUG: Crawled (200) <GET https://www.w3schools.com/xml/xsl_elementref.asp> (referer: https://www.w3schools.com/tags/tag_hn.asp)
2020-02-19 23:25:34 [scrapy.core.engine] DEBUG: Crawled (200) <GET https://www.w3schools.com/xml/xml_dtd_intro.asp> (referer: https://www.w3schools.com/tags/tag_hn.asp)
2020-02-19 23:25:34 [scrapy.core.engine] DEBUG: Crawled (200) <GET https://www.w3schools.com/xml/dom_intro.asp> (referer: https://www.w3schools.com/tags/tag_hn.asp)
2020-02-19 23:25:34 [scrapy.core.scraper] DEBUG: Scraped from <200 https://www.w3schools.com/js/js_json_intro.asp>
{'response': []}
2020-02-19 23:25:34 [scrapy.core.engine] DEBUG: Crawled (200) <GET https://www.w3schools.com/html/html_examples.asp> (referer: https://www.w3schools.com/tags/tag_hn.asp)
2020-02-19 23:25:34 [scrapy.core.engine] DEBUG: Crawled (200) <GET https://www.w3schools.com/w3js/default.asp> (referer: https://www.w3schools.com/tags/tag_hn.asp)
2020-02-19 23:25:34 [scrapy.core.engine] DEBUG: Crawled (200) <GET https://www.w3schools.com/xml/schema_intro.asp> (referer: https://www.w3schools.com/tags/tag_hn.asp)
2020-02-19 23:25:34 [scrapy.core.scraper] DEBUG: Scraped from <200 https://www.w3schools.com/cpp/default.asp>
{'response': []}
2020-02-19 23:25:34 [scrapy.core.scraper] DEBUG: Scraped from <200 https://www.w3schools.com/cs/default.asp>
{'response': []}
2020-02-19 23:25:34 [scrapy.core.scraper] DEBUG: Scraped from <200 https://www.w3schools.com/angular/default.asp>
{'response': []}
2020-02-19 23:25:34 [scrapy.core.scraper] DEBUG: Scraped from <200 https://www.w3schools.com/xml/xpath_intro.asp>
{'response': []}
2020-02-19 23:25:34 [scrapy.core.engine] DEBUG: Crawled (200) <GET https://www.w3schools.com/about/about_copyright.asp> (referer: https://www.w3schools.com/tags/tag_hn.asp)
2020-02-19 23:25:34 [scrapy.core.engine] DEBUG: Crawled (200) <GET https://www.w3schools.com/xml/xsl_intro.asp> (referer: https://www.w3schools.com/tags/tag_hn.asp)
2020-02-19 23:25:34 [scrapy.core.scraper] DEBUG: Scraped from <200 https://www.w3schools.com/python/python_ml_getting_started.asp>
{'response': []}
2020-02-19 23:25:34 [scrapy.core.scraper] DEBUG: Scraped from <200 https://www.w3schools.com/xml/ajax_intro.asp>
{'response': []}
2020-02-19 23:25:34 [scrapy.core.engine] DEBUG: Crawled (200) <GET https://www.w3schools.com/w3css/> (referer: https://www.w3schools.com/tags/tag_hn.asp)
2020-02-19 23:25:34 [scrapy.core.scraper] DEBUG: Scraped from <200 https://www.w3schools.com/tags/tag_iframe.asp>
{'response': []}
2020-02-19 23:25:34 [scrapy.core.scraper] DEBUG: Scraped from <200 https://www.w3schools.com/xml/xsl_elementref.asp>
{'response': []}
2020-02-19 23:25:34 [scrapy.core.scraper] DEBUG: Scraped from <200 https://www.w3schools.com/xml/xml_dtd_intro.asp>
{'response': []}
2020-02-19 23:25:34 [scrapy.core.scraper] DEBUG: Scraped from <200 https://www.w3schools.com/xml/dom_intro.asp>
{'response': []}
2020-02-19 23:25:34 [scrapy.core.engine] DEBUG: Crawled (200) <GET https://www.w3schools.com/php/php_examples.asp> (referer: https://www.w3schools.com/tags/tag_hn.asp)
2020-02-19 23:25:34 [scrapy.core.engine] DEBUG: Crawled (200) <GET https://www.w3schools.com/jquery/jquery_examples.asp> (referer: https://www.w3schools.com/tags/tag_hn.asp)
2020-02-19 23:25:34 [scrapy.core.scraper] DEBUG: Scraped from <200 https://www.w3schools.com/html/html_examples.asp>
{'response': []}
2020-02-19 23:25:34 [scrapy.core.scraper] DEBUG: Scraped from <200 https://www.w3schools.com/w3js/default.asp>
{'response': []}
2020-02-19 23:25:34 [scrapy.core.engine] DEBUG: Crawled (200) <GET https://www.w3schools.com/w3css/w3css_examples.asp> (referer: https://www.w3schools.com/tags/tag_hn.asp)
2020-02-19 23:25:34 [scrapy.core.engine] DEBUG: Crawled (200) <GET https://www.w3schools.com/xml/xml_examples.asp> (referer: https://www.w3schools.com/tags/tag_hn.asp)
2020-02-19 23:25:34 [scrapy.core.scraper] DEBUG: Scraped from <200 https://www.w3schools.com/xml/schema_intro.asp>
{'response': []}
2020-02-19 23:25:34 [scrapy.core.scraper] DEBUG: Scraped from <200 https://www.w3schools.com/about/about_copyright.asp>
{'response': []}
2020-02-19 23:25:34 [scrapy.core.engine] DEBUG: Crawled (200) <GET https://www.w3schools.com/js/js_examples.asp> (referer: https://www.w3schools.com/tags/tag_hn.asp)
2020-02-19 23:25:34 [scrapy.core.engine] DEBUG: Crawled (200) <GET https://www.w3schools.com/python/python_examples.asp> (referer: https://www.w3schools.com/tags/tag_hn.asp)
2020-02-19 23:25:34 [scrapy.core.engine] DEBUG: Crawled (200) <GET https://www.w3schools.com/java/java_examples.asp> (referer: https://www.w3schools.com/tags/tag_hn.asp)
2020-02-19 23:25:34 [scrapy.core.scraper] DEBUG: Scraped from <200 https://www.w3schools.com/xml/xsl_intro.asp>
{'response': []}
2020-02-19 23:25:34 [scrapy.core.scraper] DEBUG: Scraped from <200 https://www.w3schools.com/w3css/>
{'response': []}
2020-02-19 23:25:34 [scrapy.core.engine] DEBUG: Crawled (200) <GET https://www.w3schools.com/css/css_examples.asp> (referer: https://www.w3schools.com/tags/tag_hn.asp)
2020-02-19 23:25:34 [scrapy.core.engine] DEBUG: Crawled (200) <GET https://www.w3schools.com/colors/colors_names.asp> (referer: https://www.w3schools.com/tags/tag_hn.asp)
2020-02-19 23:25:34 [scrapy.core.engine] DEBUG: Crawled (200) <GET https://www.w3schools.com/about/about_privacy.asp> (referer: https://www.w3schools.com/tags/tag_hn.asp)
2020-02-19 23:25:34 [scrapy.core.engine] DEBUG: Crawled (200) <GET https://www.w3schools.com/bootstrap/bootstrap_examples.asp> (referer: https://www.w3schools.com/tags/tag_hn.asp)
2020-02-19 23:25:34 [scrapy.core.scraper] DEBUG: Scraped from <200 https://www.w3schools.com/php/php_examples.asp>
{'response': []}
2020-02-19 23:25:34 [scrapy.core.scraper] DEBUG: Scraped from <200 https://www.w3schools.com/jquery/jquery_examples.asp>
{'response': []}
2020-02-19 23:25:34 [scrapy.core.engine] DEBUG: Crawled (200) <GET https://www.w3schools.com/sql/sql_examples.asp> (referer: https://www.w3schools.com/tags/tag_hn.asp)
2020-02-19 23:25:34 [scrapy.core.scraper] DEBUG: Scraped from <200 https://www.w3schools.com/w3css/w3css_examples.asp>
{'response': []}
2020-02-19 23:25:34 [scrapy.core.scraper] DEBUG: Scraped from <200 https://www.w3schools.com/xml/xml_examples.asp>
{'response': []}
2020-02-19 23:25:34 [scrapy.core.engine] DEBUG: Crawled (200) <GET https://www.w3schools.com/howto/howto_css_tooltip.asp> (referer: https://www.w3schools.com/tags/tag_hn.asp)
2020-02-19 23:25:34 [scrapy.core.engine] DEBUG: Crawled (200) <GET https://www.w3schools.com/howto/howto_js_rangeslider.asp> (referer: https://www.w3schools.com/tags/tag_hn.asp)
2020-02-19 23:25:34 [scrapy.core.scraper] DEBUG: Scraped from <200 https://www.w3schools.com/js/js_examples.asp>
{'response': []}
2020-02-19 23:25:34 [scrapy.core.scraper] DEBUG: Scraped from <200 https://www.w3schools.com/python/python_examples.asp>
{'response': []}
2020-02-19 23:25:34 [scrapy.core.scraper] DEBUG: Scraped from <200 https://www.w3schools.com/java/java_examples.asp>
{'response': []}
2020-02-19 23:25:34 [scrapy.core.engine] DEBUG: Crawled (200) <GET https://www.w3schools.com/about/default.asp> (referer: https://www.w3schools.com/tags/tag_hn.asp)
2020-02-19 23:25:34 [scrapy.core.engine] DEBUG: Crawled (200) <GET https://www.w3schools.com/howto/howto_js_slideshow.asp> (referer: https://www.w3schools.com/tags/tag_hn.asp)
2020-02-19 23:25:34 [scrapy.core.scraper] DEBUG: Scraped from <200 https://www.w3schools.com/css/css_examples.asp>
{'response': []}
2020-02-19 23:25:34 [scrapy.core.scraper] DEBUG: Scraped from <200 https://www.w3schools.com/colors/colors_names.asp>
{'response': []}
2020-02-19 23:25:34 [scrapy.downloadermiddlewares.redirect] DEBUG: Redirecting (301) to <GET https://www.w3schools.com/cert/cert_html_new.asp> from <GET https://www.w3schools.com/cert/cert_html.asp>
2020-02-19 23:25:34 [scrapy.dupefilters] DEBUG: Filtered duplicate request: <GET https://www.w3schools.com/cert/cert_html_new.asp> - no more duplicates will be shown (see DUPEFILTER_DEBUG to show all duplicates)
2020-02-19 23:25:34 [scrapy.core.scraper] DEBUG: Scraped from <200 https://www.w3schools.com/about/about_privacy.asp>
{'response': []}
2020-02-19 23:25:34 [scrapy.core.scraper] DEBUG: Scraped from <200 https://www.w3schools.com/bootstrap/bootstrap_examples.asp>
{'response': []}
2020-02-19 23:25:34 [scrapy.core.scraper] DEBUG: Scraped from <200 https://www.w3schools.com/sql/sql_examples.asp>
{'response': []}
2020-02-19 23:25:34 [scrapy.core.engine] DEBUG: Crawled (200) <GET https://www.w3schools.com/howto/howto_css_parallax.asp> (referer: https://www.w3schools.com/tags/tag_hn.asp)
2020-02-19 23:25:34 [scrapy.core.engine] DEBUG: Crawled (200) <GET https://www.w3schools.com/howto/howto_js_sort_list.asp> (referer: https://www.w3schools.com/tags/tag_hn.asp)
2020-02-19 23:25:34 [scrapy.core.engine] DEBUG: Crawled (200) <GET https://www.w3schools.com/howto/howto_js_filter_lists.asp> (referer: https://www.w3schools.com/tags/tag_hn.asp)
2020-02-19 23:25:34 [scrapy.core.engine] DEBUG: Crawled (200) <GET https://www.w3schools.com/howto/howto_css_login_form.asp> (referer: https://www.w3schools.com/tags/tag_hn.asp)
2020-02-19 23:25:34 [scrapy.core.scraper] DEBUG: Scraped from <200 https://www.w3schools.com/howto/howto_css_tooltip.asp>
{'response': []}
2020-02-19 23:25:34 [scrapy.core.engine] DEBUG: Crawled (200) <GET https://www.w3schools.com/howto/howto_css_modals.asp> (referer: https://www.w3schools.com/tags/tag_hn.asp)
2020-02-19 23:25:34 [scrapy.core.engine] DEBUG: Crawled (200) <GET https://www.w3schools.com/howto/howto_js_progressbar.asp> (referer: https://www.w3schools.com/tags/tag_hn.asp)
2020-02-19 23:25:34 [scrapy.core.scraper] DEBUG: Scraped from <200 https://www.w3schools.com/howto/howto_js_rangeslider.asp>
{'response': []}
2020-02-19 23:25:34 [scrapy.core.scraper] DEBUG: Scraped from <200 https://www.w3schools.com/about/default.asp>
{'response': []}
2020-02-19 23:25:34 [scrapy.core.scraper] DEBUG: Scraped from <200 https://www.w3schools.com/howto/howto_js_slideshow.asp>
{'response': []}
2020-02-19 23:25:35 [scrapy.core.engine] DEBUG: Crawled (200) <GET https://www.w3schools.com/howto/howto_css_dropdown.asp> (referer: https://www.w3schools.com/tags/tag_hn.asp)
2020-02-19 23:25:35 [scrapy.core.engine] DEBUG: Crawled (200) <GET https://www.w3schools.com/howto/howto_html_include.asp> (referer: https://www.w3schools.com/tags/tag_hn.asp)
2020-02-19 23:25:35 [scrapy.core.engine] DEBUG: Crawled (200) <GET https://www.w3schools.com/howto/howto_js_tabs.asp> (referer: https://www.w3schools.com/tags/tag_hn.asp)
2020-02-19 23:25:35 [scrapy.core.engine] DEBUG: Crawled (200) <GET https://www.w3schools.com/howto/howto_js_topnav.asp> (referer: https://www.w3schools.com/tags/tag_hn.asp)
2020-02-19 23:25:35 [scrapy.core.engine] DEBUG: Crawled (200) <GET https://www.w3schools.com/howto/howto_js_sidenav.asp> (referer: https://www.w3schools.com/tags/tag_hn.asp)
2020-02-19 23:25:35 [scrapy.core.engine] DEBUG: Crawled (200) <GET https://www.w3schools.com/howto/howto_js_accordion.asp> (referer: https://www.w3schools.com/tags/tag_hn.asp)
2020-02-19 23:25:35 [scrapy.core.scraper] DEBUG: Scraped from <200 https://www.w3schools.com/howto/howto_css_parallax.asp>
{'response': []}
2020-02-19 23:25:35 [scrapy.core.scraper] DEBUG: Scraped from <200 https://www.w3schools.com/howto/howto_js_sort_list.asp>
{'response': []}
2020-02-19 23:25:35 [scrapy.core.scraper] DEBUG: Scraped from <200 https://www.w3schools.com/howto/howto_js_filter_lists.asp>
{'response': []}
2020-02-19 23:25:35 [scrapy.core.engine] DEBUG: Crawled (200) <GET https://www.w3schools.com/colors/colors_picker.asp> (referer: https://www.w3schools.com/tags/tag_hn.asp)
2020-02-19 23:25:35 [scrapy.core.scraper] DEBUG: Scraped from <200 https://www.w3schools.com/howto/howto_css_login_form.asp>
{'response': []}
2020-02-19 23:25:35 [scrapy.core.scraper] DEBUG: Scraped from <200 https://www.w3schools.com/howto/howto_css_modals.asp>
{'response': []}
2020-02-19 23:25:35 [scrapy.core.scraper] DEBUG: Scraped from <200 https://www.w3schools.com/howto/howto_js_progressbar.asp>
{'response': []}
2020-02-19 23:25:35 [scrapy.core.scraper] DEBUG: Scraped from <200 https://www.w3schools.com/howto/howto_css_dropdown.asp>
{'response': []}
2020-02-19 23:25:35 [scrapy.core.scraper] DEBUG: Scraped from <200 https://www.w3schools.com/howto/howto_html_include.asp>
{'response': []}
2020-02-19 23:25:35 [scrapy.core.engine] DEBUG: Crawled (200) <GET https://www.w3schools.com/tags/tryit.asp?filename=tryhtml_h6_default_css> (referer: https://www.w3schools.com/tags/tag_hn.asp)
2020-02-19 23:25:35 [scrapy.core.scraper] DEBUG: Scraped from <200 https://www.w3schools.com/howto/howto_js_tabs.asp>
{'response': []}
2020-02-19 23:25:35 [scrapy.core.engine] DEBUG: Crawled (200) <GET https://www.w3schools.com/jsref/dom_obj_heading.asp> (referer: https://www.w3schools.com/tags/tag_hn.asp)
2020-02-19 23:25:35 [scrapy.core.engine] DEBUG: Crawled (200) <GET https://www.w3schools.com/tags/tryit.asp?filename=tryhtml_h5_default_css> (referer: https://www.w3schools.com/tags/tag_hn.asp)
2020-02-19 23:25:35 [scrapy.core.engine] DEBUG: Crawled (200) <GET https://www.w3schools.com/tags/tryit.asp?filename=tryhtml_h3_default_css> (referer: https://www.w3schools.com/tags/tag_hn.asp)
2020-02-19 23:25:35 [scrapy.core.scraper] DEBUG: Scraped from <200 https://www.w3schools.com/howto/howto_js_topnav.asp>
{'response': []}
2020-02-19 23:25:35 [scrapy.core.scraper] DEBUG: Scraped from <200 https://www.w3schools.com/howto/howto_js_sidenav.asp>
{'response': []}
2020-02-19 23:25:35 [scrapy.core.engine] DEBUG: Crawled (200) <GET https://www.w3schools.com/html/html_headings.asp> (referer: https://www.w3schools.com/tags/tag_hn.asp)
2020-02-19 23:25:35 [scrapy.core.scraper] DEBUG: Scraped from <200 https://www.w3schools.com/howto/howto_js_accordion.asp>
{'response': []}
2020-02-19 23:25:35 [scrapy.core.scraper] DEBUG: Scraped from <200 https://www.w3schools.com/colors/colors_picker.asp>
{'response': []}
2020-02-19 23:25:35 [scrapy.core.engine] DEBUG: Crawled (200) <GET https://www.w3schools.com/tags/tryit.asp?filename=tryhtml_h2_default_css> (referer: https://www.w3schools.com/tags/tag_hn.asp)
2020-02-19 23:25:35 [scrapy.core.engine] DEBUG: Crawled (200) <GET https://www.w3schools.com/tags/tryit.asp?filename=tryhtml_h1_default_css> (referer: https://www.w3schools.com/tags/tag_hn.asp)
2020-02-19 23:25:35 [scrapy.core.engine] DEBUG: Crawled (200) <GET https://www.w3schools.com/tags/tryit.asp?filename=tryhtml_h4_default_css> (referer: https://www.w3schools.com/tags/tag_hn.asp)
2020-02-19 23:25:35 [scrapy.core.engine] DEBUG: Crawled (200) <GET https://www.w3schools.com/tags/att_hn_align.asp> (referer: https://www.w3schools.com/tags/tag_hn.asp)
2020-02-19 23:25:35 [scrapy.core.scraper] DEBUG: Scraped from <200 https://www.w3schools.com/tags/tryit.asp?filename=tryhtml_h6_default_css>
{'response': []}
2020-02-19 23:25:35 [scrapy.core.scraper] DEBUG: Scraped from <200 https://www.w3schools.com/jsref/dom_obj_heading.asp>
{'response': []}
2020-02-19 23:25:35 [scrapy.core.scraper] DEBUG: Scraped from <200 https://www.w3schools.com/tags/tryit.asp?filename=tryhtml_h5_default_css>
{'response': []}
2020-02-19 23:25:35 [scrapy.core.engine] DEBUG: Crawled (200) <GET https://www.w3schools.com/tags/tag_var.asp> (referer: https://www.w3schools.com/tags/tag_hn.asp)
2020-02-19 23:25:35 [scrapy.core.engine] DEBUG: Crawled (200) <GET https://www.w3schools.com/tags/tag_u.asp> (referer: https://www.w3schools.com/tags/tag_hn.asp)
2020-02-19 23:25:35 [scrapy.core.scraper] DEBUG: Scraped from <200 https://www.w3schools.com/tags/tryit.asp?filename=tryhtml_h3_default_css>
{'response': []}
2020-02-19 23:25:35 [scrapy.core.engine] DEBUG: Crawled (200) <GET https://www.w3schools.com/tags/tag_tt.asp> (referer: https://www.w3schools.com/tags/tag_hn.asp)
2020-02-19 23:25:35 [scrapy.core.engine] DEBUG: Crawled (200) <GET https://www.w3schools.com/tags/tryit.asp?filename=tryhtml_headers> (referer: https://www.w3schools.com/tags/tag_hn.asp)
2020-02-19 23:25:35 [scrapy.core.engine] DEBUG: Crawled (200) <GET https://www.w3schools.com/tags/tag_wbr.asp> (referer: https://www.w3schools.com/tags/tag_hn.asp)
2020-02-19 23:25:35 [scrapy.core.engine] DEBUG: Crawled (200) <GET https://www.w3schools.com/tags/tag_video.asp> (referer: https://www.w3schools.com/tags/tag_hn.asp)
2020-02-19 23:25:35 [scrapy.core.scraper] DEBUG: Scraped from <200 https://www.w3schools.com/html/html_headings.asp>
{'response': []}
2020-02-19 23:25:35 [scrapy.core.engine] DEBUG: Crawled (200) <GET https://www.w3schools.com/tags/tag_track.asp> (referer: https://www.w3schools.com/tags/tag_hn.asp)
2020-02-19 23:25:35 [scrapy.core.engine] DEBUG: Crawled (200) <GET https://www.w3schools.com/tags/tag_ul.asp> (referer: https://www.w3schools.com/tags/tag_hn.asp)
2020-02-19 23:25:35 [scrapy.core.scraper] DEBUG: Scraped from <200 https://www.w3schools.com/tags/tryit.asp?filename=tryhtml_h2_default_css>
{'response': []}
2020-02-19 23:25:35 [scrapy.core.scraper] DEBUG: Scraped from <200 https://www.w3schools.com/tags/tryit.asp?filename=tryhtml_h1_default_css>
{'response': []}
2020-02-19 23:25:35 [scrapy.core.scraper] DEBUG: Scraped from <200 https://www.w3schools.com/tags/tryit.asp?filename=tryhtml_h4_default_css>
{'response': []}
2020-02-19 23:25:35 [scrapy.core.scraper] DEBUG: Scraped from <200 https://www.w3schools.com/tags/att_hn_align.asp>
{'response': []}
2020-02-19 23:25:35 [scrapy.core.scraper] DEBUG: Scraped from <200 https://www.w3schools.com/tags/tag_var.asp>
{'response': []}
2020-02-19 23:25:35 [scrapy.core.scraper] DEBUG: Scraped from <200 https://www.w3schools.com/tags/tag_u.asp>
{'response': []}
2020-02-19 23:25:35 [scrapy.core.engine] DEBUG: Crawled (200) <GET https://www.w3schools.com/tags/tag_time.asp> (referer: https://www.w3schools.com/tags/tag_hn.asp)
2020-02-19 23:25:35 [scrapy.core.engine] DEBUG: Crawled (200) <GET https://www.w3schools.com/tags/tag_title.asp> (referer: https://www.w3schools.com/tags/tag_hn.asp)
2020-02-19 23:25:35 [scrapy.core.scraper] DEBUG: Scraped from <200 https://www.w3schools.com/tags/tag_tt.asp>
{'response': []}
2020-02-19 23:25:35 [scrapy.core.scraper] DEBUG: Scraped from <200 https://www.w3schools.com/tags/tryit.asp?filename=tryhtml_headers>
{'response': []}
2020-02-19 23:25:35 [scrapy.core.scraper] DEBUG: Scraped from <200 https://www.w3schools.com/tags/tag_wbr.asp>
{'response': []}
2020-02-19 23:25:35 [scrapy.core.engine] DEBUG: Crawled (200) <GET https://www.w3schools.com/tags/tag_textarea.asp> (referer: https://www.w3schools.com/tags/tag_hn.asp)
2020-02-19 23:25:35 [scrapy.core.engine] DEBUG: Crawled (200) <GET https://www.w3schools.com/tags/tag_tfoot.asp> (referer: https://www.w3schools.com/tags/tag_hn.asp)
2020-02-19 23:25:35 [scrapy.core.scraper] DEBUG: Scraped from <200 https://www.w3schools.com/tags/tag_video.asp>
{'response': []}
2020-02-19 23:25:35 [scrapy.core.engine] DEBUG: Crawled (200) <GET https://www.w3schools.com/tags/tag_tr.asp> (referer: https://www.w3schools.com/tags/tag_hn.asp)
2020-02-19 23:25:35 [scrapy.downloadermiddlewares.redirect] DEBUG: Redirecting (301) to <GET https://www.w3schools.com/graphics/google_maps_intro.asp> from <GET https://www.w3schools.com/howto/howto_google_maps.asp>
2020-02-19 23:25:35 [scrapy.core.engine] DEBUG: Crawled (200) <GET https://www.w3schools.com/tags/tag_template.asp> (referer: https://www.w3schools.com/tags/tag_hn.asp)
2020-02-19 23:25:35 [scrapy.core.scraper] DEBUG: Scraped from <200 https://www.w3schools.com/tags/tag_track.asp>
{'response': []}
2020-02-19 23:25:35 [scrapy.core.scraper] DEBUG: Scraped from <200 https://www.w3schools.com/tags/tag_ul.asp>
{'response': []}
2020-02-19 23:25:35 [scrapy.core.engine] DEBUG: Crawled (200) <GET https://www.w3schools.com/tags/tag_thead.asp> (referer: https://www.w3schools.com/tags/tag_hn.asp)
2020-02-19 23:25:35 [scrapy.core.engine] DEBUG: Crawled (200) <GET https://www.w3schools.com/tags/tag_td.asp> (referer: https://www.w3schools.com/tags/tag_hn.asp)
2020-02-19 23:25:35 [scrapy.core.engine] DEBUG: Crawled (200) <GET https://www.w3schools.com/tags/tag_th.asp> (referer: https://www.w3schools.com/tags/tag_hn.asp)
2020-02-19 23:25:35 [scrapy.core.scraper] DEBUG: Scraped from <200 https://www.w3schools.com/tags/tag_time.asp>
{'response': []}
2020-02-19 23:25:35 [scrapy.core.scraper] DEBUG: Scraped from <200 https://www.w3schools.com/tags/tag_title.asp>
{'response': []}
2020-02-19 23:25:35 [scrapy.core.engine] DEBUG: Crawled (200) <GET https://www.w3schools.com/tags/tag_sup.asp> (referer: https://www.w3schools.com/tags/tag_hn.asp)
2020-02-19 23:25:35 [scrapy.core.engine] DEBUG: Crawled (200) <GET https://www.w3schools.com/tags/tag_svg.asp> (referer: https://www.w3schools.com/tags/tag_hn.asp)
2020-02-19 23:25:35 [scrapy.core.engine] DEBUG: Crawled (200) <GET https://www.w3schools.com/tags/tag_summary.asp> (referer: https://www.w3schools.com/tags/tag_hn.asp)
2020-02-19 23:25:35 [scrapy.core.engine] DEBUG: Crawled (200) <GET https://www.w3schools.com/tags/tag_table.asp> (referer: https://www.w3schools.com/tags/tag_hn.asp)
2020-02-19 23:25:35 [scrapy.core.scraper] DEBUG: Scraped from <200 https://www.w3schools.com/tags/tag_textarea.asp>
{'response': []}
2020-02-19 23:25:35 [scrapy.core.scraper] DEBUG: Scraped from <200 https://www.w3schools.com/tags/tag_tfoot.asp>
{'response': []}
2020-02-19 23:25:35 [scrapy.core.engine] DEBUG: Crawled (200) <GET https://www.w3schools.com/tags/tag_sub.asp> (referer: https://www.w3schools.com/tags/tag_hn.asp)
2020-02-19 23:25:35 [scrapy.core.engine] DEBUG: Crawled (200) <GET https://www.w3schools.com/tags/tag_style.asp> (referer: https://www.w3schools.com/tags/tag_hn.asp)
2020-02-19 23:25:35 [scrapy.core.engine] DEBUG: Crawled (200) <GET https://www.w3schools.com/tags/tag_strong.asp> (referer: https://www.w3schools.com/tags/tag_hn.asp)
2020-02-19 23:25:35 [scrapy.core.engine] DEBUG: Crawled (200) <GET https://www.w3schools.com/tags/tag_tbody.asp> (referer: https://www.w3schools.com/tags/tag_hn.asp)
2020-02-19 23:25:35 [scrapy.core.scraper] DEBUG: Scraped from <200 https://www.w3schools.com/tags/tag_tr.asp>
{'response': []}
2020-02-19 23:25:35 [scrapy.core.scraper] DEBUG: Scraped from <200 https://www.w3schools.com/tags/tag_template.asp>
{'response': []}
2020-02-19 23:25:35 [scrapy.core.scraper] DEBUG: Scraped from <200 https://www.w3schools.com/tags/tag_thead.asp>
{'response': []}
2020-02-19 23:25:35 [scrapy.core.scraper] DEBUG: Scraped from <200 https://www.w3schools.com/tags/tag_td.asp>
{'response': []}
2020-02-19 23:25:36 [scrapy.core.engine] DEBUG: Crawled (200) <GET https://www.w3schools.com/tags/tag_strike.asp> (referer: https://www.w3schools.com/tags/tag_hn.asp)
2020-02-19 23:25:36 [scrapy.core.engine] DEBUG: Crawled (200) <GET https://www.w3schools.com/tags/tag_span.asp> (referer: https://www.w3schools.com/tags/tag_hn.asp)
2020-02-19 23:25:36 [scrapy.core.scraper] DEBUG: Scraped from <200 https://www.w3schools.com/tags/tag_th.asp>
{'response': []}
2020-02-19 23:25:36 [scrapy.core.scraper] DEBUG: Scraped from <200 https://www.w3schools.com/tags/tag_sup.asp>
{'response': []}
2020-02-19 23:25:36 [scrapy.core.scraper] DEBUG: Scraped from <200 https://www.w3schools.com/tags/tag_svg.asp>
{'response': []}
2020-02-19 23:25:36 [scrapy.core.scraper] DEBUG: Scraped from <200 https://www.w3schools.com/tags/tag_summary.asp>
{'response': []}
2020-02-19 23:25:36 [scrapy.core.engine] DEBUG: Crawled (200) <GET https://www.w3schools.com/tags/tag_small.asp> (referer: https://www.w3schools.com/tags/tag_hn.asp)
2020-02-19 23:25:36 [scrapy.core.engine] DEBUG: Crawled (200) <GET https://www.w3schools.com/tags/tag_select.asp> (referer: https://www.w3schools.com/tags/tag_hn.asp)
2020-02-19 23:25:36 [scrapy.core.engine] DEBUG: Crawled (200) <GET https://www.w3schools.com/tags/tag_section.asp> (referer: https://www.w3schools.com/tags/tag_hn.asp)
2020-02-19 23:25:36 [scrapy.core.engine] DEBUG: Crawled (200) <GET https://www.w3schools.com/tags/tag_script.asp> (referer: https://www.w3schools.com/tags/tag_hn.asp)
2020-02-19 23:25:36 [scrapy.core.engine] DEBUG: Crawled (200) <GET https://www.w3schools.com/tags/tag_source.asp> (referer: https://www.w3schools.com/tags/tag_hn.asp)
2020-02-19 23:25:36 [scrapy.core.engine] DEBUG: Crawled (200) <GET https://www.w3schools.com/graphics/google_maps_intro.asp> (referer: https://www.w3schools.com/tags/tag_hn.asp)
2020-02-19 23:25:36 [scrapy.core.scraper] DEBUG: Scraped from <200 https://www.w3schools.com/tags/tag_table.asp>
{'response': []}
2020-02-19 23:25:36 [scrapy.core.scraper] DEBUG: Scraped from <200 https://www.w3schools.com/tags/tag_sub.asp>
{'response': []}
2020-02-19 23:25:36 [scrapy.core.scraper] DEBUG: Scraped from <200 https://www.w3schools.com/tags/tag_style.asp>
{'response': []}
2020-02-19 23:25:36 [scrapy.core.scraper] DEBUG: Scraped from <200 https://www.w3schools.com/tags/tag_strong.asp>
{'response': []}
2020-02-19 23:25:36 [scrapy.core.scraper] DEBUG: Scraped from <200 https://www.w3schools.com/tags/tag_tbody.asp>
{'response': []}
2020-02-19 23:25:36 [scrapy.core.scraper] DEBUG: Scraped from <200 https://www.w3schools.com/tags/tag_strike.asp>
{'response': []}
2020-02-19 23:25:36 [scrapy.core.scraper] DEBUG: Scraped from <200 https://www.w3schools.com/tags/tag_span.asp>
{'response': []}
2020-02-19 23:25:36 [scrapy.core.scraper] DEBUG: Scraped from <200 https://www.w3schools.com/tags/tag_small.asp>
{'response': []}
2020-02-19 23:25:36 [scrapy.core.scraper] DEBUG: Scraped from <200 https://www.w3schools.com/tags/tag_select.asp>
{'response': []}
2020-02-19 23:25:36 [scrapy.core.engine] DEBUG: Crawled (200) <GET https://www.w3schools.com/tags/tag_rt.asp> (referer: https://www.w3schools.com/tags/tag_hn.asp)
2020-02-19 23:25:36 [scrapy.core.engine] DEBUG: Crawled (200) <GET https://www.w3schools.com/tags/tag_q.asp> (referer: https://www.w3schools.com/tags/tag_hn.asp)
2020-02-19 23:25:36 [scrapy.core.engine] DEBUG: Crawled (200) <GET https://www.w3schools.com/tags/tag_progress.asp> (referer: https://www.w3schools.com/tags/tag_hn.asp)
2020-02-19 23:25:36 [scrapy.core.engine] DEBUG: Crawled (200) <GET https://www.w3schools.com/tags/tag_pre.asp> (referer: https://www.w3schools.com/tags/tag_hn.asp)
2020-02-19 23:25:36 [scrapy.core.engine] DEBUG: Crawled (200) <GET https://www.w3schools.com/tags/tag_s.asp> (referer: https://www.w3schools.com/tags/tag_hn.asp)
2020-02-19 23:25:36 [scrapy.core.engine] DEBUG: Crawled (200) <GET https://www.w3schools.com/tags/tag_rp.asp> (referer: https://www.w3schools.com/tags/tag_hn.asp)
2020-02-19 23:25:36 [scrapy.core.engine] DEBUG: Crawled (200) <GET https://www.w3schools.com/tags/tag_ruby.asp> (referer: https://www.w3schools.com/tags/tag_hn.asp)
2020-02-19 23:25:36 [scrapy.core.engine] DEBUG: Crawled (200) <GET https://www.w3schools.com/tags/tag_samp.asp> (referer: https://www.w3schools.com/tags/tag_hn.asp)
2020-02-19 23:25:36 [scrapy.core.scraper] DEBUG: Scraped from <200 https://www.w3schools.com/tags/tag_section.asp>
{'response': []}
2020-02-19 23:25:36 [scrapy.core.scraper] DEBUG: Scraped from <200 https://www.w3schools.com/tags/tag_script.asp>
{'response': []}
2020-02-19 23:25:36 [scrapy.core.scraper] DEBUG: Scraped from <200 https://www.w3schools.com/tags/tag_source.asp>
{'response': []}
2020-02-19 23:25:36 [scrapy.core.scraper] DEBUG: Scraped from <200 https://www.w3schools.com/graphics/google_maps_intro.asp>
{'response': []}
2020-02-19 23:25:36 [scrapy.core.scraper] DEBUG: Scraped from <200 https://www.w3schools.com/tags/tag_rt.asp>
{'response': []}
2020-02-19 23:25:36 [scrapy.core.scraper] DEBUG: Scraped from <200 https://www.w3schools.com/tags/tag_q.asp>
{'response': []}
2020-02-19 23:25:36 [scrapy.core.engine] DEBUG: Crawled (200) <GET https://www.w3schools.com/tags/tag_p.asp> (referer: https://www.w3schools.com/tags/tag_hn.asp)
2020-02-19 23:25:36 [scrapy.core.engine] DEBUG: Crawled (200) <GET https://www.w3schools.com/tags/tag_param.asp> (referer: https://www.w3schools.com/tags/tag_hn.asp)
2020-02-19 23:25:36 [scrapy.core.engine] DEBUG: Crawled (200) <GET https://www.w3schools.com/tags/tag_output.asp> (referer: https://www.w3schools.com/tags/tag_hn.asp)
2020-02-19 23:25:36 [scrapy.core.scraper] DEBUG: Scraped from <200 https://www.w3schools.com/tags/tag_progress.asp>
{'response': []}
2020-02-19 23:25:36 [scrapy.core.scraper] DEBUG: Scraped from <200 https://www.w3schools.com/tags/tag_pre.asp>
{'response': []}
2020-02-19 23:25:36 [scrapy.core.engine] DEBUG: Crawled (200) <GET https://www.w3schools.com/tags/tag_object.asp> (referer: https://www.w3schools.com/tags/tag_hn.asp)
2020-02-19 23:25:36 [scrapy.core.engine] DEBUG: Crawled (200) <GET https://www.w3schools.com/tags/tag_optgroup.asp> (referer: https://www.w3schools.com/tags/tag_hn.asp)
2020-02-19 23:25:36 [scrapy.core.engine] DEBUG: Crawled (200) <GET https://www.w3schools.com/tags/tag_option.asp> (referer: https://www.w3schools.com/tags/tag_hn.asp)
2020-02-19 23:25:36 [scrapy.core.engine] DEBUG: Crawled (200) <GET https://www.w3schools.com/tags/tag_ol.asp> (referer: https://www.w3schools.com/tags/tag_hn.asp)
2020-02-19 23:25:36 [scrapy.core.scraper] DEBUG: Scraped from <200 https://www.w3schools.com/tags/tag_s.asp>
{'response': []}
2020-02-19 23:25:36 [scrapy.core.scraper] DEBUG: Scraped from <200 https://www.w3schools.com/tags/tag_rp.asp>
{'response': []}
2020-02-19 23:25:36 [scrapy.core.scraper] DEBUG: Scraped from <200 https://www.w3schools.com/tags/tag_ruby.asp>
{'response': []}
2020-02-19 23:25:36 [scrapy.core.engine] DEBUG: Crawled (200) <GET https://www.w3schools.com/tags/tag_picture.asp> (referer: https://www.w3schools.com/tags/tag_hn.asp)
2020-02-19 23:25:36 [scrapy.core.scraper] DEBUG: Scraped from <200 https://www.w3schools.com/tags/tag_samp.asp>
{'response': []}
2020-02-19 23:25:36 [scrapy.core.scraper] DEBUG: Scraped from <200 https://www.w3schools.com/tags/tag_p.asp>
{'response': []}
2020-02-19 23:25:36 [scrapy.core.engine] DEBUG: Crawled (200) <GET https://www.w3schools.com/tags/tag_noframes.asp> (referer: https://www.w3schools.com/tags/tag_hn.asp)
2020-02-19 23:25:36 [scrapy.core.engine] DEBUG: Crawled (200) <GET https://www.w3schools.com/tags/tag_nav.asp> (referer: https://www.w3schools.com/tags/tag_hn.asp)
2020-02-19 23:25:36 [scrapy.core.scraper] DEBUG: Scraped from <200 https://www.w3schools.com/tags/tag_param.asp>
{'response': []}
2020-02-19 23:25:36 [scrapy.core.scraper] DEBUG: Scraped from <200 https://www.w3schools.com/tags/tag_output.asp>
{'response': []}
2020-02-19 23:25:36 [scrapy.core.engine] DEBUG: Crawled (200) <GET https://www.w3schools.com/tags/tag_meter.asp> (referer: https://www.w3schools.com/tags/tag_hn.asp)
2020-02-19 23:25:36 [scrapy.core.engine] DEBUG: Crawled (200) <GET https://www.w3schools.com/tags/tag_map.asp> (referer: https://www.w3schools.com/tags/tag_hn.asp)
2020-02-19 23:25:36 [scrapy.core.scraper] DEBUG: Scraped from <200 https://www.w3schools.com/tags/tag_object.asp>
{'response': []}
2020-02-19 23:25:36 [scrapy.core.scraper] DEBUG: Scraped from <200 https://www.w3schools.com/tags/tag_optgroup.asp>
{'response': []}
2020-02-19 23:25:36 [scrapy.core.scraper] DEBUG: Scraped from <200 https://www.w3schools.com/tags/tag_option.asp>
{'response': []}
2020-02-19 23:25:36 [scrapy.core.engine] DEBUG: Crawled (200) <GET https://www.w3schools.com/tags/tag_main.asp> (referer: https://www.w3schools.com/tags/tag_hn.asp)
2020-02-19 23:25:36 [scrapy.core.scraper] DEBUG: Scraped from <200 https://www.w3schools.com/tags/tag_ol.asp>
{'response': []}
2020-02-19 23:25:36 [scrapy.core.engine] DEBUG: Crawled (200) <GET https://www.w3schools.com/tags/tag_noscript.asp> (referer: https://www.w3schools.com/tags/tag_hn.asp)
2020-02-19 23:25:36 [scrapy.core.engine] DEBUG: Crawled (200) <GET https://www.w3schools.com/tags/tag_link.asp> (referer: https://www.w3schools.com/tags/tag_hn.asp)
2020-02-19 23:25:36 [scrapy.core.engine] DEBUG: Crawled (200) <GET https://www.w3schools.com/tags/tag_li.asp> (referer: https://www.w3schools.com/tags/tag_hn.asp)
2020-02-19 23:25:36 [scrapy.core.scraper] DEBUG: Scraped from <200 https://www.w3schools.com/tags/tag_picture.asp>
{'response': []}
2020-02-19 23:25:36 [scrapy.core.engine] DEBUG: Crawled (200) <GET https://www.w3schools.com/tags/tag_label.asp> (referer: https://www.w3schools.com/tags/tag_hn.asp)
2020-02-19 23:25:36 [scrapy.core.engine] DEBUG: Crawled (200) <GET https://www.w3schools.com/tags/tag_legend.asp> (referer: https://www.w3schools.com/tags/tag_hn.asp)
2020-02-19 23:25:36 [scrapy.core.engine] DEBUG: Crawled (200) <GET https://www.w3schools.com/tags/tag_meta.asp> (referer: https://www.w3schools.com/tags/tag_hn.asp)
2020-02-19 23:25:36 [scrapy.core.engine] DEBUG: Crawled (200) <GET https://www.w3schools.com/tags/tag_mark.asp> (referer: https://www.w3schools.com/tags/tag_hn.asp)
2020-02-19 23:25:36 [scrapy.core.scraper] DEBUG: Scraped from <200 https://www.w3schools.com/tags/tag_noframes.asp>
{'response': []}
2020-02-19 23:25:36 [scrapy.core.scraper] DEBUG: Scraped from <200 https://www.w3schools.com/tags/tag_nav.asp>
{'response': []}
2020-02-19 23:25:36 [scrapy.core.scraper] DEBUG: Scraped from <200 https://www.w3schools.com/tags/tag_meter.asp>
{'response': []}
2020-02-19 23:25:36 [scrapy.core.engine] DEBUG: Crawled (200) <GET https://www.w3schools.com/tags/tag_input.asp> (referer: https://www.w3schools.com/tags/tag_hn.asp)
2020-02-19 23:25:36 [scrapy.core.engine] DEBUG: Crawled (200) <GET https://www.w3schools.com/tags/tag_img.asp> (referer: https://www.w3schools.com/tags/tag_hn.asp)
2020-02-19 23:25:36 [scrapy.core.engine] DEBUG: Crawled (200) <GET https://www.w3schools.com/tags/tag_kbd.asp> (referer: https://www.w3schools.com/tags/tag_hn.asp)
2020-02-19 23:25:36 [scrapy.core.scraper] DEBUG: Scraped from <200 https://www.w3schools.com/tags/tag_map.asp>
{'response': []}
2020-02-19 23:25:36 [scrapy.core.scraper] DEBUG: Scraped from <200 https://www.w3schools.com/tags/tag_main.asp>
{'response': []}
2020-02-19 23:25:36 [scrapy.core.engine] DEBUG: Crawled (200) <GET https://www.w3schools.com/tags/tag_i.asp> (referer: https://www.w3schools.com/tags/tag_hn.asp)
2020-02-19 23:25:37 [scrapy.core.engine] DEBUG: Crawled (200) <GET https://www.w3schools.com/tags/tag_hr.asp> (referer: https://www.w3schools.com/tags/tag_hn.asp)
2020-02-19 23:25:37 [scrapy.core.engine] DEBUG: Crawled (200) <GET https://www.w3schools.com/tags/tag_header.asp> (referer: https://www.w3schools.com/tags/tag_hn.asp)
2020-02-19 23:25:37 [scrapy.core.engine] DEBUG: Crawled (200) <GET https://www.w3schools.com/tags/tag_ins.asp> (referer: https://www.w3schools.com/tags/tag_hn.asp)
2020-02-19 23:25:37 [scrapy.core.scraper] DEBUG: Scraped from <200 https://www.w3schools.com/tags/tag_noscript.asp>
{'response': []}
2020-02-19 23:25:37 [scrapy.core.scraper] DEBUG: Scraped from <200 https://www.w3schools.com/tags/tag_link.asp>
{'response': []}
2020-02-19 23:25:37 [scrapy.core.scraper] DEBUG: Scraped from <200 https://www.w3schools.com/tags/tag_li.asp>
{'response': []}
2020-02-19 23:25:37 [scrapy.core.scraper] DEBUG: Scraped from <200 https://www.w3schools.com/tags/tag_label.asp>
{'response': []}
2020-02-19 23:25:37 [scrapy.core.engine] DEBUG: Crawled (200) <GET https://www.w3schools.com/tags/tag_hn.asp> (referer: https://www.w3schools.com/tags/tag_hn.asp)
2020-02-19 23:25:37 [scrapy.core.engine] DEBUG: Crawled (200) <GET https://www.w3schools.com/tags/tag_html.asp> (referer: https://www.w3schools.com/tags/tag_hn.asp)
2020-02-19 23:25:37 [scrapy.core.scraper] DEBUG: Scraped from <200 https://www.w3schools.com/tags/tag_legend.asp>
{'response': []}
2020-02-19 23:25:37 [scrapy.core.scraper] DEBUG: Scraped from <200 https://www.w3schools.com/tags/tag_meta.asp>
{'response': []}
2020-02-19 23:25:37 [scrapy.core.scraper] DEBUG: Scraped from <200 https://www.w3schools.com/tags/tag_mark.asp>
{'response': []}
2020-02-19 23:25:37 [scrapy.core.scraper] DEBUG: Scraped from <200 https://www.w3schools.com/tags/tag_input.asp>
{'response': []}
2020-02-19 23:25:37 [scrapy.core.engine] DEBUG: Crawled (200) <GET https://www.w3schools.com/tags/tag_frame.asp> (referer: https://www.w3schools.com/tags/tag_hn.asp)
2020-02-19 23:25:37 [scrapy.core.engine] DEBUG: Crawled (200) <GET https://www.w3schools.com/tags/tag_form.asp> (referer: https://www.w3schools.com/tags/tag_hn.asp)
2020-02-19 23:25:37 [scrapy.core.engine] DEBUG: Crawled (200) <GET https://www.w3schools.com/tags/tag_footer.asp> (referer: https://www.w3schools.com/tags/tag_hn.asp)
2020-02-19 23:25:37 [scrapy.core.engine] DEBUG: Crawled (200) <GET https://www.w3schools.com/tags/tag_font.asp> (referer: https://www.w3schools.com/tags/tag_hn.asp)
2020-02-19 23:25:37 [scrapy.core.engine] DEBUG: Crawled (200) <GET https://www.w3schools.com/tags/tag_head.asp> (referer: https://www.w3schools.com/tags/tag_hn.asp)
2020-02-19 23:25:37 [scrapy.core.scraper] DEBUG: Scraped from <200 https://www.w3schools.com/tags/tag_img.asp>
{'response': []}
2020-02-19 23:25:37 [scrapy.core.scraper] DEBUG: Scraped from <200 https://www.w3schools.com/tags/tag_kbd.asp>
{'response': []}
2020-02-19 23:25:37 [scrapy.core.scraper] DEBUG: Scraped from <200 https://www.w3schools.com/tags/tag_i.asp>
{'response': []}
2020-02-19 23:25:37 [scrapy.core.engine] DEBUG: Crawled (200) <GET https://www.w3schools.com/tags/tag_figure.asp> (referer: https://www.w3schools.com/tags/tag_hn.asp)
2020-02-19 23:25:37 [scrapy.core.engine] DEBUG: Crawled (200) <GET https://www.w3schools.com/tags/tag_frameset.asp> (referer: https://www.w3schools.com/tags/tag_hn.asp)
2020-02-19 23:25:37 [scrapy.core.scraper] DEBUG: Scraped from <200 https://www.w3schools.com/tags/tag_hr.asp>
{'response': []}
2020-02-19 23:25:37 [scrapy.core.scraper] DEBUG: Scraped from <200 https://www.w3schools.com/tags/tag_header.asp>
{'response': []}
2020-02-19 23:25:37 [scrapy.core.scraper] DEBUG: Scraped from <200 https://www.w3schools.com/tags/tag_ins.asp>
{'response': []}
2020-02-19 23:25:37 [scrapy.core.scraper] DEBUG: Scraped from <200 https://www.w3schools.com/tags/tag_hn.asp>
{'response': []}
2020-02-19 23:25:37 [scrapy.core.scraper] DEBUG: Scraped from <200 https://www.w3schools.com/tags/tag_html.asp>
{'response': []}
2020-02-19 23:25:37 [scrapy.core.engine] DEBUG: Crawled (200) <GET https://www.w3schools.com/tags/tag_fieldset.asp> (referer: https://www.w3schools.com/tags/tag_hn.asp)
2020-02-19 23:25:37 [scrapy.core.engine] DEBUG: Crawled (200) <GET https://www.w3schools.com/tags/tag_embed.asp> (referer: https://www.w3schools.com/tags/tag_hn.asp)
2020-02-19 23:25:37 [scrapy.core.engine] DEBUG: Crawled (200) <GET https://www.w3schools.com/tags/tag_em.asp> (referer: https://www.w3schools.com/tags/tag_hn.asp)
2020-02-19 23:25:37 [scrapy.core.engine] DEBUG: Crawled (200) <GET https://www.w3schools.com/tags/tag_dt.asp> (referer: https://www.w3schools.com/tags/tag_hn.asp)
2020-02-19 23:25:37 [scrapy.core.engine] DEBUG: Crawled (200) <GET https://www.w3schools.com/tags/tag_figcaption.asp> (referer: https://www.w3schools.com/tags/tag_hn.asp)
2020-02-19 23:25:37 [scrapy.core.scraper] DEBUG: Scraped from <200 https://www.w3schools.com/tags/tag_frame.asp>
{'response': []}
2020-02-19 23:25:37 [scrapy.core.engine] DEBUG: Crawled (200) <GET https://www.w3schools.com/tags/tag_div.asp> (referer: https://www.w3schools.com/tags/tag_hn.asp)
2020-02-19 23:25:37 [scrapy.core.engine] DEBUG: Crawled (200) <GET https://www.w3schools.com/tags/tag_dir.asp> (referer: https://www.w3schools.com/tags/tag_hn.asp)
2020-02-19 23:25:37 [scrapy.core.engine] DEBUG: Crawled (200) <GET https://www.w3schools.com/tags/tag_dl.asp> (referer: https://www.w3schools.com/tags/tag_hn.asp)
2020-02-19 23:25:37 [scrapy.core.scraper] DEBUG: Scraped from <200 https://www.w3schools.com/tags/tag_form.asp>
{'response': []}
2020-02-19 23:25:37 [scrapy.core.scraper] DEBUG: Scraped from <200 https://www.w3schools.com/tags/tag_footer.asp>
{'response': []}
2020-02-19 23:25:37 [scrapy.core.scraper] DEBUG: Scraped from <200 https://www.w3schools.com/tags/tag_font.asp>
{'response': []}
2020-02-19 23:25:37 [scrapy.core.scraper] DEBUG: Scraped from <200 https://www.w3schools.com/tags/tag_head.asp>
{'response': []}
2020-02-19 23:25:37 [scrapy.core.scraper] DEBUG: Scraped from <200 https://www.w3schools.com/tags/tag_figure.asp>
{'response': []}
2020-02-19 23:25:37 [scrapy.core.scraper] DEBUG: Scraped from <200 https://www.w3schools.com/tags/tag_frameset.asp>
{'response': []}
2020-02-19 23:25:37 [scrapy.core.scraper] DEBUG: Scraped from <200 https://www.w3schools.com/tags/tag_fieldset.asp>
{'response': []}
2020-02-19 23:25:37 [scrapy.core.engine] DEBUG: Crawled (200) <GET https://www.w3schools.com/tags/tag_dialog.asp> (referer: https://www.w3schools.com/tags/tag_hn.asp)
2020-02-19 23:25:37 [scrapy.core.scraper] DEBUG: Scraped from <200 https://www.w3schools.com/tags/tag_embed.asp>
{'response': []}
2020-02-19 23:25:37 [scrapy.core.scraper] DEBUG: Scraped from <200 https://www.w3schools.com/tags/tag_em.asp>
{'response': []}
2020-02-19 23:25:37 [scrapy.core.scraper] DEBUG: Scraped from <200 https://www.w3schools.com/tags/tag_dt.asp>
{'response': []}
2020-02-19 23:25:37 [scrapy.core.engine] DEBUG: Crawled (200) <GET https://www.w3schools.com/tags/tag_del.asp> (referer: https://www.w3schools.com/tags/tag_hn.asp)
2020-02-19 23:25:37 [scrapy.core.engine] DEBUG: Crawled (200) <GET https://www.w3schools.com/tags/tag_details.asp> (referer: https://www.w3schools.com/tags/tag_hn.asp)
2020-02-19 23:25:37 [scrapy.core.engine] DEBUG: Crawled (200) <GET https://www.w3schools.com/tags/tag_dfn.asp> (referer: https://www.w3schools.com/tags/tag_hn.asp)
2020-02-19 23:25:37 [scrapy.core.engine] DEBUG: Crawled (200) <GET https://www.w3schools.com/tags/tag_dd.asp> (referer: https://www.w3schools.com/tags/tag_hn.asp)
2020-02-19 23:25:37 [scrapy.core.scraper] DEBUG: Scraped from <200 https://www.w3schools.com/tags/tag_figcaption.asp>
{'response': []}
2020-02-19 23:25:37 [scrapy.core.engine] DEBUG: Crawled (200) <GET https://www.w3schools.com/tags/tag_col.asp> (referer: https://www.w3schools.com/tags/tag_hn.asp)
2020-02-19 23:25:37 [scrapy.core.engine] DEBUG: Crawled (200) <GET https://www.w3schools.com/tags/tag_colgroup.asp> (referer: https://www.w3schools.com/tags/tag_hn.asp)
2020-02-19 23:25:37 [scrapy.core.engine] DEBUG: Crawled (200) <GET https://www.w3schools.com/tags/tag_datalist.asp> (referer: https://www.w3schools.com/tags/tag_hn.asp)
2020-02-19 23:25:37 [scrapy.core.scraper] DEBUG: Scraped from <200 https://www.w3schools.com/tags/tag_div.asp>
{'response': []}
2020-02-19 23:25:37 [scrapy.core.scraper] DEBUG: Scraped from <200 https://www.w3schools.com/tags/tag_dir.asp>
{'response': []}
2020-02-19 23:25:37 [scrapy.core.scraper] DEBUG: Scraped from <200 https://www.w3schools.com/tags/tag_dl.asp>
{'response': []}
2020-02-19 23:25:37 [scrapy.core.engine] DEBUG: Crawled (200) <GET https://www.w3schools.com/tags/tag_cite.asp> (referer: https://www.w3schools.com/tags/tag_hn.asp)
2020-02-19 23:25:37 [scrapy.core.engine] DEBUG: Crawled (200) <GET https://www.w3schools.com/tags/tag_caption.asp> (referer: https://www.w3schools.com/tags/tag_hn.asp)
2020-02-19 23:25:37 [scrapy.core.engine] DEBUG: Crawled (200) <GET https://www.w3schools.com/tags/tag_data.asp> (referer: https://www.w3schools.com/tags/tag_hn.asp)
2020-02-19 23:25:37 [scrapy.core.scraper] DEBUG: Scraped from <200 https://www.w3schools.com/tags/tag_dialog.asp>
{'response': []}
2020-02-19 23:25:37 [scrapy.core.scraper] DEBUG: Scraped from <200 https://www.w3schools.com/tags/tag_del.asp>
{'response': []}
2020-02-19 23:25:37 [scrapy.core.engine] DEBUG: Crawled (200) <GET https://www.w3schools.com/tags/tag_canvas.asp> (referer: https://www.w3schools.com/tags/tag_hn.asp)
2020-02-19 23:25:37 [scrapy.core.engine] DEBUG: Crawled (200) <GET https://www.w3schools.com/tags/tag_button.asp> (referer: https://www.w3schools.com/tags/tag_hn.asp)
2020-02-19 23:25:37 [scrapy.core.engine] DEBUG: Crawled (200) <GET https://www.w3schools.com/tags/tag_br.asp> (referer: https://www.w3schools.com/tags/tag_hn.asp)
2020-02-19 23:25:37 [scrapy.core.engine] DEBUG: Crawled (200) <GET https://www.w3schools.com/tags/tag_code.asp> (referer: https://www.w3schools.com/tags/tag_hn.asp)
2020-02-19 23:25:37 [scrapy.core.engine] DEBUG: Crawled (200) <GET https://www.w3schools.com/tags/tag_center.asp> (referer: https://www.w3schools.com/tags/tag_hn.asp)
2020-02-19 23:25:37 [scrapy.core.scraper] DEBUG: Scraped from <200 https://www.w3schools.com/tags/tag_details.asp>
{'response': []}
2020-02-19 23:25:37 [scrapy.core.scraper] DEBUG: Scraped from <200 https://www.w3schools.com/tags/tag_dfn.asp>
{'response': []}
2020-02-19 23:25:37 [scrapy.core.scraper] DEBUG: Scraped from <200 https://www.w3schools.com/tags/tag_dd.asp>
{'response': []}
2020-02-19 23:25:37 [scrapy.core.scraper] DEBUG: Scraped from <200 https://www.w3schools.com/tags/tag_col.asp>
{'response': []}
2020-02-19 23:25:37 [scrapy.core.engine] DEBUG: Crawled (200) <GET https://www.w3schools.com/tags/tag_blockquote.asp> (referer: https://www.w3schools.com/tags/tag_hn.asp)
2020-02-19 23:25:37 [scrapy.core.scraper] DEBUG: Scraped from <200 https://www.w3schools.com/tags/tag_colgroup.asp>
{'response': []}
2020-02-19 23:25:37 [scrapy.core.scraper] DEBUG: Scraped from <200 https://www.w3schools.com/tags/tag_datalist.asp>
{'response': []}
2020-02-19 23:25:37 [scrapy.core.scraper] DEBUG: Scraped from <200 https://www.w3schools.com/tags/tag_cite.asp>
{'response': []}
2020-02-19 23:25:37 [scrapy.core.scraper] DEBUG: Scraped from <200 https://www.w3schools.com/tags/tag_caption.asp>
{'response': []}
2020-02-19 23:25:37 [scrapy.core.scraper] DEBUG: Scraped from <200 https://www.w3schools.com/tags/tag_data.asp>
{'response': []}
2020-02-19 23:25:37 [scrapy.core.engine] DEBUG: Crawled (200) <GET https://www.w3schools.com/tags/tag_base.asp> (referer: https://www.w3schools.com/tags/tag_hn.asp)
2020-02-19 23:25:37 [scrapy.core.engine] DEBUG: Crawled (200) <GET https://www.w3schools.com/tags/tag_body.asp> (referer: https://www.w3schools.com/tags/tag_hn.asp)
2020-02-19 23:25:37 [scrapy.core.scraper] DEBUG: Scraped from <200 https://www.w3schools.com/tags/tag_canvas.asp>
{'response': []}
2020-02-19 23:25:38 [scrapy.core.scraper] DEBUG: Scraped from <200 https://www.w3schools.com/tags/tag_button.asp>
{'response': []}
2020-02-19 23:25:38 [scrapy.core.engine] DEBUG: Crawled (200) <GET https://www.w3schools.com/tags/tag_bdi.asp> (referer: https://www.w3schools.com/tags/tag_hn.asp)
2020-02-19 23:25:38 [scrapy.core.engine] DEBUG: Crawled (200) <GET https://www.w3schools.com/tags/tag_b.asp> (referer: https://www.w3schools.com/tags/tag_hn.asp)
2020-02-19 23:25:38 [scrapy.core.engine] DEBUG: Crawled (200) <GET https://www.w3schools.com/tags/tag_basefont.asp> (referer: https://www.w3schools.com/tags/tag_hn.asp)
2020-02-19 23:25:38 [scrapy.core.engine] DEBUG: Crawled (200) <GET https://www.w3schools.com/tags/tag_bdo.asp> (referer: https://www.w3schools.com/tags/tag_hn.asp)
2020-02-19 23:25:38 [scrapy.core.scraper] DEBUG: Scraped from <200 https://www.w3schools.com/tags/tag_br.asp>
{'response': []}
2020-02-19 23:25:38 [scrapy.core.scraper] DEBUG: Scraped from <200 https://www.w3schools.com/tags/tag_code.asp>
{'response': []}
2020-02-19 23:25:38 [scrapy.core.scraper] DEBUG: Scraped from <200 https://www.w3schools.com/tags/tag_center.asp>
{'response': []}
2020-02-19 23:25:38 [scrapy.core.engine] DEBUG: Crawled (200) <GET https://www.w3schools.com/tags/tag_big.asp> (referer: https://www.w3schools.com/tags/tag_hn.asp)
2020-02-19 23:25:38 [scrapy.core.engine] DEBUG: Crawled (200) <GET https://www.w3schools.com/tags/tag_audio.asp> (referer: https://www.w3schools.com/tags/tag_hn.asp)
2020-02-19 23:25:38 [scrapy.core.scraper] DEBUG: Scraped from <200 https://www.w3schools.com/tags/tag_blockquote.asp>
{'response': []}
2020-02-19 23:25:38 [scrapy.core.scraper] DEBUG: Scraped from <200 https://www.w3schools.com/tags/tag_base.asp>
{'response': []}
2020-02-19 23:25:38 [scrapy.core.engine] DEBUG: Crawled (200) <GET https://www.w3schools.com/tags/tag_area.asp> (referer: https://www.w3schools.com/tags/tag_hn.asp)
2020-02-19 23:25:38 [scrapy.core.engine] DEBUG: Crawled (200) <GET https://www.w3schools.com/tags/tag_address.asp> (referer: https://www.w3schools.com/tags/tag_hn.asp)
2020-02-19 23:25:38 [scrapy.core.engine] DEBUG: Crawled (200) <GET https://www.w3schools.com/tags/tag_article.asp> (referer: https://www.w3schools.com/tags/tag_hn.asp)
2020-02-19 23:25:38 [scrapy.core.scraper] DEBUG: Scraped from <200 https://www.w3schools.com/tags/tag_body.asp>
{'response': []}
2020-02-19 23:25:38 [scrapy.core.scraper] DEBUG: Scraped from <200 https://www.w3schools.com/tags/tag_bdi.asp>
{'response': []}
2020-02-19 23:25:38 [scrapy.core.engine] DEBUG: Crawled (200) <GET https://www.w3schools.com/tags/tag_abbr.asp> (referer: https://www.w3schools.com/tags/tag_hn.asp)
2020-02-19 23:25:38 [scrapy.core.engine] DEBUG: Crawled (200) <GET https://www.w3schools.com/tags/tag_a.asp> (referer: https://www.w3schools.com/tags/tag_hn.asp)
2020-02-19 23:25:38 [scrapy.core.engine] DEBUG: Crawled (200) <GET https://www.w3schools.com/tags/tag_applet.asp> (referer: https://www.w3schools.com/tags/tag_hn.asp)
2020-02-19 23:25:38 [scrapy.core.engine] DEBUG: Crawled (200) <GET https://www.w3schools.com/tags/tag_acronym.asp> (referer: https://www.w3schools.com/tags/tag_hn.asp)
2020-02-19 23:25:38 [scrapy.core.engine] DEBUG: Crawled (200) <GET https://www.w3schools.com/tags/tag_aside.asp> (referer: https://www.w3schools.com/tags/tag_hn.asp)
2020-02-19 23:25:38 [scrapy.core.scraper] DEBUG: Scraped from <200 https://www.w3schools.com/tags/tag_b.asp>
{'response': []}
2020-02-19 23:25:38 [scrapy.core.scraper] DEBUG: Scraped from <200 https://www.w3schools.com/tags/tag_basefont.asp>
{'response': []}
2020-02-19 23:25:38 [scrapy.core.scraper] DEBUG: Scraped from <200 https://www.w3schools.com/tags/tag_bdo.asp>
{'response': []}
2020-02-19 23:25:38 [scrapy.core.scraper] DEBUG: Scraped from <200 https://www.w3schools.com/tags/tag_big.asp>
{'response': []}
2020-02-19 23:25:38 [scrapy.core.engine] DEBUG: Crawled (200) <GET https://www.w3schools.com/tags/tag_doctype.asp> (referer: https://www.w3schools.com/tags/tag_hn.asp)
2020-02-19 23:25:38 [scrapy.core.engine] DEBUG: Crawled (200) <GET https://www.w3schools.com/tags/ref_keyboardshortcuts.asp> (referer: https://www.w3schools.com/tags/tag_hn.asp)
2020-02-19 23:25:38 [scrapy.core.scraper] DEBUG: Scraped from <200 https://www.w3schools.com/tags/tag_audio.asp>
{'response': []}
2020-02-19 23:25:38 [scrapy.core.scraper] DEBUG: Scraped from <200 https://www.w3schools.com/tags/tag_area.asp>
{'response': []}
2020-02-19 23:25:38 [scrapy.core.scraper] DEBUG: Scraped from <200 https://www.w3schools.com/tags/tag_address.asp>
{'response': []}
2020-02-19 23:25:38 [scrapy.core.scraper] DEBUG: Scraped from <200 https://www.w3schools.com/tags/tag_article.asp>
{'response': []}
2020-02-19 23:25:38 [scrapy.core.engine] DEBUG: Crawled (200) <GET https://www.w3schools.com/tags/ref_httpmethods.asp> (referer: https://www.w3schools.com/tags/tag_hn.asp)
2020-02-19 23:25:38 [scrapy.core.engine] DEBUG: Crawled (200) <GET https://www.w3schools.com/tags/ref_httpmessages.asp> (referer: https://www.w3schools.com/tags/tag_hn.asp)
2020-02-19 23:25:38 [scrapy.core.engine] DEBUG: Crawled (200) <GET https://www.w3schools.com/tags/ref_country_codes.asp> (referer: https://www.w3schools.com/tags/tag_hn.asp)
2020-02-19 23:25:38 [scrapy.core.engine] DEBUG: Crawled (200) <GET https://www.w3schools.com/tags/ref_language_codes.asp> (referer: https://www.w3schools.com/tags/tag_hn.asp)
2020-02-19 23:25:38 [scrapy.core.scraper] DEBUG: Scraped from <200 https://www.w3schools.com/tags/tag_abbr.asp>
{'response': []}
2020-02-19 23:25:38 [scrapy.core.scraper] DEBUG: Scraped from <200 https://www.w3schools.com/tags/tag_a.asp>
{'response': []}
2020-02-19 23:25:38 [scrapy.core.scraper] DEBUG: Scraped from <200 https://www.w3schools.com/tags/tag_applet.asp>
{'response': []}
2020-02-19 23:25:38 [scrapy.core.engine] DEBUG: Crawled (200) <GET https://www.w3schools.com/tags/ref_urlencode.asp> (referer: https://www.w3schools.com/tags/tag_hn.asp)
2020-02-19 23:25:38 [scrapy.core.engine] DEBUG: Crawled (200) <GET https://www.w3schools.com/tags/ref_html_dtd.asp> (referer: https://www.w3schools.com/tags/tag_hn.asp)
2020-02-19 23:25:38 [scrapy.core.engine] DEBUG: Crawled (200) <GET https://www.w3schools.com/tags/tag_comment.asp> (referer: https://www.w3schools.com/tags/tag_hn.asp)
2020-02-19 23:25:38 [scrapy.core.scraper] DEBUG: Scraped from <200 https://www.w3schools.com/tags/tag_acronym.asp>
{'response': []}
2020-02-19 23:25:38 [scrapy.core.scraper] DEBUG: Scraped from <200 https://www.w3schools.com/tags/tag_aside.asp>
{'response': []}
2020-02-19 23:25:38 [scrapy.core.scraper] DEBUG: Scraped from <200 https://www.w3schools.com/tags/tag_doctype.asp>
{'response': []}
2020-02-19 23:25:38 [scrapy.core.engine] DEBUG: Crawled (200) <GET https://www.w3schools.com/tags/ref_charactersets.asp> (referer: https://www.w3schools.com/tags/tag_hn.asp)
2020-02-19 23:25:38 [scrapy.core.engine] DEBUG: Crawled (200) <GET https://www.w3schools.com/tags/ref_colornames.asp> (referer: https://www.w3schools.com/tags/tag_hn.asp)
2020-02-19 23:25:38 [scrapy.core.engine] DEBUG: Crawled (200) <GET https://www.w3schools.com/tags/ref_pxtoemconversion.asp> (referer: https://www.w3schools.com/tags/tag_hn.asp)
2020-02-19 23:25:38 [scrapy.core.scraper] DEBUG: Scraped from <200 https://www.w3schools.com/tags/ref_keyboardshortcuts.asp>
{'response': []}
2020-02-19 23:25:38 [scrapy.core.scraper] DEBUG: Scraped from <200 https://www.w3schools.com/tags/ref_httpmethods.asp>
{'response': []}
2020-02-19 23:25:38 [scrapy.core.engine] DEBUG: Crawled (200) <GET https://www.w3schools.com/tags/ref_byfunc.asp> (referer: https://www.w3schools.com/tags/tag_hn.asp)
2020-02-19 23:25:38 [scrapy.core.engine] DEBUG: Crawled (200) <GET https://www.w3schools.com/tags/ref_standardattributes.asp> (referer: https://www.w3schools.com/tags/tag_hn.asp)
2020-02-19 23:25:38 [scrapy.core.scraper] DEBUG: Scraped from <200 https://www.w3schools.com/tags/ref_httpmessages.asp>
{'response': []}
2020-02-19 23:25:38 [scrapy.core.scraper] DEBUG: Scraped from <200 https://www.w3schools.com/tags/ref_country_codes.asp>
{'response': []}
2020-02-19 23:25:38 [scrapy.core.scraper] DEBUG: Scraped from <200 https://www.w3schools.com/tags/ref_language_codes.asp>
{'response': []}
2020-02-19 23:25:38 [scrapy.core.engine] DEBUG: Crawled (200) <GET https://www.w3schools.com/cert/cert_bootstrap.asp> (referer: https://www.w3schools.com/tags/tag_hn.asp)
2020-02-19 23:25:38 [scrapy.core.engine] DEBUG: Crawled (200) <GET https://www.w3schools.com/cert/cert_xml.asp> (referer: https://www.w3schools.com/tags/tag_hn.asp)
2020-02-19 23:25:38 [scrapy.core.scraper] DEBUG: Scraped from <200 https://www.w3schools.com/tags/ref_urlencode.asp>
{'response': []}
2020-02-19 23:25:38 [scrapy.core.scraper] DEBUG: Scraped from <200 https://www.w3schools.com/tags/ref_html_dtd.asp>
{'response': []}
2020-02-19 23:25:38 [scrapy.core.scraper] DEBUG: Scraped from <200 https://www.w3schools.com/tags/tag_comment.asp>
{'response': []}
2020-02-19 23:25:38 [scrapy.core.engine] DEBUG: Crawled (200) <GET https://www.w3schools.com/tags/ref_av_dom.asp> (referer: https://www.w3schools.com/tags/tag_hn.asp)
2020-02-19 23:25:38 [scrapy.core.engine] DEBUG: Crawled (200) <GET https://www.w3schools.com/cert/cert_jquery.asp> (referer: https://www.w3schools.com/tags/tag_hn.asp)
2020-02-19 23:25:38 [scrapy.core.engine] DEBUG: Crawled (200) <GET https://www.w3schools.com/cert/cert_python.asp> (referer: https://www.w3schools.com/tags/tag_hn.asp)
2020-02-19 23:25:38 [scrapy.core.engine] DEBUG: Crawled (200) <GET https://www.w3schools.com/cert/cert_php.asp> (referer: https://www.w3schools.com/tags/tag_hn.asp)
2020-02-19 23:25:38 [scrapy.core.scraper] DEBUG: Scraped from <200 https://www.w3schools.com/tags/ref_charactersets.asp>
{'response': []}
2020-02-19 23:25:38 [scrapy.core.scraper] DEBUG: Scraped from <200 https://www.w3schools.com/tags/ref_colornames.asp>
{'response': []}
2020-02-19 23:25:38 [scrapy.core.scraper] DEBUG: Scraped from <200 https://www.w3schools.com/tags/ref_pxtoemconversion.asp>
{'response': []}
2020-02-19 23:25:38 [scrapy.core.scraper] DEBUG: Scraped from <200 https://www.w3schools.com/tags/ref_byfunc.asp>
{'response': []}
2020-02-19 23:25:38 [scrapy.core.scraper] DEBUG: Scraped from <200 https://www.w3schools.com/tags/ref_standardattributes.asp>
{'response': []}
2020-02-19 23:25:38 [scrapy.core.scraper] DEBUG: Scraped from <200 https://www.w3schools.com/cert/cert_bootstrap.asp>
{'response': []}
2020-02-19 23:25:38 [scrapy.core.engine] DEBUG: Crawled (200) <GET https://www.w3schools.com/xml/xml_quiz.asp> (referer: https://www.w3schools.com/tags/tag_hn.asp)
2020-02-19 23:25:38 [scrapy.core.engine] DEBUG: Crawled (200) <GET https://www.w3schools.com/cs/cs_quiz.asp> (referer: https://www.w3schools.com/tags/tag_hn.asp)
2020-02-19 23:25:38 [scrapy.core.engine] DEBUG: Crawled (200) <GET https://www.w3schools.com/java/java_quiz.asp> (referer: https://www.w3schools.com/tags/tag_hn.asp)
2020-02-19 23:25:38 [scrapy.core.engine] DEBUG: Crawled (200) <GET https://www.w3schools.com/cert/cert_css.asp> (referer: https://www.w3schools.com/tags/tag_hn.asp)
2020-02-19 23:25:39 [scrapy.core.engine] DEBUG: Crawled (200) <GET https://www.w3schools.com/cert/cert_html_new.asp> (referer: https://www.w3schools.com/tags/tag_hn.asp)
2020-02-19 23:25:39 [scrapy.core.scraper] DEBUG: Scraped from <200 https://www.w3schools.com/cert/cert_xml.asp>
{'response': []}
2020-02-19 23:25:39 [scrapy.core.engine] DEBUG: Crawled (200) <GET https://www.w3schools.com/cert/cert_javascript.asp> (referer: https://www.w3schools.com/tags/tag_hn.asp)
2020-02-19 23:25:39 [scrapy.core.engine] DEBUG: Crawled (200) <GET https://www.w3schools.com/cert/cert_sql.asp> (referer: https://www.w3schools.com/tags/tag_hn.asp)
2020-02-19 23:25:39 [scrapy.core.engine] DEBUG: Crawled (200) <GET https://www.w3schools.com/cpp/cpp_quiz.asp> (referer: https://www.w3schools.com/tags/tag_hn.asp)
2020-02-19 23:25:39 [scrapy.core.scraper] DEBUG: Scraped from <200 https://www.w3schools.com/tags/ref_av_dom.asp>
{'response': []}
2020-02-19 23:25:39 [scrapy.core.scraper] DEBUG: Scraped from <200 https://www.w3schools.com/cert/cert_jquery.asp>
{'response': []}
2020-02-19 23:25:39 [scrapy.core.scraper] DEBUG: Scraped from <200 https://www.w3schools.com/cert/cert_python.asp>
{'response': []}
2020-02-19 23:25:39 [scrapy.core.scraper] DEBUG: Scraped from <200 https://www.w3schools.com/cert/cert_php.asp>
{'response': []}
2020-02-19 23:25:39 [scrapy.core.engine] DEBUG: Crawled (200) <GET https://www.w3schools.com/sql/sql_quiz.asp> (referer: https://www.w3schools.com/tags/tag_hn.asp)
2020-02-19 23:25:39 [scrapy.core.scraper] DEBUG: Scraped from <200 https://www.w3schools.com/xml/xml_quiz.asp>
{'response': []}
2020-02-19 23:25:39 [scrapy.core.engine] DEBUG: Crawled (200) <GET https://www.w3schools.com/python/python_quiz.asp> (referer: https://www.w3schools.com/tags/tag_hn.asp)
2020-02-19 23:25:39 [scrapy.core.scraper] DEBUG: Scraped from <200 https://www.w3schools.com/cs/cs_quiz.asp>
{'response': []}
2020-02-19 23:25:39 [scrapy.core.scraper] DEBUG: Scraped from <200 https://www.w3schools.com/java/java_quiz.asp>
{'response': []}
2020-02-19 23:25:39 [scrapy.core.scraper] DEBUG: Scraped from <200 https://www.w3schools.com/cert/cert_css.asp>
{'response': []}
2020-02-19 23:25:39 [scrapy.core.engine] DEBUG: Crawled (200) <GET https://www.w3schools.com/cs/cs_exercises.asp> (referer: https://www.w3schools.com/tags/tag_hn.asp)
2020-02-19 23:25:39 [scrapy.core.engine] DEBUG: Crawled (200) <GET https://www.w3schools.com/jquery/jquery_quiz.asp> (referer: https://www.w3schools.com/tags/tag_hn.asp)
2020-02-19 23:25:39 [scrapy.core.scraper] DEBUG: Scraped from <200 https://www.w3schools.com/cert/cert_html_new.asp>
{'response': []}
2020-02-19 23:25:39 [scrapy.core.engine] DEBUG: Crawled (200) <GET https://www.w3schools.com/php/php_quiz.asp> (referer: https://www.w3schools.com/tags/tag_hn.asp)
2020-02-19 23:25:39 [scrapy.core.engine] DEBUG: Crawled (200) <GET https://www.w3schools.com/js/js_quiz.asp> (referer: https://www.w3schools.com/tags/tag_hn.asp)
2020-02-19 23:25:39 [scrapy.core.engine] DEBUG: Crawled (200) <GET https://www.w3schools.com/bootstrap/bootstrap_quiz.asp> (referer: https://www.w3schools.com/tags/tag_hn.asp)
2020-02-19 23:25:39 [scrapy.core.engine] DEBUG: Crawled (200) <GET https://www.w3schools.com/css/css_quiz.asp> (referer: https://www.w3schools.com/tags/tag_hn.asp)
2020-02-19 23:25:39 [scrapy.core.scraper] DEBUG: Scraped from <200 https://www.w3schools.com/cert/cert_javascript.asp>
{'response': []}
2020-02-19 23:25:39 [scrapy.core.scraper] DEBUG: Scraped from <200 https://www.w3schools.com/cert/cert_sql.asp>
{'response': []}
2020-02-19 23:25:39 [scrapy.core.scraper] DEBUG: Scraped from <200 https://www.w3schools.com/cpp/cpp_quiz.asp>
{'response': []}
2020-02-19 23:25:39 [scrapy.core.engine] DEBUG: Crawled (200) <GET https://www.w3schools.com/java/java_exercises.asp> (referer: https://www.w3schools.com/tags/tag_hn.asp)
2020-02-19 23:25:39 [scrapy.core.engine] DEBUG: Crawled (200) <GET https://www.w3schools.com/html/html_quiz.asp> (referer: https://www.w3schools.com/tags/tag_hn.asp)
2020-02-19 23:25:39 [scrapy.core.engine] DEBUG: Crawled (200) <GET https://www.w3schools.com/cpp/cpp_exercises.asp> (referer: https://www.w3schools.com/tags/tag_hn.asp)
2020-02-19 23:25:39 [scrapy.core.scraper] DEBUG: Scraped from <200 https://www.w3schools.com/sql/sql_quiz.asp>
{'response': []}
2020-02-19 23:25:39 [scrapy.core.scraper] DEBUG: Scraped from <200 https://www.w3schools.com/python/python_quiz.asp>
{'response': []}
2020-02-19 23:25:39 [scrapy.core.scraper] DEBUG: Scraped from <200 https://www.w3schools.com/cs/cs_exercises.asp>
{'response': []}
2020-02-19 23:25:39 [scrapy.core.scraper] DEBUG: Scraped from <200 https://www.w3schools.com/jquery/jquery_quiz.asp>
{'response': []}
2020-02-19 23:25:39 [scrapy.core.engine] DEBUG: Crawled (200) <GET https://www.w3schools.com/python/python_exercises.asp> (referer: https://www.w3schools.com/tags/tag_hn.asp)
2020-02-19 23:25:39 [scrapy.core.scraper] DEBUG: Scraped from <200 https://www.w3schools.com/php/php_quiz.asp>
{'response': []}
2020-02-19 23:25:39 [scrapy.core.scraper] DEBUG: Scraped from <200 https://www.w3schools.com/js/js_quiz.asp>
{'response': []}
2020-02-19 23:25:39 [scrapy.core.scraper] DEBUG: Scraped from <200 https://www.w3schools.com/bootstrap/bootstrap_quiz.asp>
{'response': []}
2020-02-19 23:25:39 [scrapy.core.scraper] DEBUG: Scraped from <200 https://www.w3schools.com/css/css_quiz.asp>
{'response': []}
2020-02-19 23:25:39 [scrapy.core.engine] DEBUG: Crawled (200) <GET https://www.w3schools.com/js/js_exercises.asp> (referer: https://www.w3schools.com/tags/tag_hn.asp)
2020-02-19 23:25:39 [scrapy.core.engine] DEBUG: Crawled (200) <GET https://www.w3schools.com/bootstrap/bootstrap_exercises.asp> (referer: https://www.w3schools.com/tags/tag_hn.asp)
2020-02-19 23:25:39 [scrapy.core.scraper] DEBUG: Scraped from <200 https://www.w3schools.com/java/java_exercises.asp>
{'response': []}
2020-02-19 23:25:39 [scrapy.core.engine] DEBUG: Crawled (200) <GET https://www.w3schools.com/css/css_exercises.asp> (referer: https://www.w3schools.com/tags/tag_hn.asp)
2020-02-19 23:25:39 [scrapy.core.engine] DEBUG: Crawled (200) <GET https://www.w3schools.com/php/php_exercises.asp> (referer: https://www.w3schools.com/tags/tag_hn.asp)
2020-02-19 23:25:39 [scrapy.core.engine] DEBUG: Crawled (200) <GET https://www.w3schools.com/charsets/ref_html_utf8.asp> (referer: https://www.w3schools.com/tags/tag_hn.asp)
2020-02-19 23:25:39 [scrapy.core.scraper] DEBUG: Scraped from <200 https://www.w3schools.com/html/html_quiz.asp>
{'response': []}
2020-02-19 23:25:39 [scrapy.core.engine] DEBUG: Crawled (200) <GET https://www.w3schools.com/charsets/ref_html_8859.asp> (referer: https://www.w3schools.com/tags/tag_hn.asp)
2020-02-19 23:25:39 [scrapy.core.engine] DEBUG: Crawled (200) <GET https://www.w3schools.com/charsets/ref_html_symbols.asp> (referer: https://www.w3schools.com/tags/tag_hn.asp)
2020-02-19 23:25:39 [scrapy.core.engine] DEBUG: Crawled (200) <GET https://www.w3schools.com/sql/sql_exercises.asp> (referer: https://www.w3schools.com/tags/tag_hn.asp)
2020-02-19 23:25:39 [scrapy.core.scraper] DEBUG: Scraped from <200 https://www.w3schools.com/cpp/cpp_exercises.asp>
{'response': []}
2020-02-19 23:25:39 [scrapy.core.scraper] DEBUG: Scraped from <200 https://www.w3schools.com/python/python_exercises.asp>
{'response': []}
2020-02-19 23:25:39 [scrapy.core.engine] DEBUG: Crawled (200) <GET https://www.w3schools.com/charsets/ref_html_ascii.asp> (referer: https://www.w3schools.com/tags/tag_hn.asp)
2020-02-19 23:25:39 [scrapy.core.engine] DEBUG: Crawled (200) <GET https://www.w3schools.com/xml/schema_elements_ref.asp> (referer: https://www.w3schools.com/tags/tag_hn.asp)
2020-02-19 23:25:39 [scrapy.core.engine] DEBUG: Crawled (200) <GET https://www.w3schools.com/jquery/jquery_exercises.asp> (referer: https://www.w3schools.com/tags/tag_hn.asp)
2020-02-19 23:25:39 [scrapy.core.scraper] DEBUG: Scraped from <200 https://www.w3schools.com/js/js_exercises.asp>
{'response': []}
2020-02-19 23:25:39 [scrapy.core.scraper] DEBUG: Scraped from <200 https://www.w3schools.com/bootstrap/bootstrap_exercises.asp>
{'response': []}
2020-02-19 23:25:39 [scrapy.core.engine] DEBUG: Crawled (200) <GET https://www.w3schools.com/xml/dom_nodetype.asp> (referer: https://www.w3schools.com/tags/tag_hn.asp)
2020-02-19 23:25:39 [scrapy.core.engine] DEBUG: Crawled (200) <GET https://www.w3schools.com/html/html_exercises.asp> (referer: https://www.w3schools.com/tags/tag_hn.asp)
2020-02-19 23:25:39 [scrapy.core.scraper] DEBUG: Scraped from <200 https://www.w3schools.com/css/css_exercises.asp>
{'response': []}
2020-02-19 23:25:39 [scrapy.core.scraper] DEBUG: Scraped from <200 https://www.w3schools.com/php/php_exercises.asp>
{'response': []}
2020-02-19 23:25:39 [scrapy.core.scraper] DEBUG: Scraped from <200 https://www.w3schools.com/charsets/ref_html_utf8.asp>
{'response': []}
2020-02-19 23:25:39 [scrapy.core.engine] DEBUG: Crawled (200) <GET https://www.w3schools.com/sql/sql_ref_keywords.asp> (referer: https://www.w3schools.com/tags/tag_hn.asp)
2020-02-19 23:25:39 [scrapy.core.engine] DEBUG: Crawled (200) <GET https://www.w3schools.com/xml/dom_http.asp> (referer: https://www.w3schools.com/tags/tag_hn.asp)
2020-02-19 23:25:39 [scrapy.core.engine] DEBUG: Crawled (200) <GET https://www.w3schools.com/asp/asp_ref_response.asp> (referer: https://www.w3schools.com/tags/tag_hn.asp)
2020-02-19 23:25:39 [scrapy.core.scraper] DEBUG: Scraped from <200 https://www.w3schools.com/charsets/ref_html_8859.asp>
{'response': []}
2020-02-19 23:25:39 [scrapy.core.scraper] DEBUG: Scraped from <200 https://www.w3schools.com/charsets/ref_html_symbols.asp>
{'response': []}
2020-02-19 23:25:39 [scrapy.core.scraper] DEBUG: Scraped from <200 https://www.w3schools.com/sql/sql_exercises.asp>
{'response': []}
2020-02-19 23:25:39 [scrapy.core.engine] DEBUG: Crawled (200) <GET https://www.w3schools.com/charsets/ref_html_ansi.asp> (referer: https://www.w3schools.com/tags/tag_hn.asp)
2020-02-19 23:25:39 [scrapy.core.engine] DEBUG: Crawled (200) <GET https://www.w3schools.com/java/java_ref_keywords.asp> (referer: https://www.w3schools.com/tags/tag_hn.asp)
2020-02-19 23:25:39 [scrapy.core.engine] DEBUG: Crawled (200) <GET https://www.w3schools.com/php/php_ref_overview.asp> (referer: https://www.w3schools.com/tags/tag_hn.asp)
2020-02-19 23:25:39 [scrapy.core.scraper] DEBUG: Scraped from <200 https://www.w3schools.com/charsets/ref_html_ascii.asp>
{'response': []}
2020-02-19 23:25:39 [scrapy.core.scraper] DEBUG: Scraped from <200 https://www.w3schools.com/xml/schema_elements_ref.asp>
{'response': []}
2020-02-19 23:25:39 [scrapy.core.scraper] DEBUG: Scraped from <200 https://www.w3schools.com/jquery/jquery_exercises.asp>
{'response': []}
2020-02-19 23:25:39 [scrapy.core.engine] DEBUG: Crawled (200) <GET https://www.w3schools.com/angular/angular_ref_directives.asp> (referer: https://www.w3schools.com/tags/tag_hn.asp)
2020-02-19 23:25:39 [scrapy.core.engine] DEBUG: Crawled (200) <GET https://www.w3schools.com/jsref/default.asp> (referer: https://www.w3schools.com/tags/tag_hn.asp)
2020-02-19 23:25:39 [scrapy.core.engine] DEBUG: Crawled (200) <GET https://www.w3schools.com/w3js/w3js_references.asp> (referer: https://www.w3schools.com/tags/tag_hn.asp)
2020-02-19 23:25:39 [scrapy.core.engine] DEBUG: Crawled (200) <GET https://www.w3schools.com/python/python_reference.asp> (referer: https://www.w3schools.com/tags/tag_hn.asp)
2020-02-19 23:25:39 [scrapy.core.scraper] DEBUG: Scraped from <200 https://www.w3schools.com/xml/dom_nodetype.asp>
{'response': []}
2020-02-19 23:25:39 [scrapy.core.scraper] DEBUG: Scraped from <200 https://www.w3schools.com/html/html_exercises.asp>
{'response': []}
2020-02-19 23:25:39 [scrapy.core.engine] DEBUG: Crawled (200) <GET https://www.w3schools.com/sass/sass_functions_string.asp> (referer: https://www.w3schools.com/tags/tag_hn.asp)
2020-02-19 23:25:39 [scrapy.core.engine] DEBUG: Crawled (200) <GET https://www.w3schools.com/jquery/jquery_ref_overview.asp> (referer: https://www.w3schools.com/tags/tag_hn.asp)
2020-02-19 23:25:39 [scrapy.core.scraper] DEBUG: Scraped from <200 https://www.w3schools.com/sql/sql_ref_keywords.asp>
{'response': []}
2020-02-19 23:25:39 [scrapy.core.scraper] DEBUG: Scraped from <200 https://www.w3schools.com/xml/dom_http.asp>
{'response': []}
2020-02-19 23:25:39 [scrapy.core.scraper] DEBUG: Scraped from <200 https://www.w3schools.com/asp/asp_ref_response.asp>
{'response': []}
2020-02-19 23:25:39 [scrapy.core.scraper] DEBUG: Scraped from <200 https://www.w3schools.com/charsets/ref_html_ansi.asp>
{'response': []}
2020-02-19 23:25:40 [scrapy.core.engine] DEBUG: Crawled (200) <GET https://www.w3schools.com/cssref/css_selectors.asp> (referer: https://www.w3schools.com/tags/tag_hn.asp)
2020-02-19 23:25:40 [scrapy.core.engine] DEBUG: Crawled (200) <GET https://www.w3schools.com/cssref/css3_browsersupport.asp> (referer: https://www.w3schools.com/tags/tag_hn.asp)
2020-02-19 23:25:40 [scrapy.core.engine] DEBUG: Crawled (200) <GET https://www.w3schools.com/w3css/w3css_references.asp> (referer: https://www.w3schools.com/tags/tag_hn.asp)
2020-02-19 23:25:40 [scrapy.core.scraper] DEBUG: Scraped from <200 https://www.w3schools.com/java/java_ref_keywords.asp>
{'response': []}
2020-02-19 23:25:40 [scrapy.core.scraper] DEBUG: Scraped from <200 https://www.w3schools.com/php/php_ref_overview.asp>
{'response': []}
2020-02-19 23:25:40 [scrapy.core.engine] DEBUG: Crawled (200) <GET https://www.w3schools.com/cssref/default.asp> (referer: https://www.w3schools.com/tags/tag_hn.asp)
2020-02-19 23:25:40 [scrapy.core.engine] DEBUG: Crawled (200) <GET https://www.w3schools.com/graphics/google_maps_reference.asp> (referer: https://www.w3schools.com/tags/tag_hn.asp)
2020-02-19 23:25:40 [scrapy.core.engine] DEBUG: Crawled (200) <GET https://www.w3schools.com/bootstrap4/bootstrap_ref_all_classes.asp> (referer: https://www.w3schools.com/tags/tag_hn.asp)
2020-02-19 23:25:40 [scrapy.core.scraper] DEBUG: Scraped from <200 https://www.w3schools.com/angular/angular_ref_directives.asp>
{'response': []}
2020-02-19 23:25:40 [scrapy.core.scraper] DEBUG: Scraped from <200 https://www.w3schools.com/jsref/default.asp>
{'response': []}
2020-02-19 23:25:40 [scrapy.core.scraper] DEBUG: Scraped from <200 https://www.w3schools.com/w3js/w3js_references.asp>
{'response': []}
2020-02-19 23:25:40 [scrapy.core.scraper] DEBUG: Scraped from <200 https://www.w3schools.com/python/python_reference.asp>
{'response': []}
2020-02-19 23:25:40 [scrapy.core.engine] DEBUG: Crawled (200) <GET https://www.w3schools.com/charsets/default.asp> (referer: https://www.w3schools.com/tags/tag_hn.asp)
2020-02-19 23:25:40 [scrapy.core.engine] DEBUG: Crawled (200) <GET https://www.w3schools.com/graphics/svg_reference.asp> (referer: https://www.w3schools.com/tags/tag_hn.asp)
2020-02-19 23:25:40 [scrapy.core.engine] DEBUG: Crawled (200) <GET https://www.w3schools.com/bootstrap/bootstrap_ref_all_classes.asp> (referer: https://www.w3schools.com/tags/tag_hn.asp)
2020-02-19 23:25:40 [scrapy.core.scraper] DEBUG: Scraped from <200 https://www.w3schools.com/sass/sass_functions_string.asp>
{'response': []}
2020-02-19 23:25:40 [scrapy.core.scraper] DEBUG: Scraped from <200 https://www.w3schools.com/jquery/jquery_ref_overview.asp>
{'response': []}
2020-02-19 23:25:40 [scrapy.core.engine] DEBUG: Crawled (200) <GET https://www.w3schools.com/tags/ref_attributes.asp> (referer: https://www.w3schools.com/tags/tag_hn.asp)
2020-02-19 23:25:40 [scrapy.core.engine] DEBUG: Crawled (200) <GET https://www.w3schools.com/tags/ref_eventattributes.asp> (referer: https://www.w3schools.com/tags/tag_hn.asp)
2020-02-19 23:25:40 [scrapy.core.engine] DEBUG: Crawled (200) <GET https://www.w3schools.com/tags/ref_canvas.asp> (referer: https://www.w3schools.com/tags/tag_hn.asp)
2020-02-19 23:25:40 [scrapy.core.engine] DEBUG: Crawled (200) <GET https://www.w3schools.com/icons/icons_reference.asp> (referer: https://www.w3schools.com/tags/tag_hn.asp)
2020-02-19 23:25:40 [scrapy.core.scraper] DEBUG: Scraped from <200 https://www.w3schools.com/cssref/css_selectors.asp>
{'response': []}
2020-02-19 23:25:40 [scrapy.core.scraper] DEBUG: Scraped from <200 https://www.w3schools.com/cssref/css3_browsersupport.asp>
{'response': []}
2020-02-19 23:25:40 [scrapy.core.scraper] DEBUG: Scraped from <200 https://www.w3schools.com/w3css/w3css_references.asp>
{'response': []}
2020-02-19 23:25:40 [scrapy.core.scraper] DEBUG: Scraped from <200 https://www.w3schools.com/cssref/default.asp>
{'response': []}
2020-02-19 23:25:40 [scrapy.core.engine] DEBUG: Crawled (200) <GET https://www.w3schools.com/typingspeed/default.asp> (referer: https://www.w3schools.com/tags/tag_hn.asp)
2020-02-19 23:25:40 [scrapy.core.engine] DEBUG: Crawled (200) <GET https://www.w3schools.com/whatis/default.asp> (referer: https://www.w3schools.com/tags/tag_hn.asp)
2020-02-19 23:25:40 [scrapy.core.engine] DEBUG: Crawled (200) <GET https://www.w3schools.com/tags/default.asp> (referer: https://www.w3schools.com/tags/tag_hn.asp)
2020-02-19 23:25:40 [scrapy.core.scraper] DEBUG: Scraped from <200 https://www.w3schools.com/graphics/google_maps_reference.asp>
{'response': []}
2020-02-19 23:25:40 [scrapy.core.scraper] DEBUG: Scraped from <200 https://www.w3schools.com/bootstrap4/bootstrap_ref_all_classes.asp>
{'response': []}
2020-02-19 23:25:40 [scrapy.core.scraper] DEBUG: Scraped from <200 https://www.w3schools.com/charsets/default.asp>
{'response': []}
2020-02-19 23:25:40 [scrapy.core.engine] DEBUG: Crawled (200) <GET https://www.w3schools.com/nodejs/nodejs_raspberrypi.asp> (referer: https://www.w3schools.com/tags/tag_hn.asp)
2020-02-19 23:25:40 [scrapy.core.engine] DEBUG: Crawled (200) <GET https://www.w3schools.com/browsers/default.asp> (referer: https://www.w3schools.com/tags/tag_hn.asp)
2020-02-19 23:25:40 [scrapy.core.scraper] DEBUG: Scraped from <200 https://www.w3schools.com/graphics/svg_reference.asp>
{'response': []}
2020-02-19 23:25:40 [scrapy.core.scraper] DEBUG: Scraped from <200 https://www.w3schools.com/bootstrap/bootstrap_ref_all_classes.asp>
{'response': []}
2020-02-19 23:25:40 [scrapy.core.scraper] DEBUG: Scraped from <200 https://www.w3schools.com/tags/ref_attributes.asp>
{'response': []}
2020-02-19 23:25:40 [scrapy.core.scraper] DEBUG: Scraped from <200 https://www.w3schools.com/tags/ref_eventattributes.asp>
{'response': []}
2020-02-19 23:25:40 [scrapy.core.scraper] DEBUG: Scraped from <200 https://www.w3schools.com/tags/ref_canvas.asp>
{'response': []}
2020-02-19 23:25:40 [scrapy.core.engine] DEBUG: Crawled (200) <GET https://www.w3schools.com/nodejs/default.asp> (referer: https://www.w3schools.com/tags/tag_hn.asp)
2020-02-19 23:25:40 [scrapy.core.engine] DEBUG: Crawled (200) <GET https://www.w3schools.com/xml/default.asp> (referer: https://www.w3schools.com/tags/tag_hn.asp)
2020-02-19 23:25:40 [scrapy.core.engine] DEBUG: Crawled (200) <GET https://www.w3schools.com/w3css/w3css_templates.asp> (referer: https://www.w3schools.com/tags/tag_hn.asp)
2020-02-19 23:25:40 [scrapy.core.engine] DEBUG: Crawled (200) <GET https://www.w3schools.com/cert/default.asp> (referer: https://www.w3schools.com/tags/tag_hn.asp)
2020-02-19 23:25:40 [scrapy.core.engine] DEBUG: Crawled (200) <GET https://www.w3schools.com/tryit/default.asp> (referer: https://www.w3schools.com/tags/tag_hn.asp)
2020-02-19 23:25:40 [scrapy.core.scraper] DEBUG: Scraped from <200 https://www.w3schools.com/icons/icons_reference.asp>
{'response': []}
2020-02-19 23:25:40 [scrapy.core.scraper] DEBUG: Scraped from <200 https://www.w3schools.com/typingspeed/default.asp>
{'response': []}
2020-02-19 23:25:40 [scrapy.core.engine] DEBUG: Crawled (200) <GET https://www.w3schools.com/sass/default.asp> (referer: https://www.w3schools.com/tags/tag_hn.asp)
2020-02-19 23:25:40 [scrapy.core.engine] DEBUG: Crawled (200) <GET https://www.w3schools.com/graphics/canvas_intro.asp> (referer: https://www.w3schools.com/tags/tag_hn.asp)
2020-02-19 23:25:40 [scrapy.core.engine] DEBUG: Crawled (200) <GET https://www.w3schools.com/asp/default.asp> (referer: https://www.w3schools.com/tags/tag_hn.asp)
2020-02-19 23:25:40 [scrapy.core.scraper] DEBUG: Scraped from <200 https://www.w3schools.com/whatis/default.asp>
{'response': []}
2020-02-19 23:25:40 [scrapy.core.scraper] DEBUG: Scraped from <200 https://www.w3schools.com/tags/default.asp>
{'response': []}
2020-02-19 23:25:40 [scrapy.core.scraper] DEBUG: Scraped from <200 https://www.w3schools.com/nodejs/nodejs_raspberrypi.asp>
{'response': []}
2020-02-19 23:25:40 [scrapy.core.scraper] DEBUG: Scraped from <200 https://www.w3schools.com/browsers/default.asp>
{'response': []}
2020-02-19 23:25:40 [scrapy.core.engine] DEBUG: Crawled (200) <GET https://www.w3schools.com/graphics/svg_intro.asp> (referer: https://www.w3schools.com/tags/tag_hn.asp)
2020-02-19 23:25:40 [scrapy.core.engine] DEBUG: Crawled (200) <GET https://www.w3schools.com/graphics/default.asp> (referer: https://www.w3schools.com/tags/tag_hn.asp)
2020-02-19 23:25:40 [scrapy.core.engine] DEBUG: Crawled (200) <GET https://www.w3schools.com/colors/default.asp> (referer: https://www.w3schools.com/tags/tag_hn.asp)
2020-02-19 23:25:40 [scrapy.core.scraper] DEBUG: Scraped from <200 https://www.w3schools.com/nodejs/default.asp>
{'response': []}
2020-02-19 23:25:40 [scrapy.core.scraper] DEBUG: Scraped from <200 https://www.w3schools.com/xml/default.asp>
{'response': []}
2020-02-19 23:25:40 [scrapy.core.scraper] DEBUG: Scraped from <200 https://www.w3schools.com/w3css/w3css_templates.asp>
{'response': []}
2020-02-19 23:25:40 [scrapy.core.scraper] DEBUG: Scraped from <200 https://www.w3schools.com/cert/default.asp>
{'response': []}
2020-02-19 23:25:40 [scrapy.core.scraper] DEBUG: Scraped from <200 https://www.w3schools.com/tryit/default.asp>
{'response': []}
2020-02-19 23:25:40 [scrapy.core.engine] DEBUG: Crawled (200) <GET https://www.w3schools.com/java/default.asp> (referer: https://www.w3schools.com/tags/tag_hn.asp)
2020-02-19 23:25:40 [scrapy.core.engine] DEBUG: Crawled (200) <GET https://www.w3schools.com/w3css/default.asp> (referer: https://www.w3schools.com/tags/tag_hn.asp)
2020-02-19 23:25:40 [scrapy.downloadermiddlewares.redirect] DEBUG: Redirecting (302) to <GET http://w3schools.invisionzone.com> from <GET https://www.w3schools.com/forum/default.asp>
2020-02-19 23:25:40 [scrapy.core.scraper] DEBUG: Scraped from <200 https://www.w3schools.com/sass/default.asp>
{'response': []}
2020-02-19 23:25:40 [scrapy.core.engine] DEBUG: Crawled (200) <GET https://www.w3schools.com/jquery/default.asp> (referer: https://www.w3schools.com/tags/tag_hn.asp)
2020-02-19 23:25:40 [scrapy.core.engine] DEBUG: Crawled (200) <GET https://www.w3schools.com/icons/default.asp> (referer: https://www.w3schools.com/tags/tag_hn.asp)
2020-02-19 23:25:40 [scrapy.core.scraper] DEBUG: Scraped from <200 https://www.w3schools.com/graphics/canvas_intro.asp>
{'response': []}
2020-02-19 23:25:40 [scrapy.core.scraper] DEBUG: Scraped from <200 https://www.w3schools.com/asp/default.asp>
{'response': []}
2020-02-19 23:25:40 [scrapy.core.scraper] DEBUG: Scraped from <200 https://www.w3schools.com/graphics/svg_intro.asp>
{'response': []}
2020-02-19 23:25:40 [scrapy.core.engine] DEBUG: Crawled (200) <GET https://www.w3schools.com/python/default.asp> (referer: https://www.w3schools.com/tags/tag_hn.asp)
2020-02-19 23:25:40 [scrapy.core.engine] DEBUG: Crawled (200) <GET https://www.w3schools.com/sql/default.asp> (referer: https://www.w3schools.com/tags/tag_hn.asp)
2020-02-19 23:25:40 [scrapy.core.engine] DEBUG: Crawled (200) <GET https://www.w3schools.com/js/default.asp> (referer: https://www.w3schools.com/tags/tag_hn.asp)
2020-02-19 23:25:40 [scrapy.core.engine] DEBUG: Crawled (200) <GET https://www.w3schools.com/php/default.asp> (referer: https://www.w3schools.com/tags/tag_hn.asp)
2020-02-19 23:25:40 [scrapy.core.engine] DEBUG: Crawled (200) <GET https://www.w3schools.com/bootstrap/bootstrap_ver.asp> (referer: https://www.w3schools.com/tags/tag_hn.asp)
2020-02-19 23:25:40 [scrapy.core.engine] DEBUG: Crawled (200) <GET https://www.w3schools.com/howto/default.asp> (referer: https://www.w3schools.com/tags/tag_hn.asp)
2020-02-19 23:25:40 [scrapy.core.scraper] DEBUG: Scraped from <200 https://www.w3schools.com/graphics/default.asp>
{'response': []}
2020-02-19 23:25:40 [scrapy.core.scraper] DEBUG: Scraped from <200 https://www.w3schools.com/colors/default.asp>
{'response': []}
2020-02-19 23:25:40 [scrapy.core.engine] DEBUG: Crawled (200) <GET https://www.w3schools.com/css/default.asp> (referer: https://www.w3schools.com/tags/tag_hn.asp)
2020-02-19 23:25:40 [scrapy.core.scraper] DEBUG: Scraped from <200 https://www.w3schools.com/java/default.asp>
{'response': []}
2020-02-19 23:25:40 [scrapy.core.engine] DEBUG: Crawled (200) <GET https://www.w3schools.com/html/default.asp> (referer: https://www.w3schools.com/tags/tag_hn.asp)
2020-02-19 23:25:40 [scrapy.core.scraper] DEBUG: Scraped from <200 https://www.w3schools.com/w3css/default.asp>
{'response': []}
2020-02-19 23:25:40 [scrapy.core.engine] DEBUG: Crawled (200) <GET https://www.w3schools.com/default.asp> (referer: https://www.w3schools.com/tags/tag_hn.asp)
2020-02-19 23:25:40 [scrapy.core.scraper] DEBUG: Scraped from <200 https://www.w3schools.com/jquery/default.asp>
{'response': []}
2020-02-19 23:25:40 [scrapy.core.scraper] DEBUG: Scraped from <200 https://www.w3schools.com/icons/default.asp>
{'response': []}
2020-02-19 23:25:40 [scrapy.core.scraper] DEBUG: Scraped from <200 https://www.w3schools.com/python/default.asp>
{'response': []}
2020-02-19 23:25:41 [scrapy.core.scraper] DEBUG: Scraped from <200 https://www.w3schools.com/sql/default.asp>
{'response': []}
2020-02-19 23:25:41 [scrapy.core.scraper] DEBUG: Scraped from <200 https://www.w3schools.com/js/default.asp>
{'response': []}
2020-02-19 23:25:41 [scrapy.core.scraper] DEBUG: Scraped from <200 https://www.w3schools.com/php/default.asp>
{'response': []}
2020-02-19 23:25:41 [scrapy.core.scraper] DEBUG: Scraped from <200 https://www.w3schools.com/bootstrap/bootstrap_ver.asp>
{'response': []}
2020-02-19 23:25:41 [scrapy.core.scraper] DEBUG: Scraped from <200 https://www.w3schools.com/howto/default.asp>
{'response': []}
2020-02-19 23:25:41 [scrapy.core.engine] DEBUG: Crawled (200) <GET http://w3schools.invisionzone.com/robots.txt> (referer: None)
2020-02-19 23:25:41 [scrapy.core.scraper] DEBUG: Scraped from <200 https://www.w3schools.com/css/default.asp>
{'response': []}
2020-02-19 23:25:41 [scrapy.core.scraper] DEBUG: Scraped from <200 https://www.w3schools.com/html/default.asp>
{'response': []}
2020-02-19 23:25:41 [scrapy.core.scraper] DEBUG: Scraped from <200 https://www.w3schools.com/default.asp>
{'response': []}
2020-02-19 23:25:41 [scrapy.core.engine] DEBUG: Crawled (200) <GET http://w3schools.invisionzone.com> (referer: None)
2020-02-19 23:25:41 [scrapy.core.scraper] DEBUG: Scraped from <200 http://w3schools.invisionzone.com>
{'response': []}
2020-02-19 23:25:41 [scrapy.core.engine] INFO: Closing spider (finished)
2020-02-19 23:25:41 [scrapy.statscollectors] INFO: Dumping Scrapy stats:
{'downloader/request_bytes': 97166,
 'downloader/request_count': 291,
 'downloader/request_method_count/GET': 291,
 'downloader/response_bytes': 5622822,
 'downloader/response_count': 291,
 'downloader/response_status_count/200': 288,
 'downloader/response_status_count/301': 2,
 'downloader/response_status_count/302': 1,
 'dupefilter/filtered': 1,
 'elapsed_time_seconds': 8.230657,
 'finish_reason': 'finished',
 'finish_time': datetime.datetime(2020, 2, 19, 23, 25, 41, 736791),
 'item_scraped_count': 285,
 'log_count/DEBUG': 577,
 'log_count/INFO': 10,
 'memusage/max': 70184960,
 'memusage/startup': 70184960,
 'request_depth_max': 1,
 'response_received_count': 288,
 'robotstxt/request_count': 2,
 'robotstxt/response_count': 2,
 'robotstxt/response_status_count/200': 2,
 'scheduler/dequeued': 289,
 'scheduler/dequeued/memory': 289,
 'scheduler/enqueued': 289,
 'scheduler/enqueued/memory': 289,
 'start_time': datetime.datetime(2020, 2, 19, 23, 25, 33, 506134)}
2020-02-19 23:25:41 [scrapy.core.engine] INFO: Spider closed (finished)
