2020-02-19 23:30:48 [scrapy.utils.log] INFO: Scrapy 1.8.0 started (bot: scrapy_crawler)
2020-02-19 23:30:48 [scrapy.utils.log] INFO: Versions: lxml 4.5.0.0, libxml2 2.9.10, cssselect 1.1.0, parsel 1.5.2, w3lib 1.21.0, Twisted 19.10.0, Python 3.6.9 (default, Nov  7 2019, 10:44:02) - [GCC 8.3.0], pyOpenSSL 19.1.0 (OpenSSL 1.1.1d  10 Sep 2019), cryptography 2.8, Platform Linux-5.3.0-26-generic-x86_64-with-Ubuntu-18.04-bionic
2020-02-19 23:30:48 [scrapy.crawler] INFO: Overridden settings: {'BOT_NAME': 'scrapy_crawler', 'LOG_FILE': 'logs/default/headerspider/d8cf0f12536f11ea88ccb8975a3b9510.log', 'NEWSPIDER_MODULE': 'scrapy_crawler.spiders', 'ROBOTSTXT_OBEY': True, 'SPIDER_MODULES': ['scrapy_crawler.spiders']}
2020-02-19 23:30:48 [scrapy.extensions.telnet] INFO: Telnet Password: 4b3d904ef0848346
2020-02-19 23:30:48 [scrapy.middleware] INFO: Enabled extensions:
['scrapy.extensions.corestats.CoreStats',
 'scrapy.extensions.telnet.TelnetConsole',
 'scrapy.extensions.memusage.MemoryUsage',
 'scrapy.extensions.logstats.LogStats']
2020-02-19 23:30:48 [scrapy.middleware] INFO: Enabled downloader middlewares:
['scrapy.downloadermiddlewares.robotstxt.RobotsTxtMiddleware',
 'scrapy.downloadermiddlewares.httpauth.HttpAuthMiddleware',
 'scrapy.downloadermiddlewares.downloadtimeout.DownloadTimeoutMiddleware',
 'scrapy.downloadermiddlewares.defaultheaders.DefaultHeadersMiddleware',
 'scrapy.downloadermiddlewares.useragent.UserAgentMiddleware',
 'scrapy.downloadermiddlewares.retry.RetryMiddleware',
 'scrapy.downloadermiddlewares.redirect.MetaRefreshMiddleware',
 'scrapy.downloadermiddlewares.httpcompression.HttpCompressionMiddleware',
 'scrapy.downloadermiddlewares.redirect.RedirectMiddleware',
 'scrapy.downloadermiddlewares.cookies.CookiesMiddleware',
 'scrapy.downloadermiddlewares.httpproxy.HttpProxyMiddleware',
 'scrapy.downloadermiddlewares.stats.DownloaderStats']
2020-02-19 23:30:48 [scrapy.middleware] INFO: Enabled spider middlewares:
['scrapy.spidermiddlewares.httperror.HttpErrorMiddleware',
 'scrapy.spidermiddlewares.offsite.OffsiteMiddleware',
 'scrapy.spidermiddlewares.referer.RefererMiddleware',
 'scrapy.spidermiddlewares.urllength.UrlLengthMiddleware',
 'scrapy.spidermiddlewares.depth.DepthMiddleware']
2020-02-19 23:30:48 [scrapy.middleware] INFO: Enabled item pipelines:
['scrapy_crawler.pipelines.ScrapyCrawlerPipeline']
2020-02-19 23:30:48 [scrapy.core.engine] INFO: Spider opened
2020-02-19 23:30:48 [scrapy.extensions.logstats] INFO: Crawled 0 pages (at 0 pages/min), scraped 0 items (at 0 items/min)
2020-02-19 23:30:48 [scrapy.extensions.telnet] INFO: Telnet console listening on 127.0.0.1:6023
2020-02-19 23:30:48 [scrapy.core.engine] DEBUG: Crawled (200) <GET https://www.w3schools.com/robots.txt> (referer: None)
2020-02-19 23:30:48 [scrapy.core.engine] DEBUG: Crawled (200) <GET https://www.w3schools.com/tags/tag_hn.asp> (referer: None)
2020-02-19 23:30:49 [scrapy.core.engine] DEBUG: Crawled (200) <GET https://www.w3schools.com> (referer: https://www.w3schools.com/tags/tag_hn.asp)
2020-02-19 23:30:49 [scrapy.core.engine] DEBUG: Crawled (200) <GET https://www.w3schools.com/js/js_json_intro.asp> (referer: https://www.w3schools.com/tags/tag_hn.asp)
2020-02-19 23:30:49 [scrapy.core.engine] DEBUG: Crawled (200) <GET https://www.w3schools.com/angular/default.asp> (referer: https://www.w3schools.com/tags/tag_hn.asp)
2020-02-19 23:30:49 [scrapy.core.scraper] DEBUG: Scraped from <200 https://www.w3schools.com>
{'response': ['HTML', 'CSS', 'CSS', 'JavaScript', 'SQL', 'SQL']}
2020-02-19 23:30:49 [scrapy.core.engine] DEBUG: Crawled (200) <GET https://www.w3schools.com/react/default.asp> (referer: https://www.w3schools.com/tags/tag_hn.asp)
2020-02-19 23:30:49 [scrapy.core.engine] DEBUG: Crawled (200) <GET https://www.w3schools.com/cpp/default.asp> (referer: https://www.w3schools.com/tags/tag_hn.asp)
2020-02-19 23:30:49 [scrapy.core.engine] DEBUG: Crawled (200) <GET https://www.w3schools.com/python/python_ml_getting_started.asp> (referer: https://www.w3schools.com/tags/tag_hn.asp)
2020-02-19 23:30:49 [scrapy.core.engine] DEBUG: Crawled (200) <GET https://www.w3schools.com/nodejs/default.asp> (referer: https://www.w3schools.com/tags/tag_hn.asp)
2020-02-19 23:30:49 [scrapy.core.engine] DEBUG: Crawled (200) <GET https://www.w3schools.com/cs/default.asp> (referer: https://www.w3schools.com/tags/tag_hn.asp)
2020-02-19 23:30:49 [scrapy.core.engine] DEBUG: Crawled (200) <GET https://www.w3schools.com/js/js_ajax_intro.asp> (referer: https://www.w3schools.com/tags/tag_hn.asp)
2020-02-19 23:30:49 [scrapy.core.engine] DEBUG: Crawled (200) <GET https://www.w3schools.com/asp/default.asp> (referer: https://www.w3schools.com/tags/tag_hn.asp)
2020-02-19 23:30:49 [scrapy.core.scraper] DEBUG: Scraped from <200 https://www.w3schools.com/js/js_json_intro.asp>
{'response': ['JSON ']}
2020-02-19 23:30:49 [scrapy.core.engine] DEBUG: Crawled (200) <GET https://www.w3schools.com/xml/schema_intro.asp> (referer: https://www.w3schools.com/tags/tag_hn.asp)
2020-02-19 23:30:49 [scrapy.core.scraper] DEBUG: Scraped from <200 https://www.w3schools.com/angular/default.asp>
{'response': ['AngularJS Tutorial']}
2020-02-19 23:30:49 [scrapy.core.engine] DEBUG: Crawled (200) <GET https://www.w3schools.com/xml/xquery_intro.asp> (referer: https://www.w3schools.com/tags/tag_hn.asp)
2020-02-19 23:30:49 [scrapy.core.engine] DEBUG: Crawled (200) <GET https://www.w3schools.com/xml/xsl_intro.asp> (referer: https://www.w3schools.com/tags/tag_hn.asp)
2020-02-19 23:30:49 [scrapy.core.engine] DEBUG: Crawled (200) <GET https://www.w3schools.com/xml/xpath_intro.asp> (referer: https://www.w3schools.com/tags/tag_hn.asp)
2020-02-19 23:30:49 [scrapy.core.scraper] DEBUG: Scraped from <200 https://www.w3schools.com/react/default.asp>
{'response': ['React Tutorial']}
2020-02-19 23:30:49 [scrapy.core.engine] DEBUG: Crawled (200) <GET https://www.w3schools.com/charsets/ref_html_ascii.asp> (referer: https://www.w3schools.com/tags/tag_hn.asp)
2020-02-19 23:30:49 [scrapy.core.engine] DEBUG: Crawled (200) <GET https://www.w3schools.com/tags/tag_input.asp> (referer: https://www.w3schools.com/tags/tag_hn.asp)
2020-02-19 23:30:49 [scrapy.core.engine] DEBUG: Crawled (200) <GET https://www.w3schools.com/w3js/default.asp> (referer: https://www.w3schools.com/tags/tag_hn.asp)
2020-02-19 23:30:49 [scrapy.core.engine] DEBUG: Crawled (200) <GET https://www.w3schools.com/xml/xml_dtd_intro.asp> (referer: https://www.w3schools.com/tags/tag_hn.asp)
2020-02-19 23:30:49 [scrapy.core.scraper] DEBUG: Scraped from <200 https://www.w3schools.com/cpp/default.asp>
{'response': ['C++ ']}
2020-02-19 23:30:49 [scrapy.core.scraper] DEBUG: Scraped from <200 https://www.w3schools.com/python/python_ml_getting_started.asp>
{'response': ['Machine Learning']}
2020-02-19 23:30:49 [scrapy.core.scraper] DEBUG: Scraped from <200 https://www.w3schools.com/nodejs/default.asp>
{'response': ['Node.js ']}
2020-02-19 23:30:49 [scrapy.core.engine] DEBUG: Crawled (200) <GET https://www.w3schools.com/about/about_privacy.asp> (referer: https://www.w3schools.com/tags/tag_hn.asp)
2020-02-19 23:30:49 [scrapy.core.engine] DEBUG: Crawled (200) <GET https://www.w3schools.com/about/about_copyright.asp> (referer: https://www.w3schools.com/tags/tag_hn.asp)
2020-02-19 23:30:49 [scrapy.core.engine] DEBUG: Crawled (200) <GET https://www.w3schools.com/xml/xml_examples.asp> (referer: https://www.w3schools.com/tags/tag_hn.asp)
2020-02-19 23:30:49 [scrapy.core.engine] DEBUG: Crawled (200) <GET https://www.w3schools.com/w3css/> (referer: https://www.w3schools.com/tags/tag_hn.asp)
2020-02-19 23:30:49 [scrapy.core.scraper] DEBUG: Scraped from <200 https://www.w3schools.com/cs/default.asp>
{'response': ['C# ']}
2020-02-19 23:30:49 [scrapy.core.scraper] DEBUG: Scraped from <200 https://www.w3schools.com/js/js_ajax_intro.asp>
{'response': ['AJAX ']}
2020-02-19 23:30:49 [scrapy.core.scraper] DEBUG: Scraped from <200 https://www.w3schools.com/asp/default.asp>
{'response': ['ASP and ASP.NET Tutorials']}
2020-02-19 23:30:49 [scrapy.core.scraper] DEBUG: Scraped from <200 https://www.w3schools.com/xml/schema_intro.asp>
{'response': ['XML Schema ']}
2020-02-19 23:30:49 [scrapy.core.scraper] DEBUG: Scraped from <200 https://www.w3schools.com/xml/xquery_intro.asp>
{'response': ['XQuery ']}
2020-02-19 23:30:49 [scrapy.core.engine] DEBUG: Crawled (200) <GET https://www.w3schools.com/java/java_examples.asp> (referer: https://www.w3schools.com/tags/tag_hn.asp)
2020-02-19 23:30:49 [scrapy.core.engine] DEBUG: Crawled (200) <GET https://www.w3schools.com/jquery/jquery_examples.asp> (referer: https://www.w3schools.com/tags/tag_hn.asp)
2020-02-19 23:30:49 [scrapy.core.engine] DEBUG: Crawled (200) <GET https://www.w3schools.com/php/php_examples.asp> (referer: https://www.w3schools.com/tags/tag_hn.asp)
2020-02-19 23:30:49 [scrapy.core.engine] DEBUG: Crawled (200) <GET https://www.w3schools.com/bootstrap/bootstrap_examples.asp> (referer: https://www.w3schools.com/tags/tag_hn.asp)
2020-02-19 23:30:49 [scrapy.core.scraper] DEBUG: Scraped from <200 https://www.w3schools.com/xml/xsl_intro.asp>
{'response': ['XSLT Introduction']}
2020-02-19 23:30:49 [scrapy.core.scraper] DEBUG: Scraped from <200 https://www.w3schools.com/xml/xpath_intro.asp>
{'response': ['XPath ']}
2020-02-19 23:30:49 [scrapy.core.scraper] DEBUG: Scraped from <200 https://www.w3schools.com/charsets/ref_html_ascii.asp>
{'response': ['HTML ', ' Reference']}
2020-02-19 23:30:49 [scrapy.core.scraper] DEBUG: Scraped from <200 https://www.w3schools.com/tags/tag_input.asp>
{'response': ['HTML ', ' Tag']}
2020-02-19 23:30:49 [scrapy.core.scraper] DEBUG: Scraped from <200 https://www.w3schools.com/w3js/default.asp>
{'response': ['W3.JS Tutorial']}
2020-02-19 23:30:49 [scrapy.core.engine] DEBUG: Crawled (200) <GET https://www.w3schools.com/python/python_examples.asp> (referer: https://www.w3schools.com/tags/tag_hn.asp)
2020-02-19 23:30:49 [scrapy.core.engine] DEBUG: Crawled (200) <GET https://www.w3schools.com/sql/sql_examples.asp> (referer: https://www.w3schools.com/tags/tag_hn.asp)
2020-02-19 23:30:49 [scrapy.core.engine] DEBUG: Crawled (200) <GET https://www.w3schools.com/js/js_examples.asp> (referer: https://www.w3schools.com/tags/tag_hn.asp)
2020-02-19 23:30:49 [scrapy.core.scraper] DEBUG: Scraped from <200 https://www.w3schools.com/xml/xml_dtd_intro.asp>
{'response': ['DTD ']}
2020-02-19 23:30:49 [scrapy.core.scraper] DEBUG: Scraped from <200 https://www.w3schools.com/about/about_privacy.asp>
{'response': ['About Privacy']}
2020-02-19 23:30:49 [scrapy.core.scraper] DEBUG: Scraped from <200 https://www.w3schools.com/about/about_copyright.asp>
{'response': ['About Copyright']}
2020-02-19 23:30:49 [scrapy.core.scraper] DEBUG: Scraped from <200 https://www.w3schools.com/xml/xml_examples.asp>
{'response': ['XML ']}
2020-02-19 23:30:49 [scrapy.core.engine] DEBUG: Crawled (200) <GET https://www.w3schools.com/css/css_examples.asp> (referer: https://www.w3schools.com/tags/tag_hn.asp)
2020-02-19 23:30:49 [scrapy.core.engine] DEBUG: Crawled (200) <GET https://www.w3schools.com/html/html_examples.asp> (referer: https://www.w3schools.com/tags/tag_hn.asp)
2020-02-19 23:30:49 [scrapy.core.engine] DEBUG: Crawled (200) <GET https://www.w3schools.com/colors/colors_names.asp> (referer: https://www.w3schools.com/tags/tag_hn.asp)
2020-02-19 23:30:49 [scrapy.core.engine] DEBUG: Crawled (200) <GET https://www.w3schools.com/w3css/w3css_examples.asp> (referer: https://www.w3schools.com/tags/tag_hn.asp)
2020-02-19 23:30:49 [scrapy.core.scraper] DEBUG: Scraped from <200 https://www.w3schools.com/w3css/>
{'response': ['W3.CSS ']}
2020-02-19 23:30:49 [scrapy.core.scraper] DEBUG: Scraped from <200 https://www.w3schools.com/java/java_examples.asp>
{'response': ['Java ']}
2020-02-19 23:30:49 [scrapy.core.scraper] DEBUG: Scraped from <200 https://www.w3schools.com/jquery/jquery_examples.asp>
{'response': ['jQuery ']}
2020-02-19 23:30:49 [scrapy.core.engine] DEBUG: Crawled (200) <GET https://www.w3schools.com/howto/howto_js_sort_list.asp> (referer: https://www.w3schools.com/tags/tag_hn.asp)
2020-02-19 23:30:49 [scrapy.core.engine] DEBUG: Crawled (200) <GET https://www.w3schools.com/howto/howto_js_filter_lists.asp> (referer: https://www.w3schools.com/tags/tag_hn.asp)
2020-02-19 23:30:49 [scrapy.core.engine] DEBUG: Crawled (200) <GET https://www.w3schools.com/about/default.asp> (referer: https://www.w3schools.com/tags/tag_hn.asp)
2020-02-19 23:30:49 [scrapy.core.scraper] DEBUG: Scraped from <200 https://www.w3schools.com/php/php_examples.asp>
{'response': ['PHP ']}
2020-02-19 23:30:49 [scrapy.core.scraper] DEBUG: Scraped from <200 https://www.w3schools.com/bootstrap/bootstrap_examples.asp>
{'response': ['Bootstrap ']}
2020-02-19 23:30:49 [scrapy.core.scraper] DEBUG: Scraped from <200 https://www.w3schools.com/python/python_examples.asp>
{'response': ['Python ']}
2020-02-19 23:30:49 [scrapy.core.engine] DEBUG: Crawled (200) <GET https://www.w3schools.com/howto/howto_js_slideshow.asp> (referer: https://www.w3schools.com/tags/tag_hn.asp)
2020-02-19 23:30:49 [scrapy.core.engine] DEBUG: Crawled (200) <GET https://www.w3schools.com/howto/howto_css_tooltip.asp> (referer: https://www.w3schools.com/tags/tag_hn.asp)
2020-02-19 23:30:49 [scrapy.core.engine] DEBUG: Crawled (200) <GET https://www.w3schools.com/howto/howto_js_rangeslider.asp> (referer: https://www.w3schools.com/tags/tag_hn.asp)
2020-02-19 23:30:49 [scrapy.core.scraper] DEBUG: Scraped from <200 https://www.w3schools.com/sql/sql_examples.asp>
{'response': ['SQL ']}
2020-02-19 23:30:49 [scrapy.core.scraper] DEBUG: Scraped from <200 https://www.w3schools.com/js/js_examples.asp>
{'response': ['JavaScript ']}
2020-02-19 23:30:49 [scrapy.core.scraper] DEBUG: Scraped from <200 https://www.w3schools.com/css/css_examples.asp>
{'response': ['CSS ']}
2020-02-19 23:30:50 [scrapy.core.engine] DEBUG: Crawled (200) <GET https://www.w3schools.com/howto/howto_html_include.asp> (referer: https://www.w3schools.com/tags/tag_hn.asp)
2020-02-19 23:30:50 [scrapy.core.engine] DEBUG: Crawled (200) <GET https://www.w3schools.com/howto/howto_css_login_form.asp> (referer: https://www.w3schools.com/tags/tag_hn.asp)
2020-02-19 23:30:50 [scrapy.core.engine] DEBUG: Crawled (200) <GET https://www.w3schools.com/howto/howto_css_parallax.asp> (referer: https://www.w3schools.com/tags/tag_hn.asp)
2020-02-19 23:30:50 [scrapy.downloadermiddlewares.redirect] DEBUG: Redirecting (301) to <GET https://www.w3schools.com/graphics/google_maps_intro.asp> from <GET https://www.w3schools.com/howto/howto_google_maps.asp>
2020-02-19 23:30:50 [scrapy.core.scraper] DEBUG: Scraped from <200 https://www.w3schools.com/html/html_examples.asp>
{'response': ['HTML ']}
2020-02-19 23:30:50 [scrapy.core.scraper] DEBUG: Scraped from <200 https://www.w3schools.com/colors/colors_names.asp>
{'response': ['HTML Color Names']}
2020-02-19 23:30:50 [scrapy.core.scraper] DEBUG: Scraped from <200 https://www.w3schools.com/w3css/w3css_examples.asp>
{'response': ['W3.CSS ']}
2020-02-19 23:30:50 [scrapy.core.scraper] DEBUG: Scraped from <200 https://www.w3schools.com/howto/howto_js_sort_list.asp>
{'response': ['How TO - Sort a List']}
2020-02-19 23:30:50 [scrapy.core.engine] DEBUG: Crawled (200) <GET https://www.w3schools.com/howto/howto_js_progressbar.asp> (referer: https://www.w3schools.com/tags/tag_hn.asp)
2020-02-19 23:30:50 [scrapy.core.engine] DEBUG: Crawled (200) <GET https://www.w3schools.com/howto/howto_css_modals.asp> (referer: https://www.w3schools.com/tags/tag_hn.asp)
2020-02-19 23:30:50 [scrapy.core.engine] DEBUG: Crawled (200) <GET https://www.w3schools.com/howto/howto_js_topnav.asp> (referer: https://www.w3schools.com/tags/tag_hn.asp)
2020-02-19 23:30:50 [scrapy.downloadermiddlewares.redirect] DEBUG: Redirecting (301) to <GET https://www.w3schools.com/cert/cert_html_new.asp> from <GET https://www.w3schools.com/cert/cert_html.asp>
2020-02-19 23:30:50 [scrapy.dupefilters] DEBUG: Filtered duplicate request: <GET https://www.w3schools.com/cert/cert_html_new.asp> - no more duplicates will be shown (see DUPEFILTER_DEBUG to show all duplicates)
2020-02-19 23:30:50 [scrapy.core.scraper] DEBUG: Scraped from <200 https://www.w3schools.com/howto/howto_js_filter_lists.asp>
{'response': ['How TO - Filter/Search List']}
2020-02-19 23:30:50 [scrapy.core.scraper] DEBUG: Scraped from <200 https://www.w3schools.com/about/default.asp>
{'response': ['About W3Schools']}
2020-02-19 23:30:50 [scrapy.core.scraper] DEBUG: Scraped from <200 https://www.w3schools.com/howto/howto_js_slideshow.asp>
{'response': ['How TO - Slideshow']}
2020-02-19 23:30:50 [scrapy.core.scraper] DEBUG: Scraped from <200 https://www.w3schools.com/howto/howto_css_tooltip.asp>
{'response': ['How TO - Tooltip']}
2020-02-19 23:30:50 [scrapy.core.engine] DEBUG: Crawled (200) <GET https://www.w3schools.com/howto/howto_js_tabs.asp> (referer: https://www.w3schools.com/tags/tag_hn.asp)
2020-02-19 23:30:50 [scrapy.core.engine] DEBUG: Crawled (200) <GET https://www.w3schools.com/howto/howto_js_sidenav.asp> (referer: https://www.w3schools.com/tags/tag_hn.asp)
2020-02-19 23:30:50 [scrapy.core.engine] DEBUG: Crawled (200) <GET https://www.w3schools.com/howto/howto_js_accordion.asp> (referer: https://www.w3schools.com/tags/tag_hn.asp)
2020-02-19 23:30:50 [scrapy.core.engine] DEBUG: Crawled (200) <GET https://www.w3schools.com/howto/howto_css_dropdown.asp> (referer: https://www.w3schools.com/tags/tag_hn.asp)
2020-02-19 23:30:50 [scrapy.core.scraper] DEBUG: Scraped from <200 https://www.w3schools.com/howto/howto_js_rangeslider.asp>
{'response': ['How TO - Range Sliders']}
2020-02-19 23:30:50 [scrapy.core.scraper] DEBUG: Scraped from <200 https://www.w3schools.com/howto/howto_html_include.asp>
{'response': ['How TO - Include HTML']}
2020-02-19 23:30:50 [scrapy.core.scraper] DEBUG: Scraped from <200 https://www.w3schools.com/howto/howto_css_login_form.asp>
{'response': ['How TO - Login Form']}
2020-02-19 23:30:50 [scrapy.core.scraper] DEBUG: Scraped from <200 https://www.w3schools.com/howto/howto_css_parallax.asp>
{'response': ['How TO - Parallax Scrolling']}
2020-02-19 23:30:50 [scrapy.core.scraper] DEBUG: Scraped from <200 https://www.w3schools.com/howto/howto_js_progressbar.asp>
{'response': ['How TO - JavaScript Progress Bar']}
2020-02-19 23:30:50 [scrapy.core.scraper] DEBUG: Scraped from <200 https://www.w3schools.com/howto/howto_css_modals.asp>
{'response': ['How TO - CSS/JS Modal']}
2020-02-19 23:30:50 [scrapy.core.scraper] DEBUG: Scraped from <200 https://www.w3schools.com/howto/howto_js_topnav.asp>
{'response': ['How TO - Top Navigation']}
2020-02-19 23:30:50 [scrapy.core.scraper] DEBUG: Scraped from <200 https://www.w3schools.com/howto/howto_js_tabs.asp>
{'response': ['How TO - Tabs']}
2020-02-19 23:30:50 [scrapy.core.scraper] DEBUG: Scraped from <200 https://www.w3schools.com/howto/howto_js_sidenav.asp>
{'response': ['How TO - Side Navigation']}
2020-02-19 23:30:50 [scrapy.core.engine] DEBUG: Crawled (200) <GET https://www.w3schools.com/colors/colors_picker.asp> (referer: https://www.w3schools.com/tags/tag_hn.asp)
2020-02-19 23:30:50 [scrapy.core.engine] DEBUG: Crawled (200) <GET https://www.w3schools.com/tags/tryit.asp?filename=tryhtml_h2_default_css> (referer: https://www.w3schools.com/tags/tag_hn.asp)
2020-02-19 23:30:50 [scrapy.core.engine] DEBUG: Crawled (200) <GET https://www.w3schools.com/tags/tryit.asp?filename=tryhtml_h3_default_css> (referer: https://www.w3schools.com/tags/tag_hn.asp)
2020-02-19 23:30:50 [scrapy.core.engine] DEBUG: Crawled (200) <GET https://www.w3schools.com/tags/tryit.asp?filename=tryhtml_h1_default_css> (referer: https://www.w3schools.com/tags/tag_hn.asp)
2020-02-19 23:30:50 [scrapy.core.scraper] DEBUG: Scraped from <200 https://www.w3schools.com/howto/howto_js_accordion.asp>
{'response': ['How TO - Collapsibles/Accordion']}
2020-02-19 23:30:50 [scrapy.core.engine] DEBUG: Crawled (200) <GET https://www.w3schools.com/tags/tryit.asp?filename=tryhtml_h4_default_css> (referer: https://www.w3schools.com/tags/tag_hn.asp)
2020-02-19 23:30:50 [scrapy.core.engine] DEBUG: Crawled (200) <GET https://www.w3schools.com/graphics/google_maps_intro.asp> (referer: https://www.w3schools.com/tags/tag_hn.asp)
2020-02-19 23:30:50 [scrapy.core.scraper] DEBUG: Scraped from <200 https://www.w3schools.com/howto/howto_css_dropdown.asp>
{'response': ['How TO - Hoverable Dropdown']}
2020-02-19 23:30:50 [scrapy.core.engine] DEBUG: Crawled (200) <GET https://www.w3schools.com/html/html_headings.asp> (referer: https://www.w3schools.com/tags/tag_hn.asp)
2020-02-19 23:30:50 [scrapy.core.engine] DEBUG: Crawled (200) <GET https://www.w3schools.com/jsref/dom_obj_heading.asp> (referer: https://www.w3schools.com/tags/tag_hn.asp)
2020-02-19 23:30:50 [scrapy.core.engine] DEBUG: Crawled (200) <GET https://www.w3schools.com/tags/tryit.asp?filename=tryhtml_h5_default_css> (referer: https://www.w3schools.com/tags/tag_hn.asp)
2020-02-19 23:30:50 [scrapy.core.engine] DEBUG: Crawled (200) <GET https://www.w3schools.com/tags/tryit.asp?filename=tryhtml_h6_default_css> (referer: https://www.w3schools.com/tags/tag_hn.asp)
2020-02-19 23:30:50 [scrapy.core.engine] DEBUG: Crawled (200) <GET https://www.w3schools.com/tags/tag_wbr.asp> (referer: https://www.w3schools.com/tags/tag_hn.asp)
2020-02-19 23:30:50 [scrapy.core.engine] DEBUG: Crawled (200) <GET https://www.w3schools.com/tags/att_hn_align.asp> (referer: https://www.w3schools.com/tags/tag_hn.asp)
2020-02-19 23:30:50 [scrapy.core.engine] DEBUG: Crawled (200) <GET https://www.w3schools.com/tags/tryit.asp?filename=tryhtml_headers> (referer: https://www.w3schools.com/tags/tag_hn.asp)
2020-02-19 23:30:50 [scrapy.core.scraper] DEBUG: Scraped from <200 https://www.w3schools.com/colors/colors_picker.asp>
{'response': ['HTML ']}
2020-02-19 23:30:50 [scrapy.core.scraper] DEBUG: Scraped from <200 https://www.w3schools.com/tags/tryit.asp?filename=tryhtml_h2_default_css>
{'response': []}
2020-02-19 23:30:50 [scrapy.core.scraper] DEBUG: Scraped from <200 https://www.w3schools.com/tags/tryit.asp?filename=tryhtml_h3_default_css>
{'response': []}
2020-02-19 23:30:50 [scrapy.core.scraper] DEBUG: Scraped from <200 https://www.w3schools.com/tags/tryit.asp?filename=tryhtml_h1_default_css>
{'response': ['This is heading 1']}
2020-02-19 23:30:50 [scrapy.core.engine] DEBUG: Crawled (200) <GET https://www.w3schools.com/tags/tag_var.asp> (referer: https://www.w3schools.com/tags/tag_hn.asp)
2020-02-19 23:30:50 [scrapy.core.engine] DEBUG: Crawled (200) <GET https://www.w3schools.com/tags/tag_ul.asp> (referer: https://www.w3schools.com/tags/tag_hn.asp)
2020-02-19 23:30:50 [scrapy.core.engine] DEBUG: Crawled (200) <GET https://www.w3schools.com/tags/tag_u.asp> (referer: https://www.w3schools.com/tags/tag_hn.asp)
2020-02-19 23:30:50 [scrapy.core.engine] DEBUG: Crawled (200) <GET https://www.w3schools.com/tags/tag_tt.asp> (referer: https://www.w3schools.com/tags/tag_hn.asp)
2020-02-19 23:30:50 [scrapy.core.engine] DEBUG: Crawled (200) <GET https://www.w3schools.com/tags/tag_video.asp> (referer: https://www.w3schools.com/tags/tag_hn.asp)
2020-02-19 23:30:50 [scrapy.core.scraper] DEBUG: Scraped from <200 https://www.w3schools.com/tags/tryit.asp?filename=tryhtml_h4_default_css>
{'response': []}
2020-02-19 23:30:50 [scrapy.core.scraper] DEBUG: Scraped from <200 https://www.w3schools.com/graphics/google_maps_intro.asp>
{'response': ['Google Maps Tutorial']}
2020-02-19 23:30:50 [scrapy.core.engine] DEBUG: Crawled (200) <GET https://www.w3schools.com/tags/tag_track.asp> (referer: https://www.w3schools.com/tags/tag_hn.asp)
2020-02-19 23:30:50 [scrapy.core.engine] DEBUG: Crawled (200) <GET https://www.w3schools.com/tags/tag_tr.asp> (referer: https://www.w3schools.com/tags/tag_hn.asp)
2020-02-19 23:30:50 [scrapy.core.engine] DEBUG: Crawled (200) <GET https://www.w3schools.com/tags/tag_title.asp> (referer: https://www.w3schools.com/tags/tag_hn.asp)
2020-02-19 23:30:50 [scrapy.core.scraper] DEBUG: Scraped from <200 https://www.w3schools.com/html/html_headings.asp>
{'response': ['HTML ', 'Heading 1']}
2020-02-19 23:30:50 [scrapy.core.scraper] DEBUG: Scraped from <200 https://www.w3schools.com/jsref/dom_obj_heading.asp>
{'response': ['HTML DOM ', ' Object']}
2020-02-19 23:30:50 [scrapy.core.scraper] DEBUG: Scraped from <200 https://www.w3schools.com/tags/tryit.asp?filename=tryhtml_h5_default_css>
{'response': []}
2020-02-19 23:30:50 [scrapy.core.scraper] DEBUG: Scraped from <200 https://www.w3schools.com/tags/tryit.asp?filename=tryhtml_h6_default_css>
{'response': []}
2020-02-19 23:30:50 [scrapy.core.scraper] DEBUG: Scraped from <200 https://www.w3schools.com/tags/tag_wbr.asp>
{'response': ['HTML ', ' Tag']}
2020-02-19 23:30:50 [scrapy.core.scraper] DEBUG: Scraped from <200 https://www.w3schools.com/tags/att_hn_align.asp>
{'response': ['HTML <h1> to <h6> ', ' Attribute']}
2020-02-19 23:30:50 [scrapy.core.scraper] DEBUG: Scraped from <200 https://www.w3schools.com/tags/tryit.asp?filename=tryhtml_headers>
{'response': ['This is heading 1']}
2020-02-19 23:30:50 [scrapy.core.engine] DEBUG: Crawled (200) <GET https://www.w3schools.com/tags/tag_thead.asp> (referer: https://www.w3schools.com/tags/tag_hn.asp)
2020-02-19 23:30:50 [scrapy.core.engine] DEBUG: Crawled (200) <GET https://www.w3schools.com/tags/tag_th.asp> (referer: https://www.w3schools.com/tags/tag_hn.asp)
2020-02-19 23:30:50 [scrapy.core.engine] DEBUG: Crawled (200) <GET https://www.w3schools.com/tags/tag_tfoot.asp> (referer: https://www.w3schools.com/tags/tag_hn.asp)
2020-02-19 23:30:50 [scrapy.core.engine] DEBUG: Crawled (200) <GET https://www.w3schools.com/tags/tag_textarea.asp> (referer: https://www.w3schools.com/tags/tag_hn.asp)
2020-02-19 23:30:50 [scrapy.core.scraper] DEBUG: Scraped from <200 https://www.w3schools.com/tags/tag_var.asp>
{'response': ['HTML ', 'Tag']}
2020-02-19 23:30:50 [scrapy.core.scraper] DEBUG: Scraped from <200 https://www.w3schools.com/tags/tag_ul.asp>
{'response': ['HTML ', ' Tag']}
2020-02-19 23:30:50 [scrapy.core.engine] DEBUG: Crawled (200) <GET https://www.w3schools.com/tags/tag_template.asp> (referer: https://www.w3schools.com/tags/tag_hn.asp)
2020-02-19 23:30:50 [scrapy.core.engine] DEBUG: Crawled (200) <GET https://www.w3schools.com/tags/tag_td.asp> (referer: https://www.w3schools.com/tags/tag_hn.asp)
2020-02-19 23:30:50 [scrapy.core.engine] DEBUG: Crawled (200) <GET https://www.w3schools.com/tags/tag_tbody.asp> (referer: https://www.w3schools.com/tags/tag_hn.asp)
2020-02-19 23:30:50 [scrapy.core.engine] DEBUG: Crawled (200) <GET https://www.w3schools.com/tags/tag_time.asp> (referer: https://www.w3schools.com/tags/tag_hn.asp)
2020-02-19 23:30:50 [scrapy.core.scraper] DEBUG: Scraped from <200 https://www.w3schools.com/tags/tag_u.asp>
{'response': ['HTML ', ' Tag']}
2020-02-19 23:30:50 [scrapy.core.scraper] DEBUG: Scraped from <200 https://www.w3schools.com/tags/tag_tt.asp>
{'response': ['HTML ', ' Tag. ']}
2020-02-19 23:30:50 [scrapy.core.scraper] DEBUG: Scraped from <200 https://www.w3schools.com/tags/tag_video.asp>
{'response': ['HTML ', ' Tag']}
2020-02-19 23:30:50 [scrapy.core.scraper] DEBUG: Scraped from <200 https://www.w3schools.com/tags/tag_track.asp>
{'response': ['HTML ', ' Tag']}
2020-02-19 23:30:50 [scrapy.core.scraper] DEBUG: Scraped from <200 https://www.w3schools.com/tags/tag_tr.asp>
{'response': ['HTML ', ' Tag']}
2020-02-19 23:30:50 [scrapy.core.engine] DEBUG: Crawled (200) <GET https://www.w3schools.com/tags/tag_table.asp> (referer: https://www.w3schools.com/tags/tag_hn.asp)
2020-02-19 23:30:51 [scrapy.core.engine] DEBUG: Crawled (200) <GET https://www.w3schools.com/tags/tag_svg.asp> (referer: https://www.w3schools.com/tags/tag_hn.asp)
2020-02-19 23:30:51 [scrapy.core.engine] DEBUG: Crawled (200) <GET https://www.w3schools.com/tags/tag_summary.asp> (referer: https://www.w3schools.com/tags/tag_hn.asp)
2020-02-19 23:30:51 [scrapy.core.scraper] DEBUG: Scraped from <200 https://www.w3schools.com/tags/tag_title.asp>
{'response': ['HTML ', ' Tag']}
2020-02-19 23:30:51 [scrapy.core.scraper] DEBUG: Scraped from <200 https://www.w3schools.com/tags/tag_thead.asp>
{'response': ['HTML ', ' Tag']}
2020-02-19 23:30:51 [scrapy.core.scraper] DEBUG: Scraped from <200 https://www.w3schools.com/tags/tag_th.asp>
{'response': ['HTML ', ' Tag']}
2020-02-19 23:30:51 [scrapy.core.engine] DEBUG: Crawled (200) <GET https://www.w3schools.com/tags/tag_sub.asp> (referer: https://www.w3schools.com/tags/tag_hn.asp)
2020-02-19 23:30:51 [scrapy.core.engine] DEBUG: Crawled (200) <GET https://www.w3schools.com/tags/tag_style.asp> (referer: https://www.w3schools.com/tags/tag_hn.asp)
2020-02-19 23:30:51 [scrapy.core.engine] DEBUG: Crawled (200) <GET https://www.w3schools.com/tags/tag_strong.asp> (referer: https://www.w3schools.com/tags/tag_hn.asp)
2020-02-19 23:30:51 [scrapy.core.engine] DEBUG: Crawled (200) <GET https://www.w3schools.com/tags/tag_strike.asp> (referer: https://www.w3schools.com/tags/tag_hn.asp)
2020-02-19 23:30:51 [scrapy.core.scraper] DEBUG: Scraped from <200 https://www.w3schools.com/tags/tag_tfoot.asp>
{'response': ['HTML ', ' Tag']}
2020-02-19 23:30:51 [scrapy.core.scraper] DEBUG: Scraped from <200 https://www.w3schools.com/tags/tag_textarea.asp>
{'response': ['HTML ', ' Tag']}
2020-02-19 23:30:51 [scrapy.core.scraper] DEBUG: Scraped from <200 https://www.w3schools.com/tags/tag_template.asp>
{'response': ['HTML ', ' Tag']}
2020-02-19 23:30:51 [scrapy.core.scraper] DEBUG: Scraped from <200 https://www.w3schools.com/tags/tag_td.asp>
{'response': ['HTML ', ' Tag']}
2020-02-19 23:30:51 [scrapy.core.engine] DEBUG: Crawled (200) <GET https://www.w3schools.com/tags/tag_span.asp> (referer: https://www.w3schools.com/tags/tag_hn.asp)
2020-02-19 23:30:51 [scrapy.core.engine] DEBUG: Crawled (200) <GET https://www.w3schools.com/tags/tag_source.asp> (referer: https://www.w3schools.com/tags/tag_hn.asp)
2020-02-19 23:30:51 [scrapy.core.engine] DEBUG: Crawled (200) <GET https://www.w3schools.com/tags/tag_small.asp> (referer: https://www.w3schools.com/tags/tag_hn.asp)
2020-02-19 23:30:51 [scrapy.core.engine] DEBUG: Crawled (200) <GET https://www.w3schools.com/tags/tag_sup.asp> (referer: https://www.w3schools.com/tags/tag_hn.asp)
2020-02-19 23:30:51 [scrapy.core.scraper] DEBUG: Scraped from <200 https://www.w3schools.com/tags/tag_tbody.asp>
{'response': ['HTML ', ' Tag']}
2020-02-19 23:30:51 [scrapy.core.scraper] DEBUG: Scraped from <200 https://www.w3schools.com/tags/tag_time.asp>
{'response': ['HTML ', ' Tag']}
2020-02-19 23:30:51 [scrapy.core.scraper] DEBUG: Scraped from <200 https://www.w3schools.com/tags/tag_table.asp>
{'response': ['HTML ', ' Tag']}
2020-02-19 23:30:51 [scrapy.core.engine] DEBUG: Crawled (200) <GET https://www.w3schools.com/tags/tag_select.asp> (referer: https://www.w3schools.com/tags/tag_hn.asp)
2020-02-19 23:30:51 [scrapy.core.engine] DEBUG: Crawled (200) <GET https://www.w3schools.com/tags/tag_section.asp> (referer: https://www.w3schools.com/tags/tag_hn.asp)
2020-02-19 23:30:51 [scrapy.core.engine] DEBUG: Crawled (200) <GET https://www.w3schools.com/tags/tag_script.asp> (referer: https://www.w3schools.com/tags/tag_hn.asp)
2020-02-19 23:30:51 [scrapy.core.engine] DEBUG: Crawled (200) <GET https://www.w3schools.com/tags/tag_samp.asp> (referer: https://www.w3schools.com/tags/tag_hn.asp)
2020-02-19 23:30:51 [scrapy.core.scraper] DEBUG: Scraped from <200 https://www.w3schools.com/tags/tag_svg.asp>
{'response': ['HTML ', ' Tag']}
2020-02-19 23:30:51 [scrapy.core.scraper] DEBUG: Scraped from <200 https://www.w3schools.com/tags/tag_summary.asp>
{'response': ['HTML ', ' Tag']}
2020-02-19 23:30:51 [scrapy.core.scraper] DEBUG: Scraped from <200 https://www.w3schools.com/tags/tag_sub.asp>
{'response': ['HTML ', ' Tag']}
2020-02-19 23:30:51 [scrapy.core.scraper] DEBUG: Scraped from <200 https://www.w3schools.com/tags/tag_style.asp>
{'response': ['HTML ', ' Tag']}
2020-02-19 23:30:51 [scrapy.core.engine] DEBUG: Crawled (200) <GET https://www.w3schools.com/tags/tag_s.asp> (referer: https://www.w3schools.com/tags/tag_hn.asp)
2020-02-19 23:30:51 [scrapy.core.engine] DEBUG: Crawled (200) <GET https://www.w3schools.com/tags/tag_ruby.asp> (referer: https://www.w3schools.com/tags/tag_hn.asp)
2020-02-19 23:30:51 [scrapy.core.engine] DEBUG: Crawled (200) <GET https://www.w3schools.com/tags/tag_rt.asp> (referer: https://www.w3schools.com/tags/tag_hn.asp)
2020-02-19 23:30:51 [scrapy.core.engine] DEBUG: Crawled (200) <GET https://www.w3schools.com/tags/tag_rp.asp> (referer: https://www.w3schools.com/tags/tag_hn.asp)
2020-02-19 23:30:51 [scrapy.core.scraper] DEBUG: Scraped from <200 https://www.w3schools.com/tags/tag_strong.asp>
{'response': ['HTML ', 'Tag']}
2020-02-19 23:30:51 [scrapy.core.scraper] DEBUG: Scraped from <200 https://www.w3schools.com/tags/tag_strike.asp>
{'response': ['HTML ', ' Tag. ']}
2020-02-19 23:30:51 [scrapy.core.scraper] DEBUG: Scraped from <200 https://www.w3schools.com/tags/tag_span.asp>
{'response': ['HTML ', ' Tag']}
2020-02-19 23:30:51 [scrapy.core.scraper] DEBUG: Scraped from <200 https://www.w3schools.com/tags/tag_source.asp>
{'response': ['HTML ', ' Tag']}
2020-02-19 23:30:51 [scrapy.core.engine] DEBUG: Crawled (200) <GET https://www.w3schools.com/tags/tag_q.asp> (referer: https://www.w3schools.com/tags/tag_hn.asp)
2020-02-19 23:30:51 [scrapy.core.engine] DEBUG: Crawled (200) <GET https://www.w3schools.com/tags/tag_progress.asp> (referer: https://www.w3schools.com/tags/tag_hn.asp)
2020-02-19 23:30:51 [scrapy.core.engine] DEBUG: Crawled (200) <GET https://www.w3schools.com/tags/tag_pre.asp> (referer: https://www.w3schools.com/tags/tag_hn.asp)
2020-02-19 23:30:51 [scrapy.core.engine] DEBUG: Crawled (200) <GET https://www.w3schools.com/tags/tag_picture.asp> (referer: https://www.w3schools.com/tags/tag_hn.asp)
2020-02-19 23:30:51 [scrapy.core.scraper] DEBUG: Scraped from <200 https://www.w3schools.com/tags/tag_small.asp>
{'response': ['HTML ', ' Tag']}
2020-02-19 23:30:51 [scrapy.core.scraper] DEBUG: Scraped from <200 https://www.w3schools.com/tags/tag_sup.asp>
{'response': ['HTML ', ' Tag']}
2020-02-19 23:30:51 [scrapy.core.scraper] DEBUG: Scraped from <200 https://www.w3schools.com/tags/tag_select.asp>
{'response': ['HTML ', ' Tag']}
2020-02-19 23:30:51 [scrapy.core.scraper] DEBUG: Scraped from <200 https://www.w3schools.com/tags/tag_section.asp>
{'response': ['HTML ', ' Tag']}
2020-02-19 23:30:51 [scrapy.core.engine] DEBUG: Crawled (200) <GET https://www.w3schools.com/tags/tag_param.asp> (referer: https://www.w3schools.com/tags/tag_hn.asp)
2020-02-19 23:30:51 [scrapy.core.engine] DEBUG: Crawled (200) <GET https://www.w3schools.com/tags/tag_p.asp> (referer: https://www.w3schools.com/tags/tag_hn.asp)
2020-02-19 23:30:51 [scrapy.core.engine] DEBUG: Crawled (200) <GET https://www.w3schools.com/tags/tag_output.asp> (referer: https://www.w3schools.com/tags/tag_hn.asp)
2020-02-19 23:30:51 [scrapy.core.engine] DEBUG: Crawled (200) <GET https://www.w3schools.com/tags/tag_option.asp> (referer: https://www.w3schools.com/tags/tag_hn.asp)
2020-02-19 23:30:51 [scrapy.core.scraper] DEBUG: Scraped from <200 https://www.w3schools.com/tags/tag_script.asp>
{'response': ['HTML ', ' Tag']}
2020-02-19 23:30:51 [scrapy.core.scraper] DEBUG: Scraped from <200 https://www.w3schools.com/tags/tag_samp.asp>
{'response': ['HTML ', 'Tag']}
2020-02-19 23:30:51 [scrapy.core.scraper] DEBUG: Scraped from <200 https://www.w3schools.com/tags/tag_s.asp>
{'response': ['HTML ', ' Tag']}
2020-02-19 23:30:51 [scrapy.core.scraper] DEBUG: Scraped from <200 https://www.w3schools.com/tags/tag_ruby.asp>
{'response': ['HTML ', ' Tag']}
2020-02-19 23:30:51 [scrapy.core.scraper] DEBUG: Scraped from <200 https://www.w3schools.com/tags/tag_rt.asp>
{'response': ['HTML ', ' Tag']}
2020-02-19 23:30:51 [scrapy.core.engine] DEBUG: Crawled (200) <GET https://www.w3schools.com/tags/tag_ol.asp> (referer: https://www.w3schools.com/tags/tag_hn.asp)
2020-02-19 23:30:51 [scrapy.core.engine] DEBUG: Crawled (200) <GET https://www.w3schools.com/tags/tag_object.asp> (referer: https://www.w3schools.com/tags/tag_hn.asp)
2020-02-19 23:30:51 [scrapy.core.engine] DEBUG: Crawled (200) <GET https://www.w3schools.com/tags/tag_noscript.asp> (referer: https://www.w3schools.com/tags/tag_hn.asp)
2020-02-19 23:30:51 [scrapy.core.scraper] DEBUG: Scraped from <200 https://www.w3schools.com/tags/tag_rp.asp>
{'response': ['HTML ', ' Tag']}
2020-02-19 23:30:51 [scrapy.core.scraper] DEBUG: Scraped from <200 https://www.w3schools.com/tags/tag_q.asp>
{'response': ['HTML ', ' Tag']}
2020-02-19 23:30:51 [scrapy.core.scraper] DEBUG: Scraped from <200 https://www.w3schools.com/tags/tag_progress.asp>
{'response': ['HTML ', ' Tag']}
2020-02-19 23:30:51 [scrapy.core.scraper] DEBUG: Scraped from <200 https://www.w3schools.com/tags/tag_pre.asp>
{'response': ['HTML ', ' Tag']}
2020-02-19 23:30:51 [scrapy.core.engine] DEBUG: Crawled (200) <GET https://www.w3schools.com/tags/tag_noframes.asp> (referer: https://www.w3schools.com/tags/tag_hn.asp)
2020-02-19 23:30:51 [scrapy.core.engine] DEBUG: Crawled (200) <GET https://www.w3schools.com/tags/tag_nav.asp> (referer: https://www.w3schools.com/tags/tag_hn.asp)
2020-02-19 23:30:51 [scrapy.core.engine] DEBUG: Crawled (200) <GET https://www.w3schools.com/tags/tag_meter.asp> (referer: https://www.w3schools.com/tags/tag_hn.asp)
2020-02-19 23:30:51 [scrapy.core.engine] DEBUG: Crawled (200) <GET https://www.w3schools.com/tags/tag_meta.asp> (referer: https://www.w3schools.com/tags/tag_hn.asp)
2020-02-19 23:30:51 [scrapy.core.scraper] DEBUG: Scraped from <200 https://www.w3schools.com/tags/tag_picture.asp>
{'response': ['HTML ', ' Tag']}
2020-02-19 23:30:51 [scrapy.core.scraper] DEBUG: Scraped from <200 https://www.w3schools.com/tags/tag_param.asp>
{'response': ['HTML ', ' Tag']}
2020-02-19 23:30:51 [scrapy.core.scraper] DEBUG: Scraped from <200 https://www.w3schools.com/tags/tag_p.asp>
{'response': ['HTML ', ' Tag']}
2020-02-19 23:30:51 [scrapy.core.engine] DEBUG: Crawled (200) <GET https://www.w3schools.com/tags/tag_mark.asp> (referer: https://www.w3schools.com/tags/tag_hn.asp)
2020-02-19 23:30:51 [scrapy.core.engine] DEBUG: Crawled (200) <GET https://www.w3schools.com/tags/tag_map.asp> (referer: https://www.w3schools.com/tags/tag_hn.asp)
2020-02-19 23:30:51 [scrapy.core.engine] DEBUG: Crawled (200) <GET https://www.w3schools.com/tags/tag_main.asp> (referer: https://www.w3schools.com/tags/tag_hn.asp)
2020-02-19 23:30:51 [scrapy.core.engine] DEBUG: Crawled (200) <GET https://www.w3schools.com/tags/tag_optgroup.asp> (referer: https://www.w3schools.com/tags/tag_hn.asp)
2020-02-19 23:30:51 [scrapy.core.scraper] DEBUG: Scraped from <200 https://www.w3schools.com/tags/tag_output.asp>
{'response': ['HTML ', ' Tag']}
2020-02-19 23:30:51 [scrapy.core.scraper] DEBUG: Scraped from <200 https://www.w3schools.com/tags/tag_option.asp>
{'response': ['HTML ', ' Tag']}
2020-02-19 23:30:51 [scrapy.core.scraper] DEBUG: Scraped from <200 https://www.w3schools.com/tags/tag_ol.asp>
{'response': ['HTML ', ' Tag']}
2020-02-19 23:30:51 [scrapy.core.engine] DEBUG: Crawled (200) <GET https://www.w3schools.com/tags/tag_link.asp> (referer: https://www.w3schools.com/tags/tag_hn.asp)
2020-02-19 23:30:51 [scrapy.core.engine] DEBUG: Crawled (200) <GET https://www.w3schools.com/tags/tag_li.asp> (referer: https://www.w3schools.com/tags/tag_hn.asp)
2020-02-19 23:30:51 [scrapy.core.engine] DEBUG: Crawled (200) <GET https://www.w3schools.com/tags/tag_legend.asp> (referer: https://www.w3schools.com/tags/tag_hn.asp)
2020-02-19 23:30:51 [scrapy.core.engine] DEBUG: Crawled (200) <GET https://www.w3schools.com/tags/tag_label.asp> (referer: https://www.w3schools.com/tags/tag_hn.asp)
2020-02-19 23:30:51 [scrapy.core.scraper] DEBUG: Scraped from <200 https://www.w3schools.com/tags/tag_object.asp>
{'response': ['HTML ', ' Tag']}
2020-02-19 23:30:51 [scrapy.core.scraper] DEBUG: Scraped from <200 https://www.w3schools.com/tags/tag_noscript.asp>
{'response': ['HTML ', ' Tag']}
2020-02-19 23:30:51 [scrapy.core.scraper] DEBUG: Scraped from <200 https://www.w3schools.com/tags/tag_noframes.asp>
{'response': ['HTML ', ' Tag. ']}
2020-02-19 23:30:51 [scrapy.core.scraper] DEBUG: Scraped from <200 https://www.w3schools.com/tags/tag_nav.asp>
{'response': ['HTML ', ' Tag']}
2020-02-19 23:30:51 [scrapy.core.engine] DEBUG: Crawled (200) <GET https://www.w3schools.com/tags/tag_kbd.asp> (referer: https://www.w3schools.com/tags/tag_hn.asp)
2020-02-19 23:30:51 [scrapy.core.engine] DEBUG: Crawled (200) <GET https://www.w3schools.com/tags/tag_ins.asp> (referer: https://www.w3schools.com/tags/tag_hn.asp)
2020-02-19 23:30:51 [scrapy.core.engine] DEBUG: Crawled (200) <GET https://www.w3schools.com/tags/tag_img.asp> (referer: https://www.w3schools.com/tags/tag_hn.asp)
2020-02-19 23:30:51 [scrapy.core.engine] DEBUG: Crawled (200) <GET https://www.w3schools.com/tags/tag_iframe.asp> (referer: https://www.w3schools.com/tags/tag_hn.asp)
2020-02-19 23:30:51 [scrapy.core.scraper] DEBUG: Scraped from <200 https://www.w3schools.com/tags/tag_meter.asp>
{'response': ['HTML ', ' Tag']}
2020-02-19 23:30:51 [scrapy.core.scraper] DEBUG: Scraped from <200 https://www.w3schools.com/tags/tag_meta.asp>
{'response': ['HTML ', ' Tag']}
2020-02-19 23:30:51 [scrapy.core.scraper] DEBUG: Scraped from <200 https://www.w3schools.com/tags/tag_mark.asp>
{'response': ['HTML ', ' Tag']}
2020-02-19 23:30:51 [scrapy.core.scraper] DEBUG: Scraped from <200 https://www.w3schools.com/tags/tag_map.asp>
{'response': ['HTML ', ' Tag']}
2020-02-19 23:30:51 [scrapy.core.engine] DEBUG: Crawled (200) <GET https://www.w3schools.com/tags/tag_i.asp> (referer: https://www.w3schools.com/tags/tag_hn.asp)
2020-02-19 23:30:51 [scrapy.core.engine] DEBUG: Crawled (200) <GET https://www.w3schools.com/tags/tag_html.asp> (referer: https://www.w3schools.com/tags/tag_hn.asp)
2020-02-19 23:30:52 [scrapy.core.engine] DEBUG: Crawled (200) <GET https://www.w3schools.com/tags/tag_hr.asp> (referer: https://www.w3schools.com/tags/tag_hn.asp)
2020-02-19 23:30:52 [scrapy.core.engine] DEBUG: Crawled (200) <GET https://www.w3schools.com/tags/tag_header.asp> (referer: https://www.w3schools.com/tags/tag_hn.asp)
2020-02-19 23:30:52 [scrapy.core.scraper] DEBUG: Scraped from <200 https://www.w3schools.com/tags/tag_main.asp>
{'response': ['HTML ', ' Tag']}
2020-02-19 23:30:52 [scrapy.core.scraper] DEBUG: Scraped from <200 https://www.w3schools.com/tags/tag_optgroup.asp>
{'response': ['HTML ', ' Tag']}
2020-02-19 23:30:52 [scrapy.core.scraper] DEBUG: Scraped from <200 https://www.w3schools.com/tags/tag_link.asp>
{'response': ['HTML ', ' Tag']}
2020-02-19 23:30:52 [scrapy.core.scraper] DEBUG: Scraped from <200 https://www.w3schools.com/tags/tag_li.asp>
{'response': ['HTML ', ' Tag']}
2020-02-19 23:30:52 [scrapy.core.scraper] DEBUG: Scraped from <200 https://www.w3schools.com/tags/tag_legend.asp>
{'response': ['HTML ', ' Tag']}
2020-02-19 23:30:52 [scrapy.core.engine] DEBUG: Crawled (200) <GET https://www.w3schools.com/tags/tag_head.asp> (referer: https://www.w3schools.com/tags/tag_hn.asp)
2020-02-19 23:30:52 [scrapy.core.engine] DEBUG: Crawled (200) <GET https://www.w3schools.com/tags/tag_hn.asp> (referer: https://www.w3schools.com/tags/tag_hn.asp)
2020-02-19 23:30:52 [scrapy.core.engine] DEBUG: Crawled (200) <GET https://www.w3schools.com/tags/tag_frame.asp> (referer: https://www.w3schools.com/tags/tag_hn.asp)
2020-02-19 23:30:52 [scrapy.core.scraper] DEBUG: Scraped from <200 https://www.w3schools.com/tags/tag_label.asp>
{'response': ['HTML ', ' Tag']}
2020-02-19 23:30:52 [scrapy.core.scraper] DEBUG: Scraped from <200 https://www.w3schools.com/tags/tag_kbd.asp>
{'response': ['HTML ', 'Tag']}
2020-02-19 23:30:52 [scrapy.core.scraper] DEBUG: Scraped from <200 https://www.w3schools.com/tags/tag_ins.asp>
{'response': ['HTML ', ' Tag']}
2020-02-19 23:30:52 [scrapy.core.scraper] DEBUG: Scraped from <200 https://www.w3schools.com/tags/tag_img.asp>
{'response': ['HTML ', ' Tag']}
2020-02-19 23:30:52 [scrapy.core.engine] DEBUG: Crawled (200) <GET https://www.w3schools.com/tags/tag_form.asp> (referer: https://www.w3schools.com/tags/tag_hn.asp)
2020-02-19 23:30:52 [scrapy.core.engine] DEBUG: Crawled (200) <GET https://www.w3schools.com/tags/tag_footer.asp> (referer: https://www.w3schools.com/tags/tag_hn.asp)
2020-02-19 23:30:52 [scrapy.core.engine] DEBUG: Crawled (200) <GET https://www.w3schools.com/tags/tag_font.asp> (referer: https://www.w3schools.com/tags/tag_hn.asp)
2020-02-19 23:30:52 [scrapy.core.engine] DEBUG: Crawled (200) <GET https://www.w3schools.com/tags/tag_figure.asp> (referer: https://www.w3schools.com/tags/tag_hn.asp)
2020-02-19 23:30:52 [scrapy.core.engine] DEBUG: Crawled (200) <GET https://www.w3schools.com/tags/tag_frameset.asp> (referer: https://www.w3schools.com/tags/tag_hn.asp)
2020-02-19 23:30:52 [scrapy.core.scraper] DEBUG: Scraped from <200 https://www.w3schools.com/tags/tag_iframe.asp>
{'response': ['HTML ', ' Tag']}
2020-02-19 23:30:52 [scrapy.core.scraper] DEBUG: Scraped from <200 https://www.w3schools.com/tags/tag_i.asp>
{'response': ['HTML ', ' Tag']}
2020-02-19 23:30:52 [scrapy.core.scraper] DEBUG: Scraped from <200 https://www.w3schools.com/tags/tag_html.asp>
{'response': ['HTML ', ' Tag']}
2020-02-19 23:30:52 [scrapy.core.engine] DEBUG: Crawled (200) <GET https://www.w3schools.com/tags/tag_figcaption.asp> (referer: https://www.w3schools.com/tags/tag_hn.asp)
2020-02-19 23:30:52 [scrapy.core.engine] DEBUG: Crawled (200) <GET https://www.w3schools.com/tags/tag_fieldset.asp> (referer: https://www.w3schools.com/tags/tag_hn.asp)
2020-02-19 23:30:52 [scrapy.core.scraper] DEBUG: Scraped from <200 https://www.w3schools.com/tags/tag_hr.asp>
{'response': ['HTML ', ' Tag']}
2020-02-19 23:30:52 [scrapy.core.scraper] DEBUG: Scraped from <200 https://www.w3schools.com/tags/tag_header.asp>
{'response': ['HTML ', ' Tag']}
2020-02-19 23:30:52 [scrapy.core.scraper] DEBUG: Scraped from <200 https://www.w3schools.com/tags/tag_head.asp>
{'response': ['HTML ', ' Tag']}
2020-02-19 23:30:52 [scrapy.core.scraper] DEBUG: Scraped from <200 https://www.w3schools.com/tags/tag_hn.asp>
{'response': ['HTML ', ' to ', ' Tags']}
2020-02-19 23:30:52 [scrapy.core.scraper] DEBUG: Scraped from <200 https://www.w3schools.com/tags/tag_frame.asp>
{'response': ['HTML ', ' Tag. ']}
2020-02-19 23:30:52 [scrapy.core.engine] DEBUG: Crawled (200) <GET https://www.w3schools.com/tags/tag_dt.asp> (referer: https://www.w3schools.com/tags/tag_hn.asp)
2020-02-19 23:30:52 [scrapy.core.engine] DEBUG: Crawled (200) <GET https://www.w3schools.com/tags/tag_dl.asp> (referer: https://www.w3schools.com/tags/tag_hn.asp)
2020-02-19 23:30:52 [scrapy.core.engine] DEBUG: Crawled (200) <GET https://www.w3schools.com/tags/tag_div.asp> (referer: https://www.w3schools.com/tags/tag_hn.asp)
2020-02-19 23:30:52 [scrapy.core.engine] DEBUG: Crawled (200) <GET https://www.w3schools.com/tags/tag_dir.asp> (referer: https://www.w3schools.com/tags/tag_hn.asp)
2020-02-19 23:30:52 [scrapy.core.engine] DEBUG: Crawled (200) <GET https://www.w3schools.com/tags/tag_embed.asp> (referer: https://www.w3schools.com/tags/tag_hn.asp)
2020-02-19 23:30:52 [scrapy.core.scraper] DEBUG: Scraped from <200 https://www.w3schools.com/tags/tag_form.asp>
{'response': ['HTML ', ' Tag']}
2020-02-19 23:30:52 [scrapy.core.scraper] DEBUG: Scraped from <200 https://www.w3schools.com/tags/tag_footer.asp>
{'response': ['HTML ', ' Tag']}
2020-02-19 23:30:52 [scrapy.core.scraper] DEBUG: Scraped from <200 https://www.w3schools.com/tags/tag_font.asp>
{'response': ['HTML ', ' Tag. ']}
2020-02-19 23:30:52 [scrapy.core.scraper] DEBUG: Scraped from <200 https://www.w3schools.com/tags/tag_figure.asp>
{'response': ['HTML ', ' Tag']}
2020-02-19 23:30:52 [scrapy.core.scraper] DEBUG: Scraped from <200 https://www.w3schools.com/tags/tag_frameset.asp>
{'response': ['HTML ', ' Tag. ']}
2020-02-19 23:30:52 [scrapy.core.engine] DEBUG: Crawled (200) <GET https://www.w3schools.com/tags/tag_dialog.asp> (referer: https://www.w3schools.com/tags/tag_hn.asp)
2020-02-19 23:30:52 [scrapy.core.engine] DEBUG: Crawled (200) <GET https://www.w3schools.com/tags/tag_dfn.asp> (referer: https://www.w3schools.com/tags/tag_hn.asp)
2020-02-19 23:30:52 [scrapy.core.engine] DEBUG: Crawled (200) <GET https://www.w3schools.com/tags/tag_em.asp> (referer: https://www.w3schools.com/tags/tag_hn.asp)
2020-02-19 23:30:52 [scrapy.core.scraper] DEBUG: Scraped from <200 https://www.w3schools.com/tags/tag_figcaption.asp>
{'response': ['HTML ', ' Tag']}
2020-02-19 23:30:52 [scrapy.core.scraper] DEBUG: Scraped from <200 https://www.w3schools.com/tags/tag_fieldset.asp>
{'response': ['HTML ', ' Tag']}
2020-02-19 23:30:52 [scrapy.core.engine] DEBUG: Crawled (200) <GET https://www.w3schools.com/tags/tag_details.asp> (referer: https://www.w3schools.com/tags/tag_hn.asp)
2020-02-19 23:30:52 [scrapy.core.engine] DEBUG: Crawled (200) <GET https://www.w3schools.com/tags/tag_del.asp> (referer: https://www.w3schools.com/tags/tag_hn.asp)
2020-02-19 23:30:52 [scrapy.core.engine] DEBUG: Crawled (200) <GET https://www.w3schools.com/tags/tag_dd.asp> (referer: https://www.w3schools.com/tags/tag_hn.asp)
2020-02-19 23:30:52 [scrapy.core.engine] DEBUG: Crawled (200) <GET https://www.w3schools.com/tags/tag_datalist.asp> (referer: https://www.w3schools.com/tags/tag_hn.asp)
2020-02-19 23:30:52 [scrapy.core.engine] DEBUG: Crawled (200) <GET https://www.w3schools.com/tags/tag_data.asp> (referer: https://www.w3schools.com/tags/tag_hn.asp)
2020-02-19 23:30:52 [scrapy.core.scraper] DEBUG: Scraped from <200 https://www.w3schools.com/tags/tag_dt.asp>
{'response': ['HTML ', ' Tag']}
2020-02-19 23:30:52 [scrapy.core.scraper] DEBUG: Scraped from <200 https://www.w3schools.com/tags/tag_dl.asp>
{'response': ['HTML ', ' Tag']}
2020-02-19 23:30:52 [scrapy.core.scraper] DEBUG: Scraped from <200 https://www.w3schools.com/tags/tag_div.asp>
{'response': ['HTML ', ' Tag']}
2020-02-19 23:30:52 [scrapy.core.engine] DEBUG: Crawled (200) <GET https://www.w3schools.com/tags/tag_colgroup.asp> (referer: https://www.w3schools.com/tags/tag_hn.asp)
2020-02-19 23:30:52 [scrapy.core.engine] DEBUG: Crawled (200) <GET https://www.w3schools.com/tags/tag_code.asp> (referer: https://www.w3schools.com/tags/tag_hn.asp)
2020-02-19 23:30:52 [scrapy.core.scraper] DEBUG: Scraped from <200 https://www.w3schools.com/tags/tag_dir.asp>
{'response': ['HTML ', ' Tag. ']}
2020-02-19 23:30:52 [scrapy.core.scraper] DEBUG: Scraped from <200 https://www.w3schools.com/tags/tag_embed.asp>
{'response': ['HTML ', ' Tag']}
2020-02-19 23:30:52 [scrapy.core.scraper] DEBUG: Scraped from <200 https://www.w3schools.com/tags/tag_dialog.asp>
{'response': ['HTML ', ' Tag']}
2020-02-19 23:30:52 [scrapy.core.scraper] DEBUG: Scraped from <200 https://www.w3schools.com/tags/tag_dfn.asp>
{'response': ['HTML ', 'Tag']}
2020-02-19 23:30:52 [scrapy.core.engine] DEBUG: Crawled (200) <GET https://www.w3schools.com/tags/tag_cite.asp> (referer: https://www.w3schools.com/tags/tag_hn.asp)
2020-02-19 23:30:52 [scrapy.core.engine] DEBUG: Crawled (200) <GET https://www.w3schools.com/tags/tag_center.asp> (referer: https://www.w3schools.com/tags/tag_hn.asp)
2020-02-19 23:30:52 [scrapy.core.engine] DEBUG: Crawled (200) <GET https://www.w3schools.com/tags/tag_caption.asp> (referer: https://www.w3schools.com/tags/tag_hn.asp)
2020-02-19 23:30:52 [scrapy.core.engine] DEBUG: Crawled (200) <GET https://www.w3schools.com/tags/tag_button.asp> (referer: https://www.w3schools.com/tags/tag_hn.asp)
2020-02-19 23:30:52 [scrapy.core.engine] DEBUG: Crawled (200) <GET https://www.w3schools.com/tags/tag_col.asp> (referer: https://www.w3schools.com/tags/tag_hn.asp)
2020-02-19 23:30:52 [scrapy.core.scraper] DEBUG: Scraped from <200 https://www.w3schools.com/tags/tag_em.asp>
{'response': ['HTML ', 'Tag']}
2020-02-19 23:30:52 [scrapy.core.scraper] DEBUG: Scraped from <200 https://www.w3schools.com/tags/tag_details.asp>
{'response': ['HTML ', ' Tag']}
2020-02-19 23:30:52 [scrapy.core.scraper] DEBUG: Scraped from <200 https://www.w3schools.com/tags/tag_del.asp>
{'response': ['HTML ', ' Tag']}
2020-02-19 23:30:52 [scrapy.core.engine] DEBUG: Crawled (200) <GET https://www.w3schools.com/tags/tag_br.asp> (referer: https://www.w3schools.com/tags/tag_hn.asp)
2020-02-19 23:30:52 [scrapy.core.engine] DEBUG: Crawled (200) <GET https://www.w3schools.com/tags/tag_body.asp> (referer: https://www.w3schools.com/tags/tag_hn.asp)
2020-02-19 23:30:52 [scrapy.core.scraper] DEBUG: Scraped from <200 https://www.w3schools.com/tags/tag_dd.asp>
{'response': ['HTML ', ' Tag']}
2020-02-19 23:30:52 [scrapy.core.scraper] DEBUG: Scraped from <200 https://www.w3schools.com/tags/tag_datalist.asp>
{'response': ['HTML ', ' Tag']}
2020-02-19 23:30:52 [scrapy.core.scraper] DEBUG: Scraped from <200 https://www.w3schools.com/tags/tag_data.asp>
{'response': ['HTML ', ' Tag']}
2020-02-19 23:30:52 [scrapy.core.scraper] DEBUG: Scraped from <200 https://www.w3schools.com/tags/tag_colgroup.asp>
{'response': ['HTML ', ' Tag']}
2020-02-19 23:30:52 [scrapy.core.engine] DEBUG: Crawled (200) <GET https://www.w3schools.com/tags/tag_blockquote.asp> (referer: https://www.w3schools.com/tags/tag_hn.asp)
2020-02-19 23:30:52 [scrapy.core.engine] DEBUG: Crawled (200) <GET https://www.w3schools.com/tags/tag_big.asp> (referer: https://www.w3schools.com/tags/tag_hn.asp)
2020-02-19 23:30:52 [scrapy.core.engine] DEBUG: Crawled (200) <GET https://www.w3schools.com/tags/tag_bdo.asp> (referer: https://www.w3schools.com/tags/tag_hn.asp)
2020-02-19 23:30:52 [scrapy.core.engine] DEBUG: Crawled (200) <GET https://www.w3schools.com/tags/tag_bdi.asp> (referer: https://www.w3schools.com/tags/tag_hn.asp)
2020-02-19 23:30:52 [scrapy.core.engine] DEBUG: Crawled (200) <GET https://www.w3schools.com/tags/tag_canvas.asp> (referer: https://www.w3schools.com/tags/tag_hn.asp)
2020-02-19 23:30:52 [scrapy.core.scraper] DEBUG: Scraped from <200 https://www.w3schools.com/tags/tag_code.asp>
{'response': ['HTML ', 'Tag']}
2020-02-19 23:30:52 [scrapy.core.scraper] DEBUG: Scraped from <200 https://www.w3schools.com/tags/tag_cite.asp>
{'response': ['HTML ', ' Tag']}
2020-02-19 23:30:52 [scrapy.core.engine] DEBUG: Crawled (200) <GET https://www.w3schools.com/tags/tag_base.asp> (referer: https://www.w3schools.com/tags/tag_hn.asp)
2020-02-19 23:30:52 [scrapy.core.engine] DEBUG: Crawled (200) <GET https://www.w3schools.com/tags/tag_b.asp> (referer: https://www.w3schools.com/tags/tag_hn.asp)
2020-02-19 23:30:52 [scrapy.core.engine] DEBUG: Crawled (200) <GET https://www.w3schools.com/tags/tag_basefont.asp> (referer: https://www.w3schools.com/tags/tag_hn.asp)
2020-02-19 23:30:52 [scrapy.core.scraper] DEBUG: Scraped from <200 https://www.w3schools.com/tags/tag_center.asp>
{'response': ['HTML ', ' Tag. ']}
2020-02-19 23:30:52 [scrapy.core.scraper] DEBUG: Scraped from <200 https://www.w3schools.com/tags/tag_caption.asp>
{'response': ['HTML ', ' Tag']}
2020-02-19 23:30:52 [scrapy.core.scraper] DEBUG: Scraped from <200 https://www.w3schools.com/tags/tag_button.asp>
{'response': ['HTML ', ' Tag']}
2020-02-19 23:30:52 [scrapy.core.scraper] DEBUG: Scraped from <200 https://www.w3schools.com/tags/tag_col.asp>
{'response': ['HTML ', ' Tag']}
2020-02-19 23:30:53 [scrapy.core.scraper] DEBUG: Scraped from <200 https://www.w3schools.com/tags/tag_br.asp>
{'response': ['HTML ', ' Tag']}
2020-02-19 23:30:53 [scrapy.core.engine] DEBUG: Crawled (200) <GET https://www.w3schools.com/tags/tag_audio.asp> (referer: https://www.w3schools.com/tags/tag_hn.asp)
2020-02-19 23:30:53 [scrapy.core.engine] DEBUG: Crawled (200) <GET https://www.w3schools.com/tags/tag_aside.asp> (referer: https://www.w3schools.com/tags/tag_hn.asp)
2020-02-19 23:30:53 [scrapy.core.engine] DEBUG: Crawled (200) <GET https://www.w3schools.com/tags/tag_area.asp> (referer: https://www.w3schools.com/tags/tag_hn.asp)
2020-02-19 23:30:53 [scrapy.core.engine] DEBUG: Crawled (200) <GET https://www.w3schools.com/tags/tag_applet.asp> (referer: https://www.w3schools.com/tags/tag_hn.asp)
2020-02-19 23:30:53 [scrapy.core.scraper] DEBUG: Scraped from <200 https://www.w3schools.com/tags/tag_body.asp>
{'response': ['HTML ', ' Tag']}
2020-02-19 23:30:53 [scrapy.core.scraper] DEBUG: Scraped from <200 https://www.w3schools.com/tags/tag_blockquote.asp>
{'response': ['HTML ', ' Tag']}
2020-02-19 23:30:53 [scrapy.core.scraper] DEBUG: Scraped from <200 https://www.w3schools.com/tags/tag_big.asp>
{'response': ['HTML ', ' Tag. ']}
2020-02-19 23:30:53 [scrapy.core.engine] DEBUG: Crawled (200) <GET https://www.w3schools.com/tags/tag_address.asp> (referer: https://www.w3schools.com/tags/tag_hn.asp)
2020-02-19 23:30:53 [scrapy.core.engine] DEBUG: Crawled (200) <GET https://www.w3schools.com/tags/tag_acronym.asp> (referer: https://www.w3schools.com/tags/tag_hn.asp)
2020-02-19 23:30:53 [scrapy.core.engine] DEBUG: Crawled (200) <GET https://www.w3schools.com/tags/tag_abbr.asp> (referer: https://www.w3schools.com/tags/tag_hn.asp)
2020-02-19 23:30:53 [scrapy.core.scraper] DEBUG: Scraped from <200 https://www.w3schools.com/tags/tag_bdo.asp>
{'response': ['HTML ', ' Tag']}
2020-02-19 23:30:53 [scrapy.core.scraper] DEBUG: Scraped from <200 https://www.w3schools.com/tags/tag_bdi.asp>
{'response': ['HTML ', ' Tag']}
2020-02-19 23:30:53 [scrapy.core.scraper] DEBUG: Scraped from <200 https://www.w3schools.com/tags/tag_canvas.asp>
{'response': ['HTML ', ' Tag']}
2020-02-19 23:30:53 [scrapy.core.scraper] DEBUG: Scraped from <200 https://www.w3schools.com/tags/tag_base.asp>
{'response': ['HTML ', ' Tag']}
2020-02-19 23:30:53 [scrapy.core.scraper] DEBUG: Scraped from <200 https://www.w3schools.com/tags/tag_b.asp>
{'response': ['HTML ', ' Tag']}
2020-02-19 23:30:53 [scrapy.core.engine] DEBUG: Crawled (200) <GET https://www.w3schools.com/tags/tag_a.asp> (referer: https://www.w3schools.com/tags/tag_hn.asp)
2020-02-19 23:30:53 [scrapy.core.engine] DEBUG: Crawled (200) <GET https://www.w3schools.com/tags/tag_doctype.asp> (referer: https://www.w3schools.com/tags/tag_hn.asp)
2020-02-19 23:30:53 [scrapy.core.engine] DEBUG: Crawled (200) <GET https://www.w3schools.com/tags/tag_comment.asp> (referer: https://www.w3schools.com/tags/tag_hn.asp)
2020-02-19 23:30:53 [scrapy.core.engine] DEBUG: Crawled (200) <GET https://www.w3schools.com/tags/ref_keyboardshortcuts.asp> (referer: https://www.w3schools.com/tags/tag_hn.asp)
2020-02-19 23:30:53 [scrapy.core.engine] DEBUG: Crawled (200) <GET https://www.w3schools.com/tags/tag_article.asp> (referer: https://www.w3schools.com/tags/tag_hn.asp)
2020-02-19 23:30:53 [scrapy.core.scraper] DEBUG: Scraped from <200 https://www.w3schools.com/tags/tag_basefont.asp>
{'response': ['HTML ', ' Tag. ']}
2020-02-19 23:30:53 [scrapy.core.scraper] DEBUG: Scraped from <200 https://www.w3schools.com/tags/tag_audio.asp>
{'response': ['HTML ', ' Tag']}
2020-02-19 23:30:53 [scrapy.core.engine] DEBUG: Crawled (200) <GET https://www.w3schools.com/tags/ref_pxtoemconversion.asp> (referer: https://www.w3schools.com/tags/tag_hn.asp)
2020-02-19 23:30:53 [scrapy.core.engine] DEBUG: Crawled (200) <GET https://www.w3schools.com/tags/ref_httpmethods.asp> (referer: https://www.w3schools.com/tags/tag_hn.asp)
2020-02-19 23:30:53 [scrapy.core.engine] DEBUG: Crawled (200) <GET https://www.w3schools.com/tags/ref_httpmessages.asp> (referer: https://www.w3schools.com/tags/tag_hn.asp)
2020-02-19 23:30:53 [scrapy.core.scraper] DEBUG: Scraped from <200 https://www.w3schools.com/tags/tag_aside.asp>
{'response': ['HTML ', ' Tag']}
2020-02-19 23:30:53 [scrapy.core.scraper] DEBUG: Scraped from <200 https://www.w3schools.com/tags/tag_area.asp>
{'response': ['HTML ', ' Tag']}
2020-02-19 23:30:53 [scrapy.core.scraper] DEBUG: Scraped from <200 https://www.w3schools.com/tags/tag_applet.asp>
{'response': ['HTML ', ' Tag. ']}
2020-02-19 23:30:53 [scrapy.core.scraper] DEBUG: Scraped from <200 https://www.w3schools.com/tags/tag_address.asp>
{'response': ['HTML ', ' Tag']}
2020-02-19 23:30:53 [scrapy.core.scraper] DEBUG: Scraped from <200 https://www.w3schools.com/tags/tag_acronym.asp>
{'response': ['HTML ', ' Tag. ']}
2020-02-19 23:30:53 [scrapy.core.scraper] DEBUG: Scraped from <200 https://www.w3schools.com/tags/tag_abbr.asp>
{'response': ['HTML ', ' Tag']}
2020-02-19 23:30:53 [scrapy.core.engine] DEBUG: Crawled (200) <GET https://www.w3schools.com/tags/ref_country_codes.asp> (referer: https://www.w3schools.com/tags/tag_hn.asp)
2020-02-19 23:30:53 [scrapy.core.engine] DEBUG: Crawled (200) <GET https://www.w3schools.com/tags/ref_language_codes.asp> (referer: https://www.w3schools.com/tags/tag_hn.asp)
2020-02-19 23:30:53 [scrapy.core.engine] DEBUG: Crawled (200) <GET https://www.w3schools.com/tags/ref_urlencode.asp> (referer: https://www.w3schools.com/tags/tag_hn.asp)
2020-02-19 23:30:53 [scrapy.core.engine] DEBUG: Crawled (200) <GET https://www.w3schools.com/tags/ref_html_dtd.asp> (referer: https://www.w3schools.com/tags/tag_hn.asp)
2020-02-19 23:30:53 [scrapy.core.engine] DEBUG: Crawled (200) <GET https://www.w3schools.com/tags/ref_charactersets.asp> (referer: https://www.w3schools.com/tags/tag_hn.asp)
2020-02-19 23:30:53 [scrapy.core.scraper] DEBUG: Scraped from <200 https://www.w3schools.com/tags/tag_a.asp>
{'response': ['HTML ', ' Tag']}
2020-02-19 23:30:53 [scrapy.core.scraper] DEBUG: Scraped from <200 https://www.w3schools.com/tags/tag_doctype.asp>
{'response': ['HTML ', ' Declaration']}
2020-02-19 23:30:53 [scrapy.core.engine] DEBUG: Crawled (200) <GET https://www.w3schools.com/tags/ref_av_dom.asp> (referer: https://www.w3schools.com/tags/tag_hn.asp)
2020-02-19 23:30:53 [scrapy.core.engine] DEBUG: Crawled (200) <GET https://www.w3schools.com/tags/ref_colornames.asp> (referer: https://www.w3schools.com/tags/tag_hn.asp)
2020-02-19 23:30:53 [scrapy.core.engine] DEBUG: Crawled (200) <GET https://www.w3schools.com/tags/ref_standardattributes.asp> (referer: https://www.w3schools.com/tags/tag_hn.asp)
2020-02-19 23:30:53 [scrapy.core.scraper] DEBUG: Scraped from <200 https://www.w3schools.com/tags/tag_comment.asp>
{'response': ['HTML ', ' Tag']}
2020-02-19 23:30:53 [scrapy.core.scraper] DEBUG: Scraped from <200 https://www.w3schools.com/tags/ref_keyboardshortcuts.asp>
{'response': ['Keyboard ']}
2020-02-19 23:30:53 [scrapy.core.scraper] DEBUG: Scraped from <200 https://www.w3schools.com/tags/tag_article.asp>
{'response': ['HTML ', ' Tag']}
2020-02-19 23:30:53 [scrapy.core.scraper] DEBUG: Scraped from <200 https://www.w3schools.com/tags/ref_pxtoemconversion.asp>
{'response': ['Pixels to Ems ']}
2020-02-19 23:30:53 [scrapy.core.scraper] DEBUG: Scraped from <200 https://www.w3schools.com/tags/ref_httpmethods.asp>
{'response': ['HTTP ']}
2020-02-19 23:30:53 [scrapy.core.scraper] DEBUG: Scraped from <200 https://www.w3schools.com/tags/ref_httpmessages.asp>
{'response': ['HTTP ']}
2020-02-19 23:30:53 [scrapy.core.engine] DEBUG: Crawled (200) <GET https://www.w3schools.com/tags/ref_byfunc.asp> (referer: https://www.w3schools.com/tags/tag_hn.asp)
2020-02-19 23:30:53 [scrapy.core.scraper] DEBUG: Scraped from <200 https://www.w3schools.com/tags/ref_country_codes.asp>
{'response': ['HTML ', ' Reference']}
2020-02-19 23:30:53 [scrapy.core.scraper] DEBUG: Scraped from <200 https://www.w3schools.com/tags/ref_language_codes.asp>
{'response': ['HTML ', ' Reference']}
2020-02-19 23:30:53 [scrapy.core.scraper] DEBUG: Scraped from <200 https://www.w3schools.com/tags/ref_urlencode.asp>
{'response': ['HTML ', ' Reference']}
2020-02-19 23:30:53 [scrapy.core.scraper] DEBUG: Scraped from <200 https://www.w3schools.com/tags/ref_html_dtd.asp>
{'response': ['HTML Elements and ']}
2020-02-19 23:30:53 [scrapy.core.scraper] DEBUG: Scraped from <200 https://www.w3schools.com/tags/ref_charactersets.asp>
{'response': ['HTML ']}
2020-02-19 23:30:53 [scrapy.core.scraper] DEBUG: Scraped from <200 https://www.w3schools.com/tags/ref_av_dom.asp>
{'response': ['HTML ', ' DOM Reference']}
2020-02-19 23:30:53 [scrapy.core.scraper] DEBUG: Scraped from <200 https://www.w3schools.com/tags/ref_colornames.asp>
{'response': ['HTML Color Names']}
2020-02-19 23:30:53 [scrapy.core.scraper] DEBUG: Scraped from <200 https://www.w3schools.com/tags/ref_standardattributes.asp>
{'response': ['HTML ']}
2020-02-19 23:30:53 [scrapy.core.engine] DEBUG: Crawled (200) <GET https://www.w3schools.com/cert/cert_javascript.asp> (referer: https://www.w3schools.com/tags/tag_hn.asp)
2020-02-19 23:30:53 [scrapy.core.scraper] DEBUG: Scraped from <200 https://www.w3schools.com/tags/ref_byfunc.asp>
{'response': ['HTML Element Reference - By Category']}
2020-02-19 23:30:53 [scrapy.core.engine] DEBUG: Crawled (200) <GET https://www.w3schools.com/cert/cert_sql.asp> (referer: https://www.w3schools.com/tags/tag_hn.asp)
2020-02-19 23:30:53 [scrapy.core.engine] DEBUG: Crawled (200) <GET https://www.w3schools.com/cert/cert_xml.asp> (referer: https://www.w3schools.com/tags/tag_hn.asp)
2020-02-19 23:30:53 [scrapy.core.engine] DEBUG: Crawled (200) <GET https://www.w3schools.com/xml/xml_quiz.asp> (referer: https://www.w3schools.com/tags/tag_hn.asp)
2020-02-19 23:30:53 [scrapy.core.scraper] DEBUG: Scraped from <200 https://www.w3schools.com/cert/cert_javascript.asp>
{'response': [' Certification']}
2020-02-19 23:30:53 [scrapy.core.engine] DEBUG: Crawled (200) <GET https://www.w3schools.com/cpp/cpp_quiz.asp> (referer: https://www.w3schools.com/tags/tag_hn.asp)
2020-02-19 23:30:53 [scrapy.core.engine] DEBUG: Crawled (200) <GET https://www.w3schools.com/cert/cert_bootstrap.asp> (referer: https://www.w3schools.com/tags/tag_hn.asp)
2020-02-19 23:30:53 [scrapy.core.engine] DEBUG: Crawled (200) <GET https://www.w3schools.com/cert/cert_jquery.asp> (referer: https://www.w3schools.com/tags/tag_hn.asp)
2020-02-19 23:30:53 [scrapy.core.engine] DEBUG: Crawled (200) <GET https://www.w3schools.com/cert/cert_python.asp> (referer: https://www.w3schools.com/tags/tag_hn.asp)
2020-02-19 23:30:53 [scrapy.core.engine] DEBUG: Crawled (200) <GET https://www.w3schools.com/cert/cert_php.asp> (referer: https://www.w3schools.com/tags/tag_hn.asp)
2020-02-19 23:30:53 [scrapy.core.engine] DEBUG: Crawled (200) <GET https://www.w3schools.com/cert/cert_css.asp> (referer: https://www.w3schools.com/tags/tag_hn.asp)
2020-02-19 23:30:53 [scrapy.core.engine] DEBUG: Crawled (200) <GET https://www.w3schools.com/cs/cs_quiz.asp> (referer: https://www.w3schools.com/tags/tag_hn.asp)
2020-02-19 23:30:53 [scrapy.core.scraper] DEBUG: Scraped from <200 https://www.w3schools.com/cert/cert_sql.asp>
{'response': [' Certification']}
2020-02-19 23:30:53 [scrapy.core.engine] DEBUG: Crawled (200) <GET https://www.w3schools.com/java/java_quiz.asp> (referer: https://www.w3schools.com/tags/tag_hn.asp)
2020-02-19 23:30:53 [scrapy.core.engine] DEBUG: Crawled (200) <GET https://www.w3schools.com/bootstrap/bootstrap_quiz.asp> (referer: https://www.w3schools.com/tags/tag_hn.asp)
2020-02-19 23:30:53 [scrapy.core.engine] DEBUG: Crawled (200) <GET https://www.w3schools.com/python/python_quiz.asp> (referer: https://www.w3schools.com/tags/tag_hn.asp)
2020-02-19 23:30:53 [scrapy.core.engine] DEBUG: Crawled (200) <GET https://www.w3schools.com/cert/cert_html_new.asp> (referer: https://www.w3schools.com/tags/tag_hn.asp)
2020-02-19 23:30:53 [scrapy.core.scraper] DEBUG: Scraped from <200 https://www.w3schools.com/cert/cert_xml.asp>
{'response': [' Certification']}
2020-02-19 23:30:53 [scrapy.core.scraper] DEBUG: Scraped from <200 https://www.w3schools.com/xml/xml_quiz.asp>
{'response': ['XML ']}
2020-02-19 23:30:53 [scrapy.core.engine] DEBUG: Crawled (200) <GET https://www.w3schools.com/sql/sql_quiz.asp> (referer: https://www.w3schools.com/tags/tag_hn.asp)
2020-02-19 23:30:54 [scrapy.core.engine] DEBUG: Crawled (200) <GET https://www.w3schools.com/js/js_quiz.asp> (referer: https://www.w3schools.com/tags/tag_hn.asp)
2020-02-19 23:30:54 [scrapy.core.scraper] DEBUG: Scraped from <200 https://www.w3schools.com/cpp/cpp_quiz.asp>
{'response': ['C++ ']}
2020-02-19 23:30:54 [scrapy.core.scraper] DEBUG: Scraped from <200 https://www.w3schools.com/cert/cert_bootstrap.asp>
{'response': [' Certification']}
2020-02-19 23:30:54 [scrapy.core.scraper] DEBUG: Scraped from <200 https://www.w3schools.com/cert/cert_jquery.asp>
{'response': [' Certification']}
2020-02-19 23:30:54 [scrapy.core.scraper] DEBUG: Scraped from <200 https://www.w3schools.com/cert/cert_python.asp>
{'response': [' Certification']}
2020-02-19 23:30:54 [scrapy.core.engine] DEBUG: Crawled (200) <GET https://www.w3schools.com/css/css_quiz.asp> (referer: https://www.w3schools.com/tags/tag_hn.asp)
2020-02-19 23:30:54 [scrapy.core.engine] DEBUG: Crawled (200) <GET https://www.w3schools.com/html/html_quiz.asp> (referer: https://www.w3schools.com/tags/tag_hn.asp)
2020-02-19 23:30:54 [scrapy.core.engine] DEBUG: Crawled (200) <GET https://www.w3schools.com/cpp/cpp_exercises.asp> (referer: https://www.w3schools.com/tags/tag_hn.asp)
2020-02-19 23:30:54 [scrapy.core.engine] DEBUG: Crawled (200) <GET https://www.w3schools.com/jquery/jquery_quiz.asp> (referer: https://www.w3schools.com/tags/tag_hn.asp)
2020-02-19 23:30:54 [scrapy.core.engine] DEBUG: Crawled (200) <GET https://www.w3schools.com/php/php_quiz.asp> (referer: https://www.w3schools.com/tags/tag_hn.asp)
2020-02-19 23:30:54 [scrapy.core.scraper] DEBUG: Scraped from <200 https://www.w3schools.com/cert/cert_php.asp>
{'response': [' Certification']}
2020-02-19 23:30:54 [scrapy.core.scraper] DEBUG: Scraped from <200 https://www.w3schools.com/cert/cert_css.asp>
{'response': [' Certification']}
2020-02-19 23:30:54 [scrapy.core.scraper] DEBUG: Scraped from <200 https://www.w3schools.com/cs/cs_quiz.asp>
{'response': ['C# ']}
2020-02-19 23:30:54 [scrapy.core.scraper] DEBUG: Scraped from <200 https://www.w3schools.com/java/java_quiz.asp>
{'response': ['Java ']}
2020-02-19 23:30:54 [scrapy.core.scraper] DEBUG: Scraped from <200 https://www.w3schools.com/bootstrap/bootstrap_quiz.asp>
{'response': ['Bootstrap ']}
2020-02-19 23:30:54 [scrapy.core.scraper] DEBUG: Scraped from <200 https://www.w3schools.com/python/python_quiz.asp>
{'response': ['Python ']}
2020-02-19 23:30:54 [scrapy.core.scraper] DEBUG: Scraped from <200 https://www.w3schools.com/cert/cert_html_new.asp>
{'response': [' Certification']}
2020-02-19 23:30:54 [scrapy.core.engine] DEBUG: Crawled (200) <GET https://www.w3schools.com/java/java_exercises.asp> (referer: https://www.w3schools.com/tags/tag_hn.asp)
2020-02-19 23:30:54 [scrapy.core.engine] DEBUG: Crawled (200) <GET https://www.w3schools.com/bootstrap/bootstrap_exercises.asp> (referer: https://www.w3schools.com/tags/tag_hn.asp)
2020-02-19 23:30:54 [scrapy.core.engine] DEBUG: Crawled (200) <GET https://www.w3schools.com/cs/cs_exercises.asp> (referer: https://www.w3schools.com/tags/tag_hn.asp)
2020-02-19 23:30:54 [scrapy.core.scraper] DEBUG: Scraped from <200 https://www.w3schools.com/sql/sql_quiz.asp>
{'response': ['SQL ']}
2020-02-19 23:30:54 [scrapy.core.engine] DEBUG: Crawled (200) <GET https://www.w3schools.com/js/js_exercises.asp> (referer: https://www.w3schools.com/tags/tag_hn.asp)
2020-02-19 23:30:54 [scrapy.core.engine] DEBUG: Crawled (200) <GET https://www.w3schools.com/jquery/jquery_exercises.asp> (referer: https://www.w3schools.com/tags/tag_hn.asp)
2020-02-19 23:30:54 [scrapy.core.engine] DEBUG: Crawled (200) <GET https://www.w3schools.com/python/python_exercises.asp> (referer: https://www.w3schools.com/tags/tag_hn.asp)
2020-02-19 23:30:54 [scrapy.core.engine] DEBUG: Crawled (200) <GET https://www.w3schools.com/sql/sql_exercises.asp> (referer: https://www.w3schools.com/tags/tag_hn.asp)
2020-02-19 23:30:54 [scrapy.core.scraper] DEBUG: Scraped from <200 https://www.w3schools.com/js/js_quiz.asp>
{'response': ['JavaScript ']}
2020-02-19 23:30:54 [scrapy.core.scraper] DEBUG: Scraped from <200 https://www.w3schools.com/css/css_quiz.asp>
{'response': ['CSS ']}
2020-02-19 23:30:54 [scrapy.core.scraper] DEBUG: Scraped from <200 https://www.w3schools.com/html/html_quiz.asp>
{'response': ['HTML ']}
2020-02-19 23:30:54 [scrapy.core.scraper] DEBUG: Scraped from <200 https://www.w3schools.com/cpp/cpp_exercises.asp>
{'response': ['C++ ']}
2020-02-19 23:30:54 [scrapy.core.engine] DEBUG: Crawled (200) <GET https://www.w3schools.com/css/css_exercises.asp> (referer: https://www.w3schools.com/tags/tag_hn.asp)
2020-02-19 23:30:54 [scrapy.core.engine] DEBUG: Crawled (200) <GET https://www.w3schools.com/html/html_exercises.asp> (referer: https://www.w3schools.com/tags/tag_hn.asp)
2020-02-19 23:30:54 [scrapy.core.engine] DEBUG: Crawled (200) <GET https://www.w3schools.com/charsets/ref_html_utf8.asp> (referer: https://www.w3schools.com/tags/tag_hn.asp)
2020-02-19 23:30:54 [scrapy.core.scraper] DEBUG: Scraped from <200 https://www.w3schools.com/jquery/jquery_quiz.asp>
{'response': ['jQuery ']}
2020-02-19 23:30:54 [scrapy.core.scraper] DEBUG: Scraped from <200 https://www.w3schools.com/php/php_quiz.asp>
{'response': ['PHP ']}
2020-02-19 23:30:54 [scrapy.core.engine] DEBUG: Crawled (200) <GET https://www.w3schools.com/charsets/ref_html_symbols.asp> (referer: https://www.w3schools.com/tags/tag_hn.asp)
2020-02-19 23:30:54 [scrapy.core.engine] DEBUG: Crawled (200) <GET https://www.w3schools.com/charsets/ref_html_8859.asp> (referer: https://www.w3schools.com/tags/tag_hn.asp)
2020-02-19 23:30:54 [scrapy.core.engine] DEBUG: Crawled (200) <GET https://www.w3schools.com/charsets/ref_html_ansi.asp> (referer: https://www.w3schools.com/tags/tag_hn.asp)
2020-02-19 23:30:54 [scrapy.core.engine] DEBUG: Crawled (200) <GET https://www.w3schools.com/xml/schema_elements_ref.asp> (referer: https://www.w3schools.com/tags/tag_hn.asp)
2020-02-19 23:30:54 [scrapy.core.scraper] DEBUG: Scraped from <200 https://www.w3schools.com/java/java_exercises.asp>
{'response': ['Java ']}
2020-02-19 23:30:54 [scrapy.core.scraper] DEBUG: Scraped from <200 https://www.w3schools.com/bootstrap/bootstrap_exercises.asp>
{'response': ['Bootstrap 3 ']}
2020-02-19 23:30:54 [scrapy.core.scraper] DEBUG: Scraped from <200 https://www.w3schools.com/cs/cs_exercises.asp>
{'response': ['C# ']}
2020-02-19 23:30:54 [scrapy.core.scraper] DEBUG: Scraped from <200 https://www.w3schools.com/js/js_exercises.asp>
{'response': ['JavaScript ']}
2020-02-19 23:30:54 [scrapy.core.engine] DEBUG: Crawled (200) <GET https://www.w3schools.com/xml/xsl_elementref.asp> (referer: https://www.w3schools.com/tags/tag_hn.asp)
2020-02-19 23:30:54 [scrapy.core.engine] DEBUG: Crawled (200) <GET https://www.w3schools.com/xml/dom_http.asp> (referer: https://www.w3schools.com/tags/tag_hn.asp)
2020-02-19 23:30:54 [scrapy.core.engine] DEBUG: Crawled (200) <GET https://www.w3schools.com/xml/dom_nodetype.asp> (referer: https://www.w3schools.com/tags/tag_hn.asp)
2020-02-19 23:30:54 [scrapy.core.engine] DEBUG: Crawled (200) <GET https://www.w3schools.com/php/php_exercises.asp> (referer: https://www.w3schools.com/tags/tag_hn.asp)
2020-02-19 23:30:54 [scrapy.core.scraper] DEBUG: Scraped from <200 https://www.w3schools.com/jquery/jquery_exercises.asp>
{'response': ['jQuery ']}
2020-02-19 23:30:54 [scrapy.core.scraper] DEBUG: Scraped from <200 https://www.w3schools.com/python/python_exercises.asp>
{'response': ['Python ']}
2020-02-19 23:30:54 [scrapy.core.scraper] DEBUG: Scraped from <200 https://www.w3schools.com/sql/sql_exercises.asp>
{'response': ['SQL ']}
2020-02-19 23:30:54 [scrapy.core.scraper] DEBUG: Scraped from <200 https://www.w3schools.com/css/css_exercises.asp>
{'response': ['CSS ']}
2020-02-19 23:30:54 [scrapy.core.engine] DEBUG: Crawled (200) <GET https://www.w3schools.com/asp/asp_ref_response.asp> (referer: https://www.w3schools.com/tags/tag_hn.asp)
2020-02-19 23:30:54 [scrapy.core.engine] DEBUG: Crawled (200) <GET https://www.w3schools.com/php/php_ref_overview.asp> (referer: https://www.w3schools.com/tags/tag_hn.asp)
2020-02-19 23:30:54 [scrapy.core.engine] DEBUG: Crawled (200) <GET https://www.w3schools.com/sql/sql_ref_keywords.asp> (referer: https://www.w3schools.com/tags/tag_hn.asp)
2020-02-19 23:30:54 [scrapy.core.engine] DEBUG: Crawled (200) <GET https://www.w3schools.com/java/java_ref_keywords.asp> (referer: https://www.w3schools.com/tags/tag_hn.asp)
2020-02-19 23:30:54 [scrapy.core.scraper] DEBUG: Scraped from <200 https://www.w3schools.com/html/html_exercises.asp>
{'response': ['HTML ']}
2020-02-19 23:30:54 [scrapy.core.scraper] DEBUG: Scraped from <200 https://www.w3schools.com/charsets/ref_html_utf8.asp>
{'response': ['HTML ']}
2020-02-19 23:30:54 [scrapy.core.scraper] DEBUG: Scraped from <200 https://www.w3schools.com/charsets/ref_html_symbols.asp>
{'response': ['HTML ']}
2020-02-19 23:30:54 [scrapy.core.scraper] DEBUG: Scraped from <200 https://www.w3schools.com/charsets/ref_html_8859.asp>
{'response': ['HTML ', ' Reference ']}
2020-02-19 23:30:54 [scrapy.core.engine] DEBUG: Crawled (200) <GET https://www.w3schools.com/python/python_reference.asp> (referer: https://www.w3schools.com/tags/tag_hn.asp)
2020-02-19 23:30:54 [scrapy.core.engine] DEBUG: Crawled (200) <GET https://www.w3schools.com/w3js/w3js_references.asp> (referer: https://www.w3schools.com/tags/tag_hn.asp)
2020-02-19 23:30:54 [scrapy.core.engine] DEBUG: Crawled (200) <GET https://www.w3schools.com/angular/angular_ref_directives.asp> (referer: https://www.w3schools.com/tags/tag_hn.asp)
2020-02-19 23:30:54 [scrapy.core.engine] DEBUG: Crawled (200) <GET https://www.w3schools.com/jquery/jquery_ref_overview.asp> (referer: https://www.w3schools.com/tags/tag_hn.asp)
2020-02-19 23:30:54 [scrapy.core.scraper] DEBUG: Scraped from <200 https://www.w3schools.com/charsets/ref_html_ansi.asp>
{'response': ['HTML Windows-1252 (ANSI) Reference ']}
2020-02-19 23:30:54 [scrapy.core.scraper] DEBUG: Scraped from <200 https://www.w3schools.com/xml/schema_elements_ref.asp>
{'response': ['XML Schema ', 'XSD Elements', 'XSD Restrictions/Facets for Datatypes']}
2020-02-19 23:30:54 [scrapy.core.scraper] DEBUG: Scraped from <200 https://www.w3schools.com/xml/xsl_elementref.asp>
{'response': ['XSLT ']}
2020-02-19 23:30:54 [scrapy.core.scraper] DEBUG: Scraped from <200 https://www.w3schools.com/xml/dom_http.asp>
{'response': ['The ', ' Object']}
2020-02-19 23:30:54 [scrapy.core.scraper] DEBUG: Scraped from <200 https://www.w3schools.com/xml/dom_nodetype.asp>
{'response': ['XML DOM ']}
2020-02-19 23:30:54 [scrapy.core.engine] DEBUG: Crawled (200) <GET https://www.w3schools.com/jsref/default.asp> (referer: https://www.w3schools.com/tags/tag_hn.asp)
2020-02-19 23:30:54 [scrapy.core.engine] DEBUG: Crawled (200) <GET https://www.w3schools.com/sass/sass_functions_string.asp> (referer: https://www.w3schools.com/tags/tag_hn.asp)
2020-02-19 23:30:54 [scrapy.core.engine] DEBUG: Crawled (200) <GET https://www.w3schools.com/w3css/w3css_references.asp> (referer: https://www.w3schools.com/tags/tag_hn.asp)
2020-02-19 23:30:54 [scrapy.core.scraper] DEBUG: Scraped from <200 https://www.w3schools.com/php/php_exercises.asp>
{'response': ['PHP ']}
2020-02-19 23:30:54 [scrapy.core.scraper] DEBUG: Scraped from <200 https://www.w3schools.com/asp/asp_ref_response.asp>
{'response': ['ASP ', ' Object']}
2020-02-19 23:30:54 [scrapy.core.scraper] DEBUG: Scraped from <200 https://www.w3schools.com/php/php_ref_overview.asp>
{'response': ['PHP Reference']}
2020-02-19 23:30:54 [scrapy.core.scraper] DEBUG: Scraped from <200 https://www.w3schools.com/sql/sql_ref_keywords.asp>
{'response': ['SQL Keywords Reference']}
2020-02-19 23:30:54 [scrapy.core.engine] DEBUG: Crawled (200) <GET https://www.w3schools.com/bootstrap4/bootstrap_ref_all_classes.asp> (referer: https://www.w3schools.com/tags/tag_hn.asp)
2020-02-19 23:30:54 [scrapy.core.engine] DEBUG: Crawled (200) <GET https://www.w3schools.com/bootstrap/bootstrap_ref_all_classes.asp> (referer: https://www.w3schools.com/tags/tag_hn.asp)
2020-02-19 23:30:54 [scrapy.core.engine] DEBUG: Crawled (200) <GET https://www.w3schools.com/cssref/css_selectors.asp> (referer: https://www.w3schools.com/tags/tag_hn.asp)
2020-02-19 23:30:54 [scrapy.core.engine] DEBUG: Crawled (200) <GET https://www.w3schools.com/cssref/css3_browsersupport.asp> (referer: https://www.w3schools.com/tags/tag_hn.asp)
2020-02-19 23:30:54 [scrapy.core.engine] DEBUG: Crawled (200) <GET https://www.w3schools.com/icons/icons_reference.asp> (referer: https://www.w3schools.com/tags/tag_hn.asp)
2020-02-19 23:30:54 [scrapy.core.scraper] DEBUG: Scraped from <200 https://www.w3schools.com/java/java_ref_keywords.asp>
{'response': ['Java ']}
2020-02-19 23:30:54 [scrapy.core.scraper] DEBUG: Scraped from <200 https://www.w3schools.com/python/python_reference.asp>
{'response': ['Python ']}
2020-02-19 23:30:54 [scrapy.core.scraper] DEBUG: Scraped from <200 https://www.w3schools.com/w3js/w3js_references.asp>
{'response': ['W3.JS References']}
2020-02-19 23:30:54 [scrapy.core.engine] DEBUG: Crawled (200) <GET https://www.w3schools.com/cssref/default.asp> (referer: https://www.w3schools.com/tags/tag_hn.asp)
2020-02-19 23:30:54 [scrapy.core.engine] DEBUG: Crawled (200) <GET https://www.w3schools.com/graphics/google_maps_reference.asp> (referer: https://www.w3schools.com/tags/tag_hn.asp)
2020-02-19 23:30:54 [scrapy.core.engine] DEBUG: Crawled (200) <GET https://www.w3schools.com/charsets/default.asp> (referer: https://www.w3schools.com/tags/tag_hn.asp)
2020-02-19 23:30:54 [scrapy.core.scraper] DEBUG: Scraped from <200 https://www.w3schools.com/angular/angular_ref_directives.asp>
{'response': ['AngularJS References']}
2020-02-19 23:30:54 [scrapy.core.scraper] DEBUG: Scraped from <200 https://www.w3schools.com/jquery/jquery_ref_overview.asp>
{'response': ['jQuery Reference']}
2020-02-19 23:30:54 [scrapy.core.scraper] DEBUG: Scraped from <200 https://www.w3schools.com/jsref/default.asp>
{'response': ['JavaScript and HTML DOM ']}
2020-02-19 23:30:54 [scrapy.core.scraper] DEBUG: Scraped from <200 https://www.w3schools.com/sass/sass_functions_string.asp>
{'response': ['Sass ']}
2020-02-19 23:30:54 [scrapy.core.scraper] DEBUG: Scraped from <200 https://www.w3schools.com/w3css/w3css_references.asp>
{'response': ['W3.CSS Reference']}
2020-02-19 23:30:54 [scrapy.core.engine] DEBUG: Crawled (200) <GET https://www.w3schools.com/graphics/svg_reference.asp> (referer: https://www.w3schools.com/tags/tag_hn.asp)
2020-02-19 23:30:55 [scrapy.core.engine] DEBUG: Crawled (200) <GET https://www.w3schools.com/tags/ref_canvas.asp> (referer: https://www.w3schools.com/tags/tag_hn.asp)
2020-02-19 23:30:55 [scrapy.core.engine] DEBUG: Crawled (200) <GET https://www.w3schools.com/tags/ref_attributes.asp> (referer: https://www.w3schools.com/tags/tag_hn.asp)
2020-02-19 23:30:55 [scrapy.core.engine] DEBUG: Crawled (200) <GET https://www.w3schools.com/tags/ref_eventattributes.asp> (referer: https://www.w3schools.com/tags/tag_hn.asp)
2020-02-19 23:30:55 [scrapy.core.scraper] DEBUG: Scraped from <200 https://www.w3schools.com/bootstrap4/bootstrap_ref_all_classes.asp>
{'response': ['Bootstrap 4 ', ' Reference']}
2020-02-19 23:30:55 [scrapy.core.scraper] DEBUG: Scraped from <200 https://www.w3schools.com/bootstrap/bootstrap_ref_all_classes.asp>
{'response': ['Bootstrap ', ' Reference']}
2020-02-19 23:30:55 [scrapy.core.scraper] DEBUG: Scraped from <200 https://www.w3schools.com/cssref/css_selectors.asp>
{'response': ['CSS ', ' Reference']}
2020-02-19 23:30:55 [scrapy.core.engine] DEBUG: Crawled (200) <GET https://www.w3schools.com/typingspeed/default.asp> (referer: https://www.w3schools.com/tags/tag_hn.asp)
2020-02-19 23:30:55 [scrapy.core.engine] DEBUG: Crawled (200) <GET https://www.w3schools.com/whatis/default.asp> (referer: https://www.w3schools.com/tags/tag_hn.asp)
2020-02-19 23:30:55 [scrapy.core.engine] DEBUG: Crawled (200) <GET https://www.w3schools.com/tryit/default.asp> (referer: https://www.w3schools.com/tags/tag_hn.asp)
2020-02-19 23:30:55 [scrapy.core.scraper] DEBUG: Scraped from <200 https://www.w3schools.com/cssref/css3_browsersupport.asp>
{'response': ['CSS ']}
2020-02-19 23:30:55 [scrapy.core.scraper] DEBUG: Scraped from <200 https://www.w3schools.com/icons/icons_reference.asp>
{'response': ['Icons Reference']}
2020-02-19 23:30:55 [scrapy.core.scraper] DEBUG: Scraped from <200 https://www.w3schools.com/cssref/default.asp>
{'response': ['CSS ']}
2020-02-19 23:30:55 [scrapy.core.scraper] DEBUG: Scraped from <200 https://www.w3schools.com/graphics/google_maps_reference.asp>
{'response': ['Google Maps Reference']}
2020-02-19 23:30:55 [scrapy.core.engine] DEBUG: Crawled (200) <GET https://www.w3schools.com/browsers/default.asp> (referer: https://www.w3schools.com/tags/tag_hn.asp)
2020-02-19 23:30:55 [scrapy.core.engine] DEBUG: Crawled (200) <GET https://www.w3schools.com/w3css/w3css_templates.asp> (referer: https://www.w3schools.com/tags/tag_hn.asp)
2020-02-19 23:30:55 [scrapy.core.engine] DEBUG: Crawled (200) <GET https://www.w3schools.com/nodejs/nodejs_raspberrypi.asp> (referer: https://www.w3schools.com/tags/tag_hn.asp)
2020-02-19 23:30:55 [scrapy.core.engine] DEBUG: Crawled (200) <GET https://www.w3schools.com/tags/default.asp> (referer: https://www.w3schools.com/tags/tag_hn.asp)
2020-02-19 23:30:55 [scrapy.core.scraper] DEBUG: Scraped from <200 https://www.w3schools.com/charsets/default.asp>
{'response': ['HTML Character Sets']}
2020-02-19 23:30:55 [scrapy.core.scraper] DEBUG: Scraped from <200 https://www.w3schools.com/graphics/svg_reference.asp>
{'response': ['SVG ']}
2020-02-19 23:30:55 [scrapy.core.scraper] DEBUG: Scraped from <200 https://www.w3schools.com/tags/ref_canvas.asp>
{'response': ['HTML ', ' Reference']}
2020-02-19 23:30:55 [scrapy.core.scraper] DEBUG: Scraped from <200 https://www.w3schools.com/tags/ref_attributes.asp>
{'response': ['HTML ', ' Reference']}
2020-02-19 23:30:55 [scrapy.core.engine] DEBUG: Crawled (200) <GET https://www.w3schools.com/xml/dom_intro.asp> (referer: https://www.w3schools.com/tags/tag_hn.asp)
2020-02-19 23:30:55 [scrapy.core.engine] DEBUG: Crawled (200) <GET https://www.w3schools.com/xml/ajax_intro.asp> (referer: https://www.w3schools.com/tags/tag_hn.asp)
2020-02-19 23:30:55 [scrapy.core.engine] DEBUG: Crawled (200) <GET https://www.w3schools.com/xml/default.asp> (referer: https://www.w3schools.com/tags/tag_hn.asp)
2020-02-19 23:30:55 [scrapy.core.engine] DEBUG: Crawled (200) <GET https://www.w3schools.com/cert/default.asp> (referer: https://www.w3schools.com/tags/tag_hn.asp)
2020-02-19 23:30:55 [scrapy.core.scraper] DEBUG: Scraped from <200 https://www.w3schools.com/tags/ref_eventattributes.asp>
{'response': ['HTML ']}
2020-02-19 23:30:55 [scrapy.core.scraper] DEBUG: Scraped from <200 https://www.w3schools.com/typingspeed/default.asp>
{'response': ['TEST YOUR TYPING SPEED']}
2020-02-19 23:30:55 [scrapy.core.scraper] DEBUG: Scraped from <200 https://www.w3schools.com/whatis/default.asp>
{'response': ['Web Development Roadmaps', 'Front-End Roadmap', 'STEP 1', 'Learn the Basics', 'STEP 2', 'Dig Deeper', 'STEP 3', 'Choose Frameworks', 'Back-End Roadmaps', 'STEP 4', 'Back-End Roadmaps']}
2020-02-19 23:30:55 [scrapy.core.scraper] DEBUG: Scraped from <200 https://www.w3schools.com/tryit/default.asp>
{'response': ['W3Schools Online Code Editor', 'This is a Heading', 'Web Editor Explained', 'Learn to Code']}
2020-02-19 23:30:55 [scrapy.core.engine] DEBUG: Crawled (200) <GET https://www.w3schools.com/graphics/canvas_intro.asp> (referer: https://www.w3schools.com/tags/tag_hn.asp)
2020-02-19 23:30:55 [scrapy.core.engine] DEBUG: Crawled (200) <GET https://www.w3schools.com/graphics/svg_intro.asp> (referer: https://www.w3schools.com/tags/tag_hn.asp)
2020-02-19 23:30:55 [scrapy.core.engine] DEBUG: Crawled (200) <GET https://www.w3schools.com/graphics/default.asp> (referer: https://www.w3schools.com/tags/tag_hn.asp)
2020-02-19 23:30:55 [scrapy.core.scraper] DEBUG: Scraped from <200 https://www.w3schools.com/browsers/default.asp>
{'response': ['Browser ']}
2020-02-19 23:30:55 [scrapy.core.scraper] DEBUG: Scraped from <200 https://www.w3schools.com/w3css/w3css_templates.asp>
{'response': ['W3.CSS ']}
2020-02-19 23:30:55 [scrapy.core.scraper] DEBUG: Scraped from <200 https://www.w3schools.com/nodejs/nodejs_raspberrypi.asp>
{'response': ['Node.js and ']}
2020-02-19 23:30:55 [scrapy.core.engine] DEBUG: Crawled (200) <GET https://www.w3schools.com/java/default.asp> (referer: https://www.w3schools.com/tags/tag_hn.asp)
2020-02-19 23:30:55 [scrapy.core.engine] DEBUG: Crawled (200) <GET https://www.w3schools.com/icons/default.asp> (referer: https://www.w3schools.com/tags/tag_hn.asp)
2020-02-19 23:30:55 [scrapy.core.engine] DEBUG: Crawled (200) <GET https://www.w3schools.com/colors/default.asp> (referer: https://www.w3schools.com/tags/tag_hn.asp)
2020-02-19 23:30:55 [scrapy.core.scraper] DEBUG: Scraped from <200 https://www.w3schools.com/tags/default.asp>
{'response': ['HTML ']}
2020-02-19 23:30:55 [scrapy.core.scraper] DEBUG: Scraped from <200 https://www.w3schools.com/xml/dom_intro.asp>
{'response': ['XML DOM ']}
2020-02-19 23:30:55 [scrapy.core.scraper] DEBUG: Scraped from <200 https://www.w3schools.com/xml/ajax_intro.asp>
{'response': ['AJAX ']}
2020-02-19 23:30:55 [scrapy.core.engine] DEBUG: Crawled (200) <GET https://www.w3schools.com/jquery/default.asp> (referer: https://www.w3schools.com/tags/tag_hn.asp)
2020-02-19 23:30:55 [scrapy.core.engine] DEBUG: Crawled (200) <GET https://www.w3schools.com/w3css/default.asp> (referer: https://www.w3schools.com/tags/tag_hn.asp)
2020-02-19 23:30:55 [scrapy.core.engine] DEBUG: Crawled (200) <GET https://www.w3schools.com/howto/default.asp> (referer: https://www.w3schools.com/tags/tag_hn.asp)
2020-02-19 23:30:55 [scrapy.core.engine] DEBUG: Crawled (200) <GET https://www.w3schools.com/sass/default.asp> (referer: https://www.w3schools.com/tags/tag_hn.asp)
2020-02-19 23:30:55 [scrapy.core.scraper] DEBUG: Scraped from <200 https://www.w3schools.com/xml/default.asp>
{'response': ['XML ']}
2020-02-19 23:30:55 [scrapy.core.scraper] DEBUG: Scraped from <200 https://www.w3schools.com/cert/default.asp>
{'response': ["W3Schools' Online "]}
2020-02-19 23:30:55 [scrapy.core.scraper] DEBUG: Scraped from <200 https://www.w3schools.com/graphics/canvas_intro.asp>
{'response': ['HTML Canvas ']}
2020-02-19 23:30:55 [scrapy.core.engine] DEBUG: Crawled (200) <GET https://www.w3schools.com/bootstrap/bootstrap_ver.asp> (referer: https://www.w3schools.com/tags/tag_hn.asp)
2020-02-19 23:30:55 [scrapy.core.engine] DEBUG: Crawled (200) <GET https://www.w3schools.com/php/default.asp> (referer: https://www.w3schools.com/tags/tag_hn.asp)
2020-02-19 23:30:55 [scrapy.core.engine] DEBUG: Crawled (200) <GET https://www.w3schools.com/python/default.asp> (referer: https://www.w3schools.com/tags/tag_hn.asp)
2020-02-19 23:30:55 [scrapy.downloadermiddlewares.redirect] DEBUG: Redirecting (302) to <GET http://w3schools.invisionzone.com> from <GET https://www.w3schools.com/forum/default.asp>
2020-02-19 23:30:55 [scrapy.core.scraper] DEBUG: Scraped from <200 https://www.w3schools.com/graphics/svg_intro.asp>
{'response': ['SVG ']}
2020-02-19 23:30:55 [scrapy.core.scraper] DEBUG: Scraped from <200 https://www.w3schools.com/graphics/default.asp>
{'response': ['HTML Graphics']}
2020-02-19 23:30:55 [scrapy.core.scraper] DEBUG: Scraped from <200 https://www.w3schools.com/java/default.asp>
{'response': ['Java ']}
2020-02-19 23:30:55 [scrapy.core.engine] DEBUG: Crawled (200) <GET https://www.w3schools.com/sql/default.asp> (referer: https://www.w3schools.com/tags/tag_hn.asp)
2020-02-19 23:30:55 [scrapy.core.engine] DEBUG: Crawled (200) <GET https://www.w3schools.com/js/default.asp> (referer: https://www.w3schools.com/tags/tag_hn.asp)
2020-02-19 23:30:55 [scrapy.core.engine] DEBUG: Crawled (200) <GET https://www.w3schools.com/css/default.asp> (referer: https://www.w3schools.com/tags/tag_hn.asp)
2020-02-19 23:30:55 [scrapy.core.engine] DEBUG: Crawled (200) <GET https://www.w3schools.com/html/default.asp> (referer: https://www.w3schools.com/tags/tag_hn.asp)
2020-02-19 23:30:55 [scrapy.core.scraper] DEBUG: Scraped from <200 https://www.w3schools.com/icons/default.asp>
{'response': ['Icons Tutorial']}
2020-02-19 23:30:55 [scrapy.core.scraper] DEBUG: Scraped from <200 https://www.w3schools.com/colors/default.asp>
{'response': []}
2020-02-19 23:30:55 [scrapy.core.scraper] DEBUG: Scraped from <200 https://www.w3schools.com/jquery/default.asp>
{'response': ['jQuery ']}
2020-02-19 23:30:55 [scrapy.core.scraper] DEBUG: Scraped from <200 https://www.w3schools.com/w3css/default.asp>
{'response': ['W3.CSS ']}
2020-02-19 23:30:55 [scrapy.core.scraper] DEBUG: Scraped from <200 https://www.w3schools.com/howto/default.asp>
{'response': ['W3Schools ']}
2020-02-19 23:30:55 [scrapy.core.scraper] DEBUG: Scraped from <200 https://www.w3schools.com/sass/default.asp>
{'response': ['Sass ']}
2020-02-19 23:30:55 [scrapy.core.engine] DEBUG: Crawled (200) <GET https://www.w3schools.com/default.asp> (referer: https://www.w3schools.com/tags/tag_hn.asp)
2020-02-19 23:30:55 [scrapy.core.engine] DEBUG: Crawled (200) <GET http://w3schools.invisionzone.com/robots.txt> (referer: None)
2020-02-19 23:30:55 [scrapy.core.scraper] DEBUG: Scraped from <200 https://www.w3schools.com/bootstrap/bootstrap_ver.asp>
{'response': ['Learn Bootstrap 3 ', 'Learn Bootstrap 4 ']}
2020-02-19 23:30:55 [scrapy.core.engine] DEBUG: Crawled (200) <GET http://w3schools.invisionzone.com> (referer: None)
2020-02-19 23:30:55 [scrapy.core.scraper] DEBUG: Scraped from <200 https://www.w3schools.com/php/default.asp>
{'response': ['PHP ']}
2020-02-19 23:30:55 [scrapy.core.scraper] DEBUG: Scraped from <200 https://www.w3schools.com/python/default.asp>
{'response': ['Python ']}
2020-02-19 23:30:55 [scrapy.core.scraper] DEBUG: Scraped from <200 https://www.w3schools.com/sql/default.asp>
{'response': ['SQL ']}
2020-02-19 23:30:55 [scrapy.core.scraper] DEBUG: Scraped from <200 https://www.w3schools.com/js/default.asp>
{'response': ['JavaScript ']}
2020-02-19 23:30:55 [scrapy.core.scraper] DEBUG: Scraped from <200 https://www.w3schools.com/css/default.asp>
{'response': ['CSS ']}
2020-02-19 23:30:55 [scrapy.core.scraper] DEBUG: Scraped from <200 https://www.w3schools.com/html/default.asp>
{'response': ['HTML']}
2020-02-19 23:30:55 [scrapy.core.scraper] DEBUG: Scraped from <200 https://www.w3schools.com/default.asp>
{'response': ['HTML', 'CSS', 'CSS', 'JavaScript', 'SQL', 'SQL']}
2020-02-19 23:30:55 [scrapy.core.scraper] DEBUG: Scraped from <200 http://w3schools.invisionzone.com>
{'response': ['\n\t\tForums\n\t']}
2020-02-19 23:30:55 [scrapy.core.engine] INFO: Closing spider (finished)
2020-02-19 23:30:55 [scrapy.core.engine] ERROR: Scraper close failure
Traceback (most recent call last):
  File "/home/ubuntu/Repos/thetacore/backend/venv/lib/python3.6/site-packages/twisted/internet/defer.py", line 654, in _runCallbacks
    current.result = callback(current.result, *args, **kw)
  File "/home/ubuntu/Repos/thetacore/backend/challenge/scrapy_crawler/scrapy_crawler/pipelines.py", line 31, in close_spider
    check_existing = ContentHeader.objects.get(content_id=self.content_object.id)
  File "/home/ubuntu/Repos/thetacore/backend/venv/lib/python3.6/site-packages/django/db/models/manager.py", line 82, in manager_method
    return getattr(self.get_queryset(), name)(*args, **kwargs)
  File "/home/ubuntu/Repos/thetacore/backend/venv/lib/python3.6/site-packages/django/db/models/query.py", line 422, in get
    num if not limit or num < limit else 'more than %s' % (limit - 1),
content.models.ContentHeader.MultipleObjectsReturned: get() returned more than one ContentHeader -- it returned more than 20!
2020-02-19 23:30:55 [scrapy.statscollectors] INFO: Dumping Scrapy stats:
{'downloader/request_bytes': 96891,
 'downloader/request_count': 291,
 'downloader/request_method_count/GET': 291,
 'downloader/response_bytes': 5626735,
 'downloader/response_count': 291,
 'downloader/response_status_count/200': 288,
 'downloader/response_status_count/301': 2,
 'downloader/response_status_count/302': 1,
 'dupefilter/filtered': 1,
 'elapsed_time_seconds': 7.314763,
 'finish_reason': 'finished',
 'finish_time': datetime.datetime(2020, 2, 19, 23, 30, 55, 947972),
 'item_scraped_count': 285,
 'log_count/DEBUG': 577,
 'log_count/ERROR': 1,
 'log_count/INFO': 10,
 'memusage/max': 70168576,
 'memusage/startup': 70168576,
 'request_depth_max': 1,
 'response_received_count': 288,
 'robotstxt/request_count': 2,
 'robotstxt/response_count': 2,
 'robotstxt/response_status_count/200': 2,
 'scheduler/dequeued': 289,
 'scheduler/dequeued/memory': 289,
 'scheduler/enqueued': 289,
 'scheduler/enqueued/memory': 289,
 'start_time': datetime.datetime(2020, 2, 19, 23, 30, 48, 633209)}
2020-02-19 23:30:55 [scrapy.core.engine] INFO: Spider closed (finished)
